2025-12-26T09:48:12.404519Z  INFO tailwindcss_oxide::scanner: Provided sources:
2025-12-26T09:48:12.404654Z  INFO tailwindcss_oxide::scanner: Source: PublicSourceEntry { base: "E:\\Hemant\\smartmeet", pattern: "**/*", negated: false }
2025-12-26T09:48:12.404867Z  INFO tailwindcss_oxide::scanner: Optimized sources:
2025-12-26T09:48:12.404894Z  INFO tailwindcss_oxide::scanner: Source: Auto { base: "E:\\Hemant\\smartmeet" }
2025-12-26T09:48:12.407243Z  INFO scan_sources: tailwindcss_oxide::scanner: enter
2025-12-26T09:48:12.408920Z  INFO scan_sources: tailwindcss_oxide::scanner: Discovering "E:\\Hemant\\smartmeet\\eslint.config.mjs"
2025-12-26T09:48:12.409022Z  INFO scan_sources: tailwindcss_oxide::scanner: Discovering "E:\\Hemant\\smartmeet\\middleware.ts"
2025-12-26T09:48:12.409457Z  INFO scan_sources: tailwindcss_oxide::scanner: Discovering "E:\\Hemant\\smartmeet\\next.config.js"
2025-12-26T09:48:12.409522Z  INFO scan_sources: tailwindcss_oxide::scanner: Discovering "E:\\Hemant\\smartmeet\\next.config.ts"
2025-12-26T09:48:12.409789Z  INFO scan_sources: tailwindcss_oxide::scanner: Discovering "E:\\Hemant\\smartmeet\\package.json"
2025-12-26T09:48:12.409856Z  INFO scan_sources: tailwindcss_oxide::scanner: Discovering "E:\\Hemant\\smartmeet\\postcss.config.mjs"
2025-12-26T09:48:12.409957Z  INFO scan_sources: tailwindcss_oxide::scanner: Discovering "E:\\Hemant\\smartmeet\\prisma"
2025-12-26T09:48:12.410089Z  INFO scan_sources: tailwindcss_oxide::scanner: Discovering "E:\\Hemant\\smartmeet\\prisma\\dev.db-journal"
2025-12-26T09:48:12.410196Z  INFO scan_sources: tailwindcss_oxide::scanner: Discovering "E:\\Hemant\\smartmeet\\prisma\\migrations"
2025-12-26T09:48:12.410354Z  INFO scan_sources: tailwindcss_oxide::scanner: Discovering "E:\\Hemant\\smartmeet\\prisma\\migrations\\20251223094941_init"
2025-12-26T09:48:12.410486Z  INFO scan_sources: tailwindcss_oxide::scanner: Discovering "E:\\Hemant\\smartmeet\\prisma\\migrations\\20251223094941_init\\migration.sql"
2025-12-26T09:48:12.410603Z  INFO scan_sources: tailwindcss_oxide::scanner: Discovering "E:\\Hemant\\smartmeet\\prisma\\migrations\\20251226094245_add_verification_token"
2025-12-26T09:48:12.410741Z  INFO scan_sources: tailwindcss_oxide::scanner: Discovering "E:\\Hemant\\smartmeet\\prisma\\migrations\\20251226094245_add_verification_token\\migration.sql"
2025-12-26T09:48:12.410856Z  INFO scan_sources: tailwindcss_oxide::scanner: Discovering "E:\\Hemant\\smartmeet\\prisma\\migrations\\20251226094348_add_user_roles"
2025-12-26T09:48:12.410978Z  INFO scan_sources: tailwindcss_oxide::scanner: Discovering "E:\\Hemant\\smartmeet\\prisma\\migrations\\20251226094348_add_user_roles\\migration.sql"
2025-12-26T09:48:12.411057Z  INFO scan_sources: tailwindcss_oxide::scanner: Discovering "E:\\Hemant\\smartmeet\\prisma\\migrations\\migration_lock.toml"
2025-12-26T09:48:12.411147Z  INFO scan_sources: tailwindcss_oxide::scanner: Discovering "E:\\Hemant\\smartmeet\\prisma\\schema.prisma"
2025-12-26T09:48:12.411261Z  INFO scan_sources: tailwindcss_oxide::scanner: Discovering "E:\\Hemant\\smartmeet\\public"
2025-12-26T09:48:12.411403Z  INFO scan_sources: tailwindcss_oxide::scanner: Discovering "E:\\Hemant\\smartmeet\\README.md"
2025-12-26T09:48:12.411499Z  INFO scan_sources: tailwindcss_oxide::scanner: Discovering "E:\\Hemant\\smartmeet\\src"
2025-12-26T09:48:12.411658Z  INFO scan_sources: tailwindcss_oxide::scanner: Discovering "E:\\Hemant\\smartmeet\\src\\actions"
2025-12-26T09:48:12.411778Z  INFO scan_sources: tailwindcss_oxide::scanner: Discovering "E:\\Hemant\\smartmeet\\src\\actions\\auth.ts"
2025-12-26T09:48:12.411842Z  INFO scan_sources: tailwindcss_oxide::scanner: Discovering "E:\\Hemant\\smartmeet\\src\\actions\\meeting.ts"
2025-12-26T09:48:12.411953Z  INFO scan_sources: tailwindcss_oxide::scanner: Discovering "E:\\Hemant\\smartmeet\\src\\app"
2025-12-26T09:48:12.412110Z  INFO scan_sources: tailwindcss_oxide::scanner: Discovering "E:\\Hemant\\smartmeet\\src\\app\\api"
2025-12-26T09:48:12.412265Z  INFO scan_sources: tailwindcss_oxide::scanner: Discovering "E:\\Hemant\\smartmeet\\src\\app\\api\\auth"
2025-12-26T09:48:12.412458Z  INFO scan_sources: tailwindcss_oxide::scanner: Discovering "E:\\Hemant\\smartmeet\\src\\app\\api\\auth\\verify-email"
2025-12-26T09:48:12.412590Z  INFO scan_sources: tailwindcss_oxide::scanner: Discovering "E:\\Hemant\\smartmeet\\src\\app\\api\\auth\\verify-email\\route.ts"
2025-12-26T09:48:12.412721Z  INFO scan_sources: tailwindcss_oxide::scanner: Discovering "E:\\Hemant\\smartmeet\\src\\app\\api\\auth\\[...nextauth]"
2025-12-26T09:48:12.412846Z  INFO scan_sources: tailwindcss_oxide::scanner: Discovering "E:\\Hemant\\smartmeet\\src\\app\\api\\auth\\[...nextauth]\\route.ts"
2025-12-26T09:48:12.412988Z  INFO scan_sources: tailwindcss_oxide::scanner: Discovering "E:\\Hemant\\smartmeet\\src\\app\\dashboard"
2025-12-26T09:48:12.413121Z  INFO scan_sources: tailwindcss_oxide::scanner: Discovering "E:\\Hemant\\smartmeet\\src\\app\\dashboard\\error.tsx"
2025-12-26T09:48:12.413220Z  INFO scan_sources: tailwindcss_oxide::scanner: Discovering "E:\\Hemant\\smartmeet\\src\\app\\dashboard\\help"
2025-12-26T09:48:12.413340Z  INFO scan_sources: tailwindcss_oxide::scanner: Discovering "E:\\Hemant\\smartmeet\\src\\app\\dashboard\\help\\page.tsx"
2025-12-26T09:48:12.413453Z  INFO scan_sources: tailwindcss_oxide::scanner: Discovering "E:\\Hemant\\smartmeet\\src\\app\\dashboard\\integrations"
2025-12-26T09:48:12.413573Z  INFO scan_sources: tailwindcss_oxide::scanner: Discovering "E:\\Hemant\\smartmeet\\src\\app\\dashboard\\integrations\\page.tsx"
2025-12-26T09:48:12.413651Z  INFO scan_sources: tailwindcss_oxide::scanner: Discovering "E:\\Hemant\\smartmeet\\src\\app\\dashboard\\layout.tsx"
2025-12-26T09:48:12.413712Z  INFO scan_sources: tailwindcss_oxide::scanner: Discovering "E:\\Hemant\\smartmeet\\src\\app\\dashboard\\page.tsx"
2025-12-26T09:48:12.413807Z  INFO scan_sources: tailwindcss_oxide::scanner: Discovering "E:\\Hemant\\smartmeet\\src\\app\\dashboard\\recordings"
2025-12-26T09:48:12.413926Z  INFO scan_sources: tailwindcss_oxide::scanner: Discovering "E:\\Hemant\\smartmeet\\src\\app\\dashboard\\recordings\\page.tsx"
2025-12-26T09:48:12.414021Z  INFO scan_sources: tailwindcss_oxide::scanner: Discovering "E:\\Hemant\\smartmeet\\src\\app\\dashboard\\recordings\\[id]"
2025-12-26T09:48:12.414141Z  INFO scan_sources: tailwindcss_oxide::scanner: Discovering "E:\\Hemant\\smartmeet\\src\\app\\dashboard\\recordings\\[id]\\page.tsx"
2025-12-26T09:48:12.414269Z  INFO scan_sources: tailwindcss_oxide::scanner: Discovering "E:\\Hemant\\smartmeet\\src\\app\\dashboard\\settings"
2025-12-26T09:48:12.414393Z  INFO scan_sources: tailwindcss_oxide::scanner: Discovering "E:\\Hemant\\smartmeet\\src\\app\\dashboard\\settings\\page.tsx"
2025-12-26T09:48:12.414507Z  INFO scan_sources: tailwindcss_oxide::scanner: Discovering "E:\\Hemant\\smartmeet\\src\\app\\dashboard\\team"
2025-12-26T09:48:12.414628Z  INFO scan_sources: tailwindcss_oxide::scanner: Discovering "E:\\Hemant\\smartmeet\\src\\app\\dashboard\\team\\page.tsx"
2025-12-26T09:48:12.414727Z  INFO scan_sources: tailwindcss_oxide::scanner: Discovering "E:\\Hemant\\smartmeet\\src\\app\\globals.css"
2025-12-26T09:48:12.414787Z  INFO scan_sources: tailwindcss_oxide::scanner: Discovering "E:\\Hemant\\smartmeet\\src\\app\\layout.tsx"
2025-12-26T09:48:12.414882Z  INFO scan_sources: tailwindcss_oxide::scanner: Discovering "E:\\Hemant\\smartmeet\\src\\app\\login"
2025-12-26T09:48:12.415007Z  INFO scan_sources: tailwindcss_oxide::scanner: Discovering "E:\\Hemant\\smartmeet\\src\\app\\login\\page.tsx"
2025-12-26T09:48:12.415085Z  INFO scan_sources: tailwindcss_oxide::scanner: Discovering "E:\\Hemant\\smartmeet\\src\\app\\page.tsx"
2025-12-26T09:48:12.415206Z  INFO scan_sources: tailwindcss_oxide::scanner: Discovering "E:\\Hemant\\smartmeet\\src\\components"
2025-12-26T09:48:12.415332Z  INFO scan_sources: tailwindcss_oxide::scanner: Discovering "E:\\Hemant\\smartmeet\\src\\components\\Button.tsx"
2025-12-26T09:48:12.415395Z  INFO scan_sources: tailwindcss_oxide::scanner: Discovering "E:\\Hemant\\smartmeet\\src\\components\\CTA.tsx"
2025-12-26T09:48:12.415494Z  INFO scan_sources: tailwindcss_oxide::scanner: Discovering "E:\\Hemant\\smartmeet\\src\\components\\dashboard"
2025-12-26T09:48:12.415653Z  INFO scan_sources: tailwindcss_oxide::scanner: Discovering "E:\\Hemant\\smartmeet\\src\\components\\dashboard\\Sidebar.tsx"
2025-12-26T09:48:12.415736Z  INFO scan_sources: tailwindcss_oxide::scanner: Discovering "E:\\Hemant\\smartmeet\\src\\components\\FeatureCard.tsx"
2025-12-26T09:48:12.415800Z  INFO scan_sources: tailwindcss_oxide::scanner: Discovering "E:\\Hemant\\smartmeet\\src\\components\\Features.tsx"
2025-12-26T09:48:12.415862Z  INFO scan_sources: tailwindcss_oxide::scanner: Discovering "E:\\Hemant\\smartmeet\\src\\components\\Footer.tsx"
2025-12-26T09:48:12.415923Z  INFO scan_sources: tailwindcss_oxide::scanner: Discovering "E:\\Hemant\\smartmeet\\src\\components\\Hero.tsx"
2025-12-26T09:48:12.415985Z  INFO scan_sources: tailwindcss_oxide::scanner: Discovering "E:\\Hemant\\smartmeet\\src\\components\\HowItWorks.tsx"
2025-12-26T09:48:12.416046Z  INFO scan_sources: tailwindcss_oxide::scanner: Discovering "E:\\Hemant\\smartmeet\\src\\components\\ModeToggle.tsx"
2025-12-26T09:48:12.416107Z  INFO scan_sources: tailwindcss_oxide::scanner: Discovering "E:\\Hemant\\smartmeet\\src\\components\\Navbar.tsx"
2025-12-26T09:48:12.416168Z  INFO scan_sources: tailwindcss_oxide::scanner: Discovering "E:\\Hemant\\smartmeet\\src\\components\\Pricing.tsx"
2025-12-26T09:48:12.416229Z  INFO scan_sources: tailwindcss_oxide::scanner: Discovering "E:\\Hemant\\smartmeet\\src\\components\\ThemeProvider.tsx"
2025-12-26T09:48:12.416345Z  INFO scan_sources: tailwindcss_oxide::scanner: Discovering "E:\\Hemant\\smartmeet\\src\\config"
2025-12-26T09:48:12.416468Z  INFO scan_sources: tailwindcss_oxide::scanner: Discovering "E:\\Hemant\\smartmeet\\src\\config\\extension.ts"
2025-12-26T09:48:12.416530Z  INFO scan_sources: tailwindcss_oxide::scanner: Discovering "E:\\Hemant\\smartmeet\\src\\config\\marketing.ts"
2025-12-26T09:48:12.416641Z  INFO scan_sources: tailwindcss_oxide::scanner: Discovering "E:\\Hemant\\smartmeet\\src\\context"
2025-12-26T09:48:12.416764Z  INFO scan_sources: tailwindcss_oxide::scanner: Discovering "E:\\Hemant\\smartmeet\\src\\context\\AuthContext.tsx"
2025-12-26T09:48:12.416875Z  INFO scan_sources: tailwindcss_oxide::scanner: Discovering "E:\\Hemant\\smartmeet\\src\\data"
2025-12-26T09:48:12.417038Z  INFO scan_sources: tailwindcss_oxide::scanner: Discovering "E:\\Hemant\\smartmeet\\src\\hooks"
2025-12-26T09:48:12.417168Z  INFO scan_sources: tailwindcss_oxide::scanner: Discovering "E:\\Hemant\\smartmeet\\src\\hooks\\useExtensionDetection.ts"
2025-12-26T09:48:12.417283Z  INFO scan_sources: tailwindcss_oxide::scanner: Discovering "E:\\Hemant\\smartmeet\\src\\lib"
2025-12-26T09:48:12.417401Z  INFO scan_sources: tailwindcss_oxide::scanner: Discovering "E:\\Hemant\\smartmeet\\src\\lib\\crypto.ts"
2025-12-26T09:48:12.417462Z  INFO scan_sources: tailwindcss_oxide::scanner: Discovering "E:\\Hemant\\smartmeet\\src\\lib\\env.ts"
2025-12-26T09:48:12.417521Z  INFO scan_sources: tailwindcss_oxide::scanner: Discovering "E:\\Hemant\\smartmeet\\src\\lib\\mail.ts"
2025-12-26T09:48:12.417582Z  INFO scan_sources: tailwindcss_oxide::scanner: Discovering "E:\\Hemant\\smartmeet\\src\\lib\\prisma.ts"
2025-12-26T09:48:12.417692Z  INFO scan_sources: tailwindcss_oxide::scanner: Discovering "E:\\Hemant\\smartmeet\\src\\services"
2025-12-26T09:48:12.417811Z  INFO scan_sources: tailwindcss_oxide::scanner: Discovering "E:\\Hemant\\smartmeet\\src\\services\\api.ts"
2025-12-26T09:48:12.417921Z  INFO scan_sources: tailwindcss_oxide::scanner: Discovering "E:\\Hemant\\smartmeet\\src\\types"
2025-12-26T09:48:12.418044Z  INFO scan_sources: tailwindcss_oxide::scanner: Discovering "E:\\Hemant\\smartmeet\\src\\types\\next-auth.d.ts"
2025-12-26T09:48:12.418154Z  INFO scan_sources: tailwindcss_oxide::scanner: Discovering "E:\\Hemant\\smartmeet\\src\\utils"
2025-12-26T09:48:12.418271Z  INFO scan_sources: tailwindcss_oxide::scanner: Discovering "E:\\Hemant\\smartmeet\\src\\utils\\text.ts"
2025-12-26T09:48:12.418362Z  INFO scan_sources: tailwindcss_oxide::scanner: Discovering "E:\\Hemant\\smartmeet\\tailwind.config.ts"
2025-12-26T09:48:12.418450Z  INFO scan_sources: tailwindcss_oxide::scanner: Discovering "E:\\Hemant\\smartmeet\\tsconfig.json"
2025-12-26T09:48:12.418648Z  INFO scan_sources: tailwindcss_oxide::scanner: exit
2025-12-26T09:48:12.418661Z  INFO extract_candidates: tailwindcss_oxide::scanner: enter
2025-12-26T09:48:12.418670Z  INFO extract_candidates:read_all_files: tailwindcss_oxide::scanner: enter
2025-12-26T09:48:12.418674Z  INFO extract_candidates:read_all_files: tailwindcss_oxide::scanner: Reading 54 file(s)
2025-12-26T09:48:12.419045Z  INFO tailwindcss_oxide::scanner: Reading "E:\\Hemant\\smartmeet\\eslint.config.mjs"
2025-12-26T09:48:12.419377Z  INFO tailwindcss_oxide::scanner: Reading "E:\\Hemant\\smartmeet\\src\\app\\login\\page.tsx"
2025-12-26T09:48:12.419475Z  INFO tailwindcss_oxide::scanner: Reading "E:\\Hemant\\smartmeet\\src\\components\\ThemeProvider.tsx"
2025-12-26T09:48:12.419504Z  INFO tailwindcss_oxide::scanner: Reading "E:\\Hemant\\smartmeet\\src\\app\\page.tsx"
2025-12-26T09:48:12.419580Z  INFO tailwindcss_oxide::scanner: Reading "E:\\Hemant\\smartmeet\\src\\components\\Button.tsx"
2025-12-26T09:48:12.419602Z  INFO tailwindcss_oxide::scanner: Reading "E:\\Hemant\\smartmeet\\src\\config\\extension.ts"
2025-12-26T09:48:12.419652Z  INFO tailwindcss_oxide::scanner: Reading "E:\\Hemant\\smartmeet\\src\\components\\CTA.tsx"
2025-12-26T09:48:12.419685Z  INFO tailwindcss_oxide::scanner: Reading "E:\\Hemant\\smartmeet\\src\\config\\marketing.ts"
2025-12-26T09:48:12.419723Z  INFO tailwindcss_oxide::scanner: Reading "E:\\Hemant\\smartmeet\\src\\components\\dashboard\\Sidebar.tsx"
2025-12-26T09:48:12.419761Z  INFO tailwindcss_oxide::scanner: Reading "E:\\Hemant\\smartmeet\\src\\context\\AuthContext.tsx"
2025-12-26T09:48:12.419797Z  INFO tailwindcss_oxide::scanner: Reading "E:\\Hemant\\smartmeet\\src\\components\\FeatureCard.tsx"
2025-12-26T09:48:12.419830Z  INFO tailwindcss_oxide::scanner: Reading "E:\\Hemant\\smartmeet\\src\\hooks\\useExtensionDetection.ts"
2025-12-26T09:48:12.419890Z  INFO tailwindcss_oxide::scanner: Reading "E:\\Hemant\\smartmeet\\src\\components\\Features.tsx"
2025-12-26T09:48:12.419918Z  INFO tailwindcss_oxide::scanner: Reading "E:\\Hemant\\smartmeet\\src\\lib\\crypto.ts"
2025-12-26T09:48:12.420046Z  INFO tailwindcss_oxide::scanner: Reading "E:\\Hemant\\smartmeet\\src\\components\\Footer.tsx"
2025-12-26T09:48:12.420237Z  INFO tailwindcss_oxide::scanner: Reading "E:\\Hemant\\smartmeet\\src\\lib\\env.ts"
2025-12-26T09:48:12.420260Z  INFO tailwindcss_oxide::scanner: Reading "E:\\Hemant\\smartmeet\\src\\components\\Hero.tsx"
2025-12-26T09:48:12.420360Z  INFO tailwindcss_oxide::scanner: Reading "E:\\Hemant\\smartmeet\\src\\components\\HowItWorks.tsx"
2025-12-26T09:48:12.420375Z  INFO tailwindcss_oxide::scanner: Reading "E:\\Hemant\\smartmeet\\src\\lib\\mail.ts"
2025-12-26T09:48:12.420425Z  INFO tailwindcss_oxide::scanner: Reading "E:\\Hemant\\smartmeet\\src\\components\\ModeToggle.tsx"
2025-12-26T09:48:12.420474Z  INFO tailwindcss_oxide::scanner: Reading "E:\\Hemant\\smartmeet\\src\\lib\\prisma.ts"
2025-12-26T09:48:12.420487Z  INFO tailwindcss_oxide::scanner: Reading "E:\\Hemant\\smartmeet\\src\\components\\Navbar.tsx"
2025-12-26T09:48:12.420513Z  INFO tailwindcss_oxide::scanner: Reading "E:\\Hemant\\smartmeet\\src\\actions\\auth.ts"
2025-12-26T09:48:12.420557Z  INFO tailwindcss_oxide::scanner: Reading "E:\\Hemant\\smartmeet\\src\\services\\api.ts"
2025-12-26T09:48:12.420560Z  INFO tailwindcss_oxide::scanner: Reading "E:\\Hemant\\smartmeet\\src\\components\\Pricing.tsx"
2025-12-26T09:48:12.420607Z  INFO tailwindcss_oxide::scanner: Reading "E:\\Hemant\\smartmeet\\src\\actions\\meeting.ts"
2025-12-26T09:48:12.420615Z  INFO tailwindcss_oxide::scanner: Reading "E:\\Hemant\\smartmeet\\middleware.ts"
2025-12-26T09:48:12.420613Z  INFO tailwindcss_oxide::scanner: Reading "E:\\Hemant\\smartmeet\\src\\types\\next-auth.d.ts"
2025-12-26T09:48:12.420630Z  INFO tailwindcss_oxide::scanner: Reading "E:\\Hemant\\smartmeet\\tsconfig.json"
2025-12-26T09:48:12.420697Z  INFO tailwindcss_oxide::scanner: Reading "E:\\Hemant\\smartmeet\\src\\app\\api\\auth\\verify-email\\route.ts"
2025-12-26T09:48:12.420638Z  INFO tailwindcss_oxide::scanner: Reading "E:\\Hemant\\smartmeet\\tailwind.config.ts"
2025-12-26T09:48:12.420681Z  INFO tailwindcss_oxide::scanner: Reading "E:\\Hemant\\smartmeet\\next.config.js"
2025-12-26T09:48:12.420762Z  INFO tailwindcss_oxide::scanner: Reading "E:\\Hemant\\smartmeet\\src\\app\\api\\auth\\[...nextauth]\\route.ts"
2025-12-26T09:48:12.420789Z  INFO tailwindcss_oxide::scanner: Reading "E:\\Hemant\\smartmeet\\prisma\\dev.db-journal"
2025-12-26T09:48:12.420789Z  INFO tailwindcss_oxide::scanner: Reading "E:\\Hemant\\smartmeet\\prisma\\migrations\\20251226094348_add_user_roles\\migration.sql"
2025-12-26T09:48:12.420793Z  INFO tailwindcss_oxide::scanner: Reading "E:\\Hemant\\smartmeet\\next.config.ts"
2025-12-26T09:48:12.420813Z  INFO tailwindcss_oxide::scanner: Reading "E:\\Hemant\\smartmeet\\prisma\\schema.prisma"
2025-12-26T09:48:12.420836Z  INFO tailwindcss_oxide::scanner: Reading "E:\\Hemant\\smartmeet\\src\\app\\dashboard\\error.tsx"
2025-12-26T09:48:12.420868Z  INFO tailwindcss_oxide::scanner: Reading "E:\\Hemant\\smartmeet\\prisma\\migrations\\migration_lock.toml"
2025-12-26T09:48:12.420874Z  INFO tailwindcss_oxide::scanner: Reading "E:\\Hemant\\smartmeet\\package.json"
2025-12-26T09:48:12.420883Z  INFO tailwindcss_oxide::scanner: Reading "E:\\Hemant\\smartmeet\\prisma\\migrations\\20251223094941_init\\migration.sql"
2025-12-26T09:48:12.420885Z  INFO tailwindcss_oxide::scanner: Reading "E:\\Hemant\\smartmeet\\README.md"
2025-12-26T09:48:12.420902Z  INFO tailwindcss_oxide::scanner: Reading "E:\\Hemant\\smartmeet\\src\\app\\dashboard\\help\\page.tsx"
2025-12-26T09:48:12.420940Z  INFO tailwindcss_oxide::scanner: Reading "E:\\Hemant\\smartmeet\\postcss.config.mjs"
2025-12-26T09:48:12.420944Z  INFO tailwindcss_oxide::scanner: Reading "E:\\Hemant\\smartmeet\\prisma\\migrations\\20251226094245_add_verification_token\\migration.sql"
2025-12-26T09:48:12.420958Z  INFO tailwindcss_oxide::scanner: Reading "E:\\Hemant\\smartmeet\\src\\app\\dashboard\\layout.tsx"
2025-12-26T09:48:12.420973Z  INFO tailwindcss_oxide::scanner: Reading "E:\\Hemant\\smartmeet\\src\\app\\dashboard\\integrations\\page.tsx"
2025-12-26T09:48:12.421002Z  INFO tailwindcss_oxide::scanner: Reading "E:\\Hemant\\smartmeet\\src\\app\\dashboard\\recordings\\[id]\\page.tsx"
2025-12-26T09:48:12.421015Z  INFO tailwindcss_oxide::scanner: Reading "E:\\Hemant\\smartmeet\\src\\app\\dashboard\\page.tsx"
2025-12-26T09:48:12.421024Z  INFO tailwindcss_oxide::scanner: Reading "E:\\Hemant\\smartmeet\\src\\app\\dashboard\\team\\page.tsx"
2025-12-26T09:48:12.421031Z  INFO tailwindcss_oxide::scanner: Reading "E:\\Hemant\\smartmeet\\src\\app\\dashboard\\recordings\\page.tsx"
2025-12-26T09:48:12.420700Z  INFO tailwindcss_oxide::scanner: Reading "E:\\Hemant\\smartmeet\\src\\utils\\text.ts"
2025-12-26T09:48:12.421045Z  INFO tailwindcss_oxide::scanner: Reading "E:\\Hemant\\smartmeet\\src\\app\\layout.tsx"
2025-12-26T09:48:12.421093Z  INFO tailwindcss_oxide::scanner: Reading "E:\\Hemant\\smartmeet\\src\\app\\dashboard\\settings\\page.tsx"
2025-12-26T09:48:12.421218Z  INFO extract_candidates:read_all_files: tailwindcss_oxide::scanner: exit
2025-12-26T09:48:12.421234Z  INFO extract_candidates:parse_all_blobs: tailwindcss_oxide::scanner: enter
2025-12-26T09:48:12.421241Z  INFO extract_candidates:parse_all_blobs:extract: tailwindcss_oxide::scanner: enter
2025-12-26T09:48:12.423172Z  INFO extract_candidates:parse_all_blobs:extract: tailwindcss_oxide::scanner: exit
2025-12-26T09:48:12.423201Z  INFO extract_candidates:parse_all_blobs: tailwindcss_oxide::scanner: exit
2025-12-26T09:48:12.423208Z  INFO extract_candidates:read_all_files: tailwindcss_oxide::scanner: enter
2025-12-26T09:48:12.423212Z  INFO extract_candidates:read_all_files: tailwindcss_oxide::scanner: Reading 1 file(s)
2025-12-26T09:48:12.423305Z  INFO extract_candidates:read_all_files: tailwindcss_oxide::scanner: Reading "E:\\Hemant\\smartmeet\\src\\app\\globals.css"
2025-12-26T09:48:12.423321Z  INFO extract_candidates:read_all_files: tailwindcss_oxide::scanner: exit
2025-12-26T09:48:12.423332Z  INFO extract_candidates:extract_css_variables: tailwindcss_oxide::scanner: enter
2025-12-26T09:48:12.423337Z  INFO extract_candidates:extract_css_variables:extract: tailwindcss_oxide::scanner: enter
2025-12-26T09:48:12.423427Z  INFO extract_candidates:extract_css_variables:extract: tailwindcss_oxide::scanner: exit
2025-12-26T09:48:12.423440Z  INFO extract_candidates:extract_css_variables: tailwindcss_oxide::scanner: exit
2025-12-26T09:48:12.423827Z  INFO extract_candidates: tailwindcss_oxide::scanner: exit
2025-12-26T09:48:12.424893Z  INFO get_files: tailwindcss_oxide::scanner: enter
2025-12-26T09:48:12.424918Z  INFO get_files:scan_sources: tailwindcss_oxide::scanner: enter
2025-12-26T09:48:12.426617Z  INFO get_files:scan_sources: tailwindcss_oxide::scanner: Discovering "E:\\Hemant\\smartmeet\\prisma"
2025-12-26T09:48:12.426820Z  INFO get_files:scan_sources: tailwindcss_oxide::scanner: Discovering "E:\\Hemant\\smartmeet\\prisma\\migrations"
2025-12-26T09:48:12.426974Z  INFO get_files:scan_sources: tailwindcss_oxide::scanner: Discovering "E:\\Hemant\\smartmeet\\prisma\\migrations\\20251223094941_init"
2025-12-26T09:48:12.427187Z  INFO get_files:scan_sources: tailwindcss_oxide::scanner: Discovering "E:\\Hemant\\smartmeet\\prisma\\migrations\\20251226094245_add_verification_token"
2025-12-26T09:48:12.427391Z  INFO get_files:scan_sources: tailwindcss_oxide::scanner: Discovering "E:\\Hemant\\smartmeet\\prisma\\migrations\\20251226094348_add_user_roles"
2025-12-26T09:48:12.427688Z  INFO get_files:scan_sources: tailwindcss_oxide::scanner: Discovering "E:\\Hemant\\smartmeet\\public"
2025-12-26T09:48:12.427893Z  INFO get_files:scan_sources: tailwindcss_oxide::scanner: Discovering "E:\\Hemant\\smartmeet\\src"
2025-12-26T09:48:12.428050Z  INFO get_files:scan_sources: tailwindcss_oxide::scanner: Discovering "E:\\Hemant\\smartmeet\\src\\actions"
2025-12-26T09:48:12.428289Z  INFO get_files:scan_sources: tailwindcss_oxide::scanner: Discovering "E:\\Hemant\\smartmeet\\src\\app"
2025-12-26T09:48:12.428446Z  INFO get_files:scan_sources: tailwindcss_oxide::scanner: Discovering "E:\\Hemant\\smartmeet\\src\\app\\api"
2025-12-26T09:48:12.428610Z  INFO get_files:scan_sources: tailwindcss_oxide::scanner: Discovering "E:\\Hemant\\smartmeet\\src\\app\\api\\auth"
2025-12-26T09:48:12.428775Z  INFO get_files:scan_sources: tailwindcss_oxide::scanner: Discovering "E:\\Hemant\\smartmeet\\src\\app\\api\\auth\\verify-email"
2025-12-26T09:48:12.429085Z  INFO get_files:scan_sources: tailwindcss_oxide::scanner: Discovering "E:\\Hemant\\smartmeet\\src\\app\\api\\auth\\[...nextauth]"
2025-12-26T09:48:12.429364Z  INFO get_files:scan_sources: tailwindcss_oxide::scanner: Discovering "E:\\Hemant\\smartmeet\\src\\app\\dashboard"
2025-12-26T09:48:12.429618Z  INFO get_files:scan_sources: tailwindcss_oxide::scanner: Discovering "E:\\Hemant\\smartmeet\\src\\app\\dashboard\\help"
2025-12-26T09:48:12.429928Z  INFO get_files:scan_sources: tailwindcss_oxide::scanner: Discovering "E:\\Hemant\\smartmeet\\src\\app\\dashboard\\integrations"
2025-12-26T09:48:12.430258Z  INFO get_files:scan_sources: tailwindcss_oxide::scanner: Discovering "E:\\Hemant\\smartmeet\\src\\app\\dashboard\\recordings"
2025-12-26T09:48:12.430462Z  INFO get_files:scan_sources: tailwindcss_oxide::scanner: Discovering "E:\\Hemant\\smartmeet\\src\\app\\dashboard\\recordings\\[id]"
2025-12-26T09:48:12.430692Z  INFO get_files:scan_sources: tailwindcss_oxide::scanner: Discovering "E:\\Hemant\\smartmeet\\src\\app\\dashboard\\settings"
2025-12-26T09:48:12.430900Z  INFO get_files:scan_sources: tailwindcss_oxide::scanner: Discovering "E:\\Hemant\\smartmeet\\src\\app\\dashboard\\team"
2025-12-26T09:48:12.431191Z  INFO get_files:scan_sources: tailwindcss_oxide::scanner: Discovering "E:\\Hemant\\smartmeet\\src\\app\\login"
2025-12-26T09:48:12.431456Z  INFO get_files:scan_sources: tailwindcss_oxide::scanner: Discovering "E:\\Hemant\\smartmeet\\src\\components"
2025-12-26T09:48:12.431682Z  INFO get_files:scan_sources: tailwindcss_oxide::scanner: Discovering "E:\\Hemant\\smartmeet\\src\\components\\dashboard"
2025-12-26T09:48:12.432178Z  INFO get_files:scan_sources: tailwindcss_oxide::scanner: Discovering "E:\\Hemant\\smartmeet\\src\\config"
2025-12-26T09:48:12.432411Z  INFO get_files:scan_sources: tailwindcss_oxide::scanner: Discovering "E:\\Hemant\\smartmeet\\src\\context"
2025-12-26T09:48:12.432609Z  INFO get_files:scan_sources: tailwindcss_oxide::scanner: Discovering "E:\\Hemant\\smartmeet\\src\\data"
2025-12-26T09:48:12.432771Z  INFO get_files:scan_sources: tailwindcss_oxide::scanner: Discovering "E:\\Hemant\\smartmeet\\src\\hooks"
2025-12-26T09:48:12.432972Z  INFO get_files:scan_sources: tailwindcss_oxide::scanner: Discovering "E:\\Hemant\\smartmeet\\src\\lib"
2025-12-26T09:48:12.433257Z  INFO get_files:scan_sources: tailwindcss_oxide::scanner: Discovering "E:\\Hemant\\smartmeet\\src\\services"
2025-12-26T09:48:12.433462Z  INFO get_files:scan_sources: tailwindcss_oxide::scanner: Discovering "E:\\Hemant\\smartmeet\\src\\types"
2025-12-26T09:48:12.433660Z  INFO get_files:scan_sources: tailwindcss_oxide::scanner: Discovering "E:\\Hemant\\smartmeet\\src\\utils"
2025-12-26T09:48:12.433960Z  INFO get_files:scan_sources: tailwindcss_oxide::scanner: exit
2025-12-26T09:48:12.434059Z  INFO get_files: tailwindcss_oxide::scanner: exit
2025-12-26T09:48:12.434395Z  INFO get_globs: tailwindcss_oxide::scanner: enter
2025-12-26T09:48:12.434405Z  INFO get_globs:scan_sources: tailwindcss_oxide::scanner: enter
2025-12-26T09:48:12.436396Z  INFO get_globs:scan_sources: tailwindcss_oxide::scanner: Discovering "E:\\Hemant\\smartmeet\\prisma"
2025-12-26T09:48:12.436896Z  INFO get_globs:scan_sources: tailwindcss_oxide::scanner: Discovering "E:\\Hemant\\smartmeet\\prisma\\migrations"
2025-12-26T09:48:12.437092Z  INFO get_globs:scan_sources: tailwindcss_oxide::scanner: Discovering "E:\\Hemant\\smartmeet\\prisma\\migrations\\20251223094941_init"
2025-12-26T09:48:12.437333Z  INFO get_globs:scan_sources: tailwindcss_oxide::scanner: Discovering "E:\\Hemant\\smartmeet\\prisma\\migrations\\20251226094245_add_verification_token"
2025-12-26T09:48:12.437567Z  INFO get_globs:scan_sources: tailwindcss_oxide::scanner: Discovering "E:\\Hemant\\smartmeet\\prisma\\migrations\\20251226094348_add_user_roles"
2025-12-26T09:48:12.437893Z  INFO get_globs:scan_sources: tailwindcss_oxide::scanner: Discovering "E:\\Hemant\\smartmeet\\public"
2025-12-26T09:48:12.438113Z  INFO get_globs:scan_sources: tailwindcss_oxide::scanner: Discovering "E:\\Hemant\\smartmeet\\src"
2025-12-26T09:48:12.438282Z  INFO get_globs:scan_sources: tailwindcss_oxide::scanner: Discovering "E:\\Hemant\\smartmeet\\src\\actions"
2025-12-26T09:48:12.438535Z  INFO get_globs:scan_sources: tailwindcss_oxide::scanner: Discovering "E:\\Hemant\\smartmeet\\src\\app"
2025-12-26T09:48:12.438699Z  INFO get_globs:scan_sources: tailwindcss_oxide::scanner: Discovering "E:\\Hemant\\smartmeet\\src\\app\\api"
2025-12-26T09:48:12.438863Z  INFO get_globs:scan_sources: tailwindcss_oxide::scanner: Discovering "E:\\Hemant\\smartmeet\\src\\app\\api\\auth"
2025-12-26T09:48:12.439033Z  INFO get_globs:scan_sources: tailwindcss_oxide::scanner: Discovering "E:\\Hemant\\smartmeet\\src\\app\\api\\auth\\verify-email"
2025-12-26T09:48:12.439268Z  INFO get_globs:scan_sources: tailwindcss_oxide::scanner: Discovering "E:\\Hemant\\smartmeet\\src\\app\\api\\auth\\[...nextauth]"
2025-12-26T09:48:12.439513Z  INFO get_globs:scan_sources: tailwindcss_oxide::scanner: Discovering "E:\\Hemant\\smartmeet\\src\\app\\dashboard"
2025-12-26T09:48:12.439715Z  INFO get_globs:scan_sources: tailwindcss_oxide::scanner: Discovering "E:\\Hemant\\smartmeet\\src\\app\\dashboard\\help"
2025-12-26T09:48:12.439927Z  INFO get_globs:scan_sources: tailwindcss_oxide::scanner: Discovering "E:\\Hemant\\smartmeet\\src\\app\\dashboard\\integrations"
2025-12-26T09:48:12.440203Z  INFO get_globs:scan_sources: tailwindcss_oxide::scanner: Discovering "E:\\Hemant\\smartmeet\\src\\app\\dashboard\\recordings"
2025-12-26T09:48:12.440397Z  INFO get_globs:scan_sources: tailwindcss_oxide::scanner: Discovering "E:\\Hemant\\smartmeet\\src\\app\\dashboard\\recordings\\[id]"
2025-12-26T09:48:12.440642Z  INFO get_globs:scan_sources: tailwindcss_oxide::scanner: Discovering "E:\\Hemant\\smartmeet\\src\\app\\dashboard\\settings"
2025-12-26T09:48:12.440853Z  INFO get_globs:scan_sources: tailwindcss_oxide::scanner: Discovering "E:\\Hemant\\smartmeet\\src\\app\\dashboard\\team"
2025-12-26T09:48:12.441151Z  INFO get_globs:scan_sources: tailwindcss_oxide::scanner: Discovering "E:\\Hemant\\smartmeet\\src\\app\\login"
2025-12-26T09:48:12.441406Z  INFO get_globs:scan_sources: tailwindcss_oxide::scanner: Discovering "E:\\Hemant\\smartmeet\\src\\components"
2025-12-26T09:48:12.441633Z  INFO get_globs:scan_sources: tailwindcss_oxide::scanner: Discovering "E:\\Hemant\\smartmeet\\src\\components\\dashboard"
2025-12-26T09:48:12.442135Z  INFO get_globs:scan_sources: tailwindcss_oxide::scanner: Discovering "E:\\Hemant\\smartmeet\\src\\config"
2025-12-26T09:48:12.442372Z  INFO get_globs:scan_sources: tailwindcss_oxide::scanner: Discovering "E:\\Hemant\\smartmeet\\src\\context"
2025-12-26T09:48:12.442585Z  INFO get_globs:scan_sources: tailwindcss_oxide::scanner: Discovering "E:\\Hemant\\smartmeet\\src\\data"
2025-12-26T09:48:12.442753Z  INFO get_globs:scan_sources: tailwindcss_oxide::scanner: Discovering "E:\\Hemant\\smartmeet\\src\\hooks"
2025-12-26T09:48:12.442960Z  INFO get_globs:scan_sources: tailwindcss_oxide::scanner: Discovering "E:\\Hemant\\smartmeet\\src\\lib"
2025-12-26T09:48:12.443264Z  INFO get_globs:scan_sources: tailwindcss_oxide::scanner: Discovering "E:\\Hemant\\smartmeet\\src\\services"
2025-12-26T09:48:12.443470Z  INFO get_globs:scan_sources: tailwindcss_oxide::scanner: Discovering "E:\\Hemant\\smartmeet\\src\\types"
2025-12-26T09:48:12.443683Z  INFO get_globs:scan_sources: tailwindcss_oxide::scanner: Discovering "E:\\Hemant\\smartmeet\\src\\utils"
2025-12-26T09:48:12.444082Z  INFO get_globs:scan_sources: tailwindcss_oxide::scanner: exit
2025-12-26T09:48:12.449943Z  INFO get_globs: tailwindcss_oxide::scanner: exit
