2025-12-26T09:19:30.100921Z  INFO tailwindcss_oxide::scanner: Provided sources:
2025-12-26T09:19:30.101027Z  INFO tailwindcss_oxide::scanner: Source: PublicSourceEntry { base: "E:\\Hemant\\smartmeet", pattern: "**/*", negated: false }
2025-12-26T09:19:30.101245Z  INFO tailwindcss_oxide::scanner: Optimized sources:
2025-12-26T09:19:30.101273Z  INFO tailwindcss_oxide::scanner: Source: Auto { base: "E:\\Hemant\\smartmeet" }
2025-12-26T09:19:30.103536Z  INFO scan_sources: tailwindcss_oxide::scanner: enter
2025-12-26T09:19:30.104917Z  INFO scan_sources: tailwindcss_oxide::scanner: Discovering "E:\\Hemant\\smartmeet\\eslint.config.mjs"
2025-12-26T09:19:30.105012Z  INFO scan_sources: tailwindcss_oxide::scanner: Discovering "E:\\Hemant\\smartmeet\\next.config.js"
2025-12-26T09:19:30.105452Z  INFO scan_sources: tailwindcss_oxide::scanner: Discovering "E:\\Hemant\\smartmeet\\next.config.ts"
2025-12-26T09:19:30.105676Z  INFO scan_sources: tailwindcss_oxide::scanner: Discovering "E:\\Hemant\\smartmeet\\package.json"
2025-12-26T09:19:30.105741Z  INFO scan_sources: tailwindcss_oxide::scanner: Discovering "E:\\Hemant\\smartmeet\\postcss.config.mjs"
2025-12-26T09:19:30.105841Z  INFO scan_sources: tailwindcss_oxide::scanner: Discovering "E:\\Hemant\\smartmeet\\prisma"
2025-12-26T09:19:30.106006Z  INFO scan_sources: tailwindcss_oxide::scanner: Discovering "E:\\Hemant\\smartmeet\\prisma\\migrations"
2025-12-26T09:19:30.106162Z  INFO scan_sources: tailwindcss_oxide::scanner: Discovering "E:\\Hemant\\smartmeet\\prisma\\migrations\\20251223094941_init"
2025-12-26T09:19:30.106291Z  INFO scan_sources: tailwindcss_oxide::scanner: Discovering "E:\\Hemant\\smartmeet\\prisma\\migrations\\20251223094941_init\\migration.sql"
2025-12-26T09:19:30.106373Z  INFO scan_sources: tailwindcss_oxide::scanner: Discovering "E:\\Hemant\\smartmeet\\prisma\\migrations\\migration_lock.toml"
2025-12-26T09:19:30.106455Z  INFO scan_sources: tailwindcss_oxide::scanner: Discovering "E:\\Hemant\\smartmeet\\prisma\\schema.prisma"
2025-12-26T09:19:30.106568Z  INFO scan_sources: tailwindcss_oxide::scanner: Discovering "E:\\Hemant\\smartmeet\\public"
2025-12-26T09:19:30.106710Z  INFO scan_sources: tailwindcss_oxide::scanner: Discovering "E:\\Hemant\\smartmeet\\README.md"
2025-12-26T09:19:30.106808Z  INFO scan_sources: tailwindcss_oxide::scanner: Discovering "E:\\Hemant\\smartmeet\\src"
2025-12-26T09:19:30.106966Z  INFO scan_sources: tailwindcss_oxide::scanner: Discovering "E:\\Hemant\\smartmeet\\src\\actions"
2025-12-26T09:19:30.107086Z  INFO scan_sources: tailwindcss_oxide::scanner: Discovering "E:\\Hemant\\smartmeet\\src\\actions\\auth.ts"
2025-12-26T09:19:30.107156Z  INFO scan_sources: tailwindcss_oxide::scanner: Discovering "E:\\Hemant\\smartmeet\\src\\actions\\meeting.ts"
2025-12-26T09:19:30.107268Z  INFO scan_sources: tailwindcss_oxide::scanner: Discovering "E:\\Hemant\\smartmeet\\src\\app"
2025-12-26T09:19:30.107423Z  INFO scan_sources: tailwindcss_oxide::scanner: Discovering "E:\\Hemant\\smartmeet\\src\\app\\api"
2025-12-26T09:19:30.107581Z  INFO scan_sources: tailwindcss_oxide::scanner: Discovering "E:\\Hemant\\smartmeet\\src\\app\\api\\auth"
2025-12-26T09:19:30.107743Z  INFO scan_sources: tailwindcss_oxide::scanner: Discovering "E:\\Hemant\\smartmeet\\src\\app\\api\\auth\\[...nextauth]"
2025-12-26T09:19:30.107868Z  INFO scan_sources: tailwindcss_oxide::scanner: Discovering "E:\\Hemant\\smartmeet\\src\\app\\api\\auth\\[...nextauth]\\route.ts"
2025-12-26T09:19:30.108010Z  INFO scan_sources: tailwindcss_oxide::scanner: Discovering "E:\\Hemant\\smartmeet\\src\\app\\dashboard"
2025-12-26T09:19:30.108134Z  INFO scan_sources: tailwindcss_oxide::scanner: Discovering "E:\\Hemant\\smartmeet\\src\\app\\dashboard\\error.tsx"
2025-12-26T09:19:30.108231Z  INFO scan_sources: tailwindcss_oxide::scanner: Discovering "E:\\Hemant\\smartmeet\\src\\app\\dashboard\\help"
2025-12-26T09:19:30.108357Z  INFO scan_sources: tailwindcss_oxide::scanner: Discovering "E:\\Hemant\\smartmeet\\src\\app\\dashboard\\help\\page.tsx"
2025-12-26T09:19:30.108471Z  INFO scan_sources: tailwindcss_oxide::scanner: Discovering "E:\\Hemant\\smartmeet\\src\\app\\dashboard\\integrations"
2025-12-26T09:19:30.108702Z  INFO scan_sources: tailwindcss_oxide::scanner: Discovering "E:\\Hemant\\smartmeet\\src\\app\\dashboard\\integrations\\page.tsx"
2025-12-26T09:19:30.108807Z  INFO scan_sources: tailwindcss_oxide::scanner: Discovering "E:\\Hemant\\smartmeet\\src\\app\\dashboard\\layout.tsx"
2025-12-26T09:19:30.108873Z  INFO scan_sources: tailwindcss_oxide::scanner: Discovering "E:\\Hemant\\smartmeet\\src\\app\\dashboard\\page.tsx"
2025-12-26T09:19:30.109023Z  INFO scan_sources: tailwindcss_oxide::scanner: Discovering "E:\\Hemant\\smartmeet\\src\\app\\dashboard\\recordings"
2025-12-26T09:19:30.109171Z  INFO scan_sources: tailwindcss_oxide::scanner: Discovering "E:\\Hemant\\smartmeet\\src\\app\\dashboard\\recordings\\page.tsx"
2025-12-26T09:19:30.109276Z  INFO scan_sources: tailwindcss_oxide::scanner: Discovering "E:\\Hemant\\smartmeet\\src\\app\\dashboard\\recordings\\[id]"
2025-12-26T09:19:30.109409Z  INFO scan_sources: tailwindcss_oxide::scanner: Discovering "E:\\Hemant\\smartmeet\\src\\app\\dashboard\\recordings\\[id]\\page.tsx"
2025-12-26T09:19:30.109664Z  INFO scan_sources: tailwindcss_oxide::scanner: Discovering "E:\\Hemant\\smartmeet\\src\\app\\dashboard\\settings"
2025-12-26T09:19:30.109826Z  INFO scan_sources: tailwindcss_oxide::scanner: Discovering "E:\\Hemant\\smartmeet\\src\\app\\dashboard\\settings\\page.tsx"
2025-12-26T09:19:30.110350Z  INFO scan_sources: tailwindcss_oxide::scanner: Discovering "E:\\Hemant\\smartmeet\\src\\app\\dashboard\\team"
2025-12-26T09:19:30.110917Z  INFO scan_sources: tailwindcss_oxide::scanner: Discovering "E:\\Hemant\\smartmeet\\src\\app\\dashboard\\team\\page.tsx"
2025-12-26T09:19:30.111070Z  INFO scan_sources: tailwindcss_oxide::scanner: Discovering "E:\\Hemant\\smartmeet\\src\\app\\globals.css"
2025-12-26T09:19:30.111151Z  INFO scan_sources: tailwindcss_oxide::scanner: Discovering "E:\\Hemant\\smartmeet\\src\\app\\layout.tsx"
2025-12-26T09:19:30.111261Z  INFO scan_sources: tailwindcss_oxide::scanner: Discovering "E:\\Hemant\\smartmeet\\src\\app\\login"
2025-12-26T09:19:30.111398Z  INFO scan_sources: tailwindcss_oxide::scanner: Discovering "E:\\Hemant\\smartmeet\\src\\app\\login\\page.tsx"
2025-12-26T09:19:30.111480Z  INFO scan_sources: tailwindcss_oxide::scanner: Discovering "E:\\Hemant\\smartmeet\\src\\app\\page.tsx"
2025-12-26T09:19:30.111604Z  INFO scan_sources: tailwindcss_oxide::scanner: Discovering "E:\\Hemant\\smartmeet\\src\\components"
2025-12-26T09:19:30.111736Z  INFO scan_sources: tailwindcss_oxide::scanner: Discovering "E:\\Hemant\\smartmeet\\src\\components\\Button.tsx"
2025-12-26T09:19:30.111799Z  INFO scan_sources: tailwindcss_oxide::scanner: Discovering "E:\\Hemant\\smartmeet\\src\\components\\CTA.tsx"
2025-12-26T09:19:30.111897Z  INFO scan_sources: tailwindcss_oxide::scanner: Discovering "E:\\Hemant\\smartmeet\\src\\components\\dashboard"
2025-12-26T09:19:30.112024Z  INFO scan_sources: tailwindcss_oxide::scanner: Discovering "E:\\Hemant\\smartmeet\\src\\components\\dashboard\\Sidebar.tsx"
2025-12-26T09:19:30.112111Z  INFO scan_sources: tailwindcss_oxide::scanner: Discovering "E:\\Hemant\\smartmeet\\src\\components\\FeatureCard.tsx"
2025-12-26T09:19:30.112173Z  INFO scan_sources: tailwindcss_oxide::scanner: Discovering "E:\\Hemant\\smartmeet\\src\\components\\Features.tsx"
2025-12-26T09:19:30.112234Z  INFO scan_sources: tailwindcss_oxide::scanner: Discovering "E:\\Hemant\\smartmeet\\src\\components\\Footer.tsx"
2025-12-26T09:19:30.112299Z  INFO scan_sources: tailwindcss_oxide::scanner: Discovering "E:\\Hemant\\smartmeet\\src\\components\\Hero.tsx"
2025-12-26T09:19:30.112362Z  INFO scan_sources: tailwindcss_oxide::scanner: Discovering "E:\\Hemant\\smartmeet\\src\\components\\HowItWorks.tsx"
2025-12-26T09:19:30.112424Z  INFO scan_sources: tailwindcss_oxide::scanner: Discovering "E:\\Hemant\\smartmeet\\src\\components\\ModeToggle.tsx"
2025-12-26T09:19:30.112503Z  INFO scan_sources: tailwindcss_oxide::scanner: Discovering "E:\\Hemant\\smartmeet\\src\\components\\Navbar.tsx"
2025-12-26T09:19:30.112563Z  INFO scan_sources: tailwindcss_oxide::scanner: Discovering "E:\\Hemant\\smartmeet\\src\\components\\Pricing.tsx"
2025-12-26T09:19:30.112674Z  INFO scan_sources: tailwindcss_oxide::scanner: Discovering "E:\\Hemant\\smartmeet\\src\\components\\ThemeProvider.tsx"
2025-12-26T09:19:30.112803Z  INFO scan_sources: tailwindcss_oxide::scanner: Discovering "E:\\Hemant\\smartmeet\\src\\config"
2025-12-26T09:19:30.112935Z  INFO scan_sources: tailwindcss_oxide::scanner: Discovering "E:\\Hemant\\smartmeet\\src\\config\\extension.ts"
2025-12-26T09:19:30.113010Z  INFO scan_sources: tailwindcss_oxide::scanner: Discovering "E:\\Hemant\\smartmeet\\src\\config\\marketing.ts"
2025-12-26T09:19:30.113139Z  INFO scan_sources: tailwindcss_oxide::scanner: Discovering "E:\\Hemant\\smartmeet\\src\\context"
2025-12-26T09:19:30.113266Z  INFO scan_sources: tailwindcss_oxide::scanner: Discovering "E:\\Hemant\\smartmeet\\src\\context\\AuthContext.tsx"
2025-12-26T09:19:30.113383Z  INFO scan_sources: tailwindcss_oxide::scanner: Discovering "E:\\Hemant\\smartmeet\\src\\data"
2025-12-26T09:19:30.113551Z  INFO scan_sources: tailwindcss_oxide::scanner: Discovering "E:\\Hemant\\smartmeet\\src\\hooks"
2025-12-26T09:19:30.113675Z  INFO scan_sources: tailwindcss_oxide::scanner: Discovering "E:\\Hemant\\smartmeet\\src\\hooks\\useExtensionDetection.ts"
2025-12-26T09:19:30.113790Z  INFO scan_sources: tailwindcss_oxide::scanner: Discovering "E:\\Hemant\\smartmeet\\src\\lib"
2025-12-26T09:19:30.113912Z  INFO scan_sources: tailwindcss_oxide::scanner: Discovering "E:\\Hemant\\smartmeet\\src\\lib\\crypto.ts"
2025-12-26T09:19:30.113973Z  INFO scan_sources: tailwindcss_oxide::scanner: Discovering "E:\\Hemant\\smartmeet\\src\\lib\\env.ts"
2025-12-26T09:19:30.114033Z  INFO scan_sources: tailwindcss_oxide::scanner: Discovering "E:\\Hemant\\smartmeet\\src\\lib\\prisma.ts"
2025-12-26T09:19:30.114144Z  INFO scan_sources: tailwindcss_oxide::scanner: Discovering "E:\\Hemant\\smartmeet\\src\\services"
2025-12-26T09:19:30.114264Z  INFO scan_sources: tailwindcss_oxide::scanner: Discovering "E:\\Hemant\\smartmeet\\src\\services\\api.ts"
2025-12-26T09:19:30.114377Z  INFO scan_sources: tailwindcss_oxide::scanner: Discovering "E:\\Hemant\\smartmeet\\src\\types"
2025-12-26T09:19:30.114501Z  INFO scan_sources: tailwindcss_oxide::scanner: Discovering "E:\\Hemant\\smartmeet\\src\\types\\next-auth.d.ts"
2025-12-26T09:19:30.114613Z  INFO scan_sources: tailwindcss_oxide::scanner: Discovering "E:\\Hemant\\smartmeet\\src\\utils"
2025-12-26T09:19:30.114730Z  INFO scan_sources: tailwindcss_oxide::scanner: Discovering "E:\\Hemant\\smartmeet\\src\\utils\\text.ts"
2025-12-26T09:19:30.114829Z  INFO scan_sources: tailwindcss_oxide::scanner: Discovering "E:\\Hemant\\smartmeet\\tailwind.config.ts"
2025-12-26T09:19:30.114903Z  INFO scan_sources: tailwindcss_oxide::scanner: Discovering "E:\\Hemant\\smartmeet\\tsconfig.json"
2025-12-26T09:19:30.115002Z  INFO scan_sources: tailwindcss_oxide::scanner: exit
2025-12-26T09:19:30.115015Z  INFO extract_candidates: tailwindcss_oxide::scanner: enter
2025-12-26T09:19:30.115025Z  INFO extract_candidates:read_all_files: tailwindcss_oxide::scanner: enter
2025-12-26T09:19:30.115029Z  INFO extract_candidates:read_all_files: tailwindcss_oxide::scanner: Reading 48 file(s)
2025-12-26T09:19:30.115466Z  INFO tailwindcss_oxide::scanner: Reading "E:\\Hemant\\smartmeet\\eslint.config.mjs"
2025-12-26T09:19:30.115521Z  INFO tailwindcss_oxide::scanner: Reading "E:\\Hemant\\smartmeet\\src\\components\\Button.tsx"
2025-12-26T09:19:30.115563Z  INFO tailwindcss_oxide::scanner: Reading "E:\\Hemant\\smartmeet\\next.config.js"
2025-12-26T09:19:30.115606Z  INFO tailwindcss_oxide::scanner: Reading "E:\\Hemant\\smartmeet\\src\\components\\CTA.tsx"
2025-12-26T09:19:30.115640Z  INFO tailwindcss_oxide::scanner: Reading "E:\\Hemant\\smartmeet\\next.config.ts"
2025-12-26T09:19:30.115655Z  INFO tailwindcss_oxide::scanner: Reading "E:\\Hemant\\smartmeet\\src\\app\\dashboard\\error.tsx"
2025-12-26T09:19:30.115707Z  INFO tailwindcss_oxide::scanner: Reading "E:\\Hemant\\smartmeet\\package.json"
2025-12-26T09:19:30.115713Z  INFO tailwindcss_oxide::scanner: Reading "E:\\Hemant\\smartmeet\\src\\components\\dashboard\\Sidebar.tsx"
2025-12-26T09:19:30.115723Z  INFO tailwindcss_oxide::scanner: Reading "E:\\Hemant\\smartmeet\\src\\app\\dashboard\\recordings\\[id]\\page.tsx"
2025-12-26T09:19:30.115751Z  INFO tailwindcss_oxide::scanner: Reading "E:\\Hemant\\smartmeet\\src\\app\\dashboard\\help\\page.tsx"
2025-12-26T09:19:30.115780Z  INFO tailwindcss_oxide::scanner: Reading "E:\\Hemant\\smartmeet\\postcss.config.mjs"
2025-12-26T09:19:30.115792Z  INFO tailwindcss_oxide::scanner: Reading "E:\\Hemant\\smartmeet\\src\\components\\FeatureCard.tsx"
2025-12-26T09:19:30.115830Z  INFO tailwindcss_oxide::scanner: Reading "E:\\Hemant\\smartmeet\\src\\app\\dashboard\\integrations\\page.tsx"
2025-12-26T09:19:30.115854Z  INFO tailwindcss_oxide::scanner: Reading "E:\\Hemant\\smartmeet\\src\\app\\dashboard\\settings\\page.tsx"
2025-12-26T09:19:30.115860Z  INFO tailwindcss_oxide::scanner: Reading "E:\\Hemant\\smartmeet\\prisma\\migrations\\migration_lock.toml"
2025-12-26T09:19:30.115874Z  INFO tailwindcss_oxide::scanner: Reading "E:\\Hemant\\smartmeet\\src\\components\\Features.tsx"
2025-12-26T09:19:30.115929Z  INFO tailwindcss_oxide::scanner: Reading "E:\\Hemant\\smartmeet\\src\\app\\dashboard\\team\\page.tsx"
2025-12-26T09:19:30.115945Z  INFO tailwindcss_oxide::scanner: Reading "E:\\Hemant\\smartmeet\\src\\components\\Footer.tsx"
2025-12-26T09:19:30.115959Z  INFO tailwindcss_oxide::scanner: Reading "E:\\Hemant\\smartmeet\\prisma\\schema.prisma"
2025-12-26T09:19:30.115985Z  INFO tailwindcss_oxide::scanner: Reading "E:\\Hemant\\smartmeet\\src\\app\\dashboard\\layout.tsx"
2025-12-26T09:19:30.115994Z  INFO tailwindcss_oxide::scanner: Reading "E:\\Hemant\\smartmeet\\src\\app\\layout.tsx"
2025-12-26T09:19:30.116018Z  INFO tailwindcss_oxide::scanner: Reading "E:\\Hemant\\smartmeet\\src\\components\\Hero.tsx"
2025-12-26T09:19:30.116040Z  INFO tailwindcss_oxide::scanner: Reading "E:\\Hemant\\smartmeet\\README.md"
2025-12-26T09:19:30.116070Z  INFO tailwindcss_oxide::scanner: Reading "E:\\Hemant\\smartmeet\\src\\app\\login\\page.tsx"
2025-12-26T09:19:30.116071Z  INFO tailwindcss_oxide::scanner: Reading "E:\\Hemant\\smartmeet\\src\\app\\dashboard\\page.tsx"
2025-12-26T09:19:30.116084Z  INFO tailwindcss_oxide::scanner: Reading "E:\\Hemant\\smartmeet\\src\\components\\HowItWorks.tsx"
2025-12-26T09:19:30.116122Z  INFO tailwindcss_oxide::scanner: Reading "E:\\Hemant\\smartmeet\\src\\actions\\auth.ts"
2025-12-26T09:19:30.116146Z  INFO tailwindcss_oxide::scanner: Reading "E:\\Hemant\\smartmeet\\src\\app\\page.tsx"
2025-12-26T09:19:30.116152Z  INFO tailwindcss_oxide::scanner: Reading "E:\\Hemant\\smartmeet\\src\\components\\ModeToggle.tsx"
2025-12-26T09:19:30.116165Z  INFO tailwindcss_oxide::scanner: Reading "E:\\Hemant\\smartmeet\\src\\app\\dashboard\\recordings\\page.tsx"
2025-12-26T09:19:30.116214Z  INFO tailwindcss_oxide::scanner: Reading "E:\\Hemant\\smartmeet\\src\\actions\\meeting.ts"
2025-12-26T09:19:30.116219Z  INFO tailwindcss_oxide::scanner: Reading "E:\\Hemant\\smartmeet\\src\\components\\Navbar.tsx"
2025-12-26T09:19:30.116215Z  INFO tailwindcss_oxide::scanner: Reading "E:\\Hemant\\smartmeet\\src\\config\\extension.ts"
2025-12-26T09:19:30.116305Z  INFO tailwindcss_oxide::scanner: Reading "E:\\Hemant\\smartmeet\\src\\config\\marketing.ts"
2025-12-26T09:19:30.116298Z  INFO tailwindcss_oxide::scanner: Reading "E:\\Hemant\\smartmeet\\src\\components\\ThemeProvider.tsx"
2025-12-26T09:19:30.116315Z  INFO tailwindcss_oxide::scanner: Reading "E:\\Hemant\\smartmeet\\src\\app\\api\\auth\\[...nextauth]\\route.ts"
2025-12-26T09:19:30.116364Z  INFO tailwindcss_oxide::scanner: Reading "E:\\Hemant\\smartmeet\\src\\context\\AuthContext.tsx"
2025-12-26T09:19:30.116380Z  INFO tailwindcss_oxide::scanner: Reading "E:\\Hemant\\smartmeet\\src\\lib\\prisma.ts"
2025-12-26T09:19:30.116388Z  INFO tailwindcss_oxide::scanner: Reading "E:\\Hemant\\smartmeet\\src\\hooks\\useExtensionDetection.ts"
2025-12-26T09:19:30.116439Z  INFO tailwindcss_oxide::scanner: Reading "E:\\Hemant\\smartmeet\\src\\lib\\crypto.ts"
2025-12-26T09:19:30.116450Z  INFO tailwindcss_oxide::scanner: Reading "E:\\Hemant\\smartmeet\\src\\services\\api.ts"
2025-12-26T09:19:30.116463Z  INFO tailwindcss_oxide::scanner: Reading "E:\\Hemant\\smartmeet\\prisma\\migrations\\20251223094941_init\\migration.sql"
2025-12-26T09:19:30.116652Z  INFO tailwindcss_oxide::scanner: Reading "E:\\Hemant\\smartmeet\\src\\types\\next-auth.d.ts"
2025-12-26T09:19:30.116464Z  INFO tailwindcss_oxide::scanner: Reading "E:\\Hemant\\smartmeet\\src\\components\\Pricing.tsx"
2025-12-26T09:19:30.116670Z  INFO tailwindcss_oxide::scanner: Reading "E:\\Hemant\\smartmeet\\tailwind.config.ts"
2025-12-26T09:19:30.116463Z  INFO tailwindcss_oxide::scanner: Reading "E:\\Hemant\\smartmeet\\src\\lib\\env.ts"
2025-12-26T09:19:30.116559Z  INFO tailwindcss_oxide::scanner: Reading "E:\\Hemant\\smartmeet\\src\\utils\\text.ts"
2025-12-26T09:19:30.116711Z  INFO tailwindcss_oxide::scanner: Reading "E:\\Hemant\\smartmeet\\tsconfig.json"
2025-12-26T09:19:30.116827Z  INFO extract_candidates:read_all_files: tailwindcss_oxide::scanner: exit
2025-12-26T09:19:30.116842Z  INFO extract_candidates:parse_all_blobs: tailwindcss_oxide::scanner: enter
2025-12-26T09:19:30.116848Z  INFO extract_candidates:parse_all_blobs:extract: tailwindcss_oxide::scanner: enter
2025-12-26T09:19:30.118763Z  INFO extract_candidates:parse_all_blobs:extract: tailwindcss_oxide::scanner: exit
2025-12-26T09:19:30.118791Z  INFO extract_candidates:parse_all_blobs: tailwindcss_oxide::scanner: exit
2025-12-26T09:19:30.118799Z  INFO extract_candidates:read_all_files: tailwindcss_oxide::scanner: enter
2025-12-26T09:19:30.118803Z  INFO extract_candidates:read_all_files: tailwindcss_oxide::scanner: Reading 1 file(s)
2025-12-26T09:19:30.118900Z  INFO extract_candidates:read_all_files: tailwindcss_oxide::scanner: Reading "E:\\Hemant\\smartmeet\\src\\app\\globals.css"
2025-12-26T09:19:30.118910Z  INFO extract_candidates:read_all_files: tailwindcss_oxide::scanner: exit
2025-12-26T09:19:30.118919Z  INFO extract_candidates:extract_css_variables: tailwindcss_oxide::scanner: enter
2025-12-26T09:19:30.118924Z  INFO extract_candidates:extract_css_variables:extract: tailwindcss_oxide::scanner: enter
2025-12-26T09:19:30.118996Z  INFO extract_candidates:extract_css_variables:extract: tailwindcss_oxide::scanner: exit
2025-12-26T09:19:30.119010Z  INFO extract_candidates:extract_css_variables: tailwindcss_oxide::scanner: exit
2025-12-26T09:19:30.119383Z  INFO extract_candidates: tailwindcss_oxide::scanner: exit
2025-12-26T09:19:30.120105Z  INFO get_files: tailwindcss_oxide::scanner: enter
2025-12-26T09:19:30.120116Z  INFO get_files:scan_sources: tailwindcss_oxide::scanner: enter
2025-12-26T09:19:30.121613Z  INFO get_files:scan_sources: tailwindcss_oxide::scanner: Discovering "E:\\Hemant\\smartmeet\\prisma"
2025-12-26T09:19:30.121907Z  INFO get_files:scan_sources: tailwindcss_oxide::scanner: Discovering "E:\\Hemant\\smartmeet\\prisma\\migrations"
2025-12-26T09:19:30.122145Z  INFO get_files:scan_sources: tailwindcss_oxide::scanner: Discovering "E:\\Hemant\\smartmeet\\prisma\\migrations\\20251223094941_init"
2025-12-26T09:19:30.122514Z  INFO get_files:scan_sources: tailwindcss_oxide::scanner: Discovering "E:\\Hemant\\smartmeet\\public"
2025-12-26T09:19:30.122732Z  INFO get_files:scan_sources: tailwindcss_oxide::scanner: Discovering "E:\\Hemant\\smartmeet\\src"
2025-12-26T09:19:30.122896Z  INFO get_files:scan_sources: tailwindcss_oxide::scanner: Discovering "E:\\Hemant\\smartmeet\\src\\actions"
2025-12-26T09:19:30.123133Z  INFO get_files:scan_sources: tailwindcss_oxide::scanner: Discovering "E:\\Hemant\\smartmeet\\src\\app"
2025-12-26T09:19:30.123297Z  INFO get_files:scan_sources: tailwindcss_oxide::scanner: Discovering "E:\\Hemant\\smartmeet\\src\\app\\api"
2025-12-26T09:19:30.123470Z  INFO get_files:scan_sources: tailwindcss_oxide::scanner: Discovering "E:\\Hemant\\smartmeet\\src\\app\\api\\auth"
2025-12-26T09:19:30.123627Z  INFO get_files:scan_sources: tailwindcss_oxide::scanner: Discovering "E:\\Hemant\\smartmeet\\src\\app\\api\\auth\\[...nextauth]"
2025-12-26T09:19:30.123873Z  INFO get_files:scan_sources: tailwindcss_oxide::scanner: Discovering "E:\\Hemant\\smartmeet\\src\\app\\dashboard"
2025-12-26T09:19:30.124074Z  INFO get_files:scan_sources: tailwindcss_oxide::scanner: Discovering "E:\\Hemant\\smartmeet\\src\\app\\dashboard\\help"
2025-12-26T09:19:30.124279Z  INFO get_files:scan_sources: tailwindcss_oxide::scanner: Discovering "E:\\Hemant\\smartmeet\\src\\app\\dashboard\\integrations"
2025-12-26T09:19:30.124544Z  INFO get_files:scan_sources: tailwindcss_oxide::scanner: Discovering "E:\\Hemant\\smartmeet\\src\\app\\dashboard\\recordings"
2025-12-26T09:19:30.124731Z  INFO get_files:scan_sources: tailwindcss_oxide::scanner: Discovering "E:\\Hemant\\smartmeet\\src\\app\\dashboard\\recordings\\[id]"
2025-12-26T09:19:30.124947Z  INFO get_files:scan_sources: tailwindcss_oxide::scanner: Discovering "E:\\Hemant\\smartmeet\\src\\app\\dashboard\\settings"
2025-12-26T09:19:30.125148Z  INFO get_files:scan_sources: tailwindcss_oxide::scanner: Discovering "E:\\Hemant\\smartmeet\\src\\app\\dashboard\\team"
2025-12-26T09:19:30.125438Z  INFO get_files:scan_sources: tailwindcss_oxide::scanner: Discovering "E:\\Hemant\\smartmeet\\src\\app\\login"
2025-12-26T09:19:30.125688Z  INFO get_files:scan_sources: tailwindcss_oxide::scanner: Discovering "E:\\Hemant\\smartmeet\\src\\components"
2025-12-26T09:19:30.125909Z  INFO get_files:scan_sources: tailwindcss_oxide::scanner: Discovering "E:\\Hemant\\smartmeet\\src\\components\\dashboard"
2025-12-26T09:19:30.126667Z  INFO get_files:scan_sources: tailwindcss_oxide::scanner: Discovering "E:\\Hemant\\smartmeet\\src\\config"
2025-12-26T09:19:30.127574Z  INFO get_files:scan_sources: tailwindcss_oxide::scanner: Discovering "E:\\Hemant\\smartmeet\\src\\context"
2025-12-26T09:19:30.128290Z  INFO get_files:scan_sources: tailwindcss_oxide::scanner: Discovering "E:\\Hemant\\smartmeet\\src\\data"
2025-12-26T09:19:30.128546Z  INFO get_files:scan_sources: tailwindcss_oxide::scanner: Discovering "E:\\Hemant\\smartmeet\\src\\hooks"
2025-12-26T09:19:30.128782Z  INFO get_files:scan_sources: tailwindcss_oxide::scanner: Discovering "E:\\Hemant\\smartmeet\\src\\lib"
2025-12-26T09:19:30.129053Z  INFO get_files:scan_sources: tailwindcss_oxide::scanner: Discovering "E:\\Hemant\\smartmeet\\src\\services"
2025-12-26T09:19:30.129253Z  INFO get_files:scan_sources: tailwindcss_oxide::scanner: Discovering "E:\\Hemant\\smartmeet\\src\\types"
2025-12-26T09:19:30.129456Z  INFO get_files:scan_sources: tailwindcss_oxide::scanner: Discovering "E:\\Hemant\\smartmeet\\src\\utils"
2025-12-26T09:19:30.129744Z  INFO get_files:scan_sources: tailwindcss_oxide::scanner: exit
2025-12-26T09:19:30.129861Z  INFO get_files: tailwindcss_oxide::scanner: exit
2025-12-26T09:19:30.130172Z  INFO get_globs: tailwindcss_oxide::scanner: enter
2025-12-26T09:19:30.130181Z  INFO get_globs:scan_sources: tailwindcss_oxide::scanner: enter
2025-12-26T09:19:30.131680Z  INFO get_globs:scan_sources: tailwindcss_oxide::scanner: Discovering "E:\\Hemant\\smartmeet\\prisma"
2025-12-26T09:19:30.131848Z  INFO get_globs:scan_sources: tailwindcss_oxide::scanner: Discovering "E:\\Hemant\\smartmeet\\prisma\\migrations"
2025-12-26T09:19:30.132002Z  INFO get_globs:scan_sources: tailwindcss_oxide::scanner: Discovering "E:\\Hemant\\smartmeet\\prisma\\migrations\\20251223094941_init"
2025-12-26T09:19:30.132319Z  INFO get_globs:scan_sources: tailwindcss_oxide::scanner: Discovering "E:\\Hemant\\smartmeet\\public"
2025-12-26T09:19:30.132525Z  INFO get_globs:scan_sources: tailwindcss_oxide::scanner: Discovering "E:\\Hemant\\smartmeet\\src"
2025-12-26T09:19:30.132683Z  INFO get_globs:scan_sources: tailwindcss_oxide::scanner: Discovering "E:\\Hemant\\smartmeet\\src\\actions"
2025-12-26T09:19:30.132914Z  INFO get_globs:scan_sources: tailwindcss_oxide::scanner: Discovering "E:\\Hemant\\smartmeet\\src\\app"
2025-12-26T09:19:30.133067Z  INFO get_globs:scan_sources: tailwindcss_oxide::scanner: Discovering "E:\\Hemant\\smartmeet\\src\\app\\api"
2025-12-26T09:19:30.133220Z  INFO get_globs:scan_sources: tailwindcss_oxide::scanner: Discovering "E:\\Hemant\\smartmeet\\src\\app\\api\\auth"
2025-12-26T09:19:30.133378Z  INFO get_globs:scan_sources: tailwindcss_oxide::scanner: Discovering "E:\\Hemant\\smartmeet\\src\\app\\api\\auth\\[...nextauth]"
2025-12-26T09:19:30.133621Z  INFO get_globs:scan_sources: tailwindcss_oxide::scanner: Discovering "E:\\Hemant\\smartmeet\\src\\app\\dashboard"
2025-12-26T09:19:30.133824Z  INFO get_globs:scan_sources: tailwindcss_oxide::scanner: Discovering "E:\\Hemant\\smartmeet\\src\\app\\dashboard\\help"
2025-12-26T09:19:30.134025Z  INFO get_globs:scan_sources: tailwindcss_oxide::scanner: Discovering "E:\\Hemant\\smartmeet\\src\\app\\dashboard\\integrations"
2025-12-26T09:19:30.134288Z  INFO get_globs:scan_sources: tailwindcss_oxide::scanner: Discovering "E:\\Hemant\\smartmeet\\src\\app\\dashboard\\recordings"
2025-12-26T09:19:30.134470Z  INFO get_globs:scan_sources: tailwindcss_oxide::scanner: Discovering "E:\\Hemant\\smartmeet\\src\\app\\dashboard\\recordings\\[id]"
2025-12-26T09:19:30.134683Z  INFO get_globs:scan_sources: tailwindcss_oxide::scanner: Discovering "E:\\Hemant\\smartmeet\\src\\app\\dashboard\\settings"
2025-12-26T09:19:30.134881Z  INFO get_globs:scan_sources: tailwindcss_oxide::scanner: Discovering "E:\\Hemant\\smartmeet\\src\\app\\dashboard\\team"
2025-12-26T09:19:30.135160Z  INFO get_globs:scan_sources: tailwindcss_oxide::scanner: Discovering "E:\\Hemant\\smartmeet\\src\\app\\login"
2025-12-26T09:19:30.135418Z  INFO get_globs:scan_sources: tailwindcss_oxide::scanner: Discovering "E:\\Hemant\\smartmeet\\src\\components"
2025-12-26T09:19:30.135642Z  INFO get_globs:scan_sources: tailwindcss_oxide::scanner: Discovering "E:\\Hemant\\smartmeet\\src\\components\\dashboard"
2025-12-26T09:19:30.136123Z  INFO get_globs:scan_sources: tailwindcss_oxide::scanner: Discovering "E:\\Hemant\\smartmeet\\src\\config"
2025-12-26T09:19:30.136352Z  INFO get_globs:scan_sources: tailwindcss_oxide::scanner: Discovering "E:\\Hemant\\smartmeet\\src\\context"
2025-12-26T09:19:30.136548Z  INFO get_globs:scan_sources: tailwindcss_oxide::scanner: Discovering "E:\\Hemant\\smartmeet\\src\\data"
2025-12-26T09:19:30.136709Z  INFO get_globs:scan_sources: tailwindcss_oxide::scanner: Discovering "E:\\Hemant\\smartmeet\\src\\hooks"
2025-12-26T09:19:30.136907Z  INFO get_globs:scan_sources: tailwindcss_oxide::scanner: Discovering "E:\\Hemant\\smartmeet\\src\\lib"
2025-12-26T09:19:30.137161Z  INFO get_globs:scan_sources: tailwindcss_oxide::scanner: Discovering "E:\\Hemant\\smartmeet\\src\\services"
2025-12-26T09:19:30.137355Z  INFO get_globs:scan_sources: tailwindcss_oxide::scanner: Discovering "E:\\Hemant\\smartmeet\\src\\types"
2025-12-26T09:19:30.137553Z  INFO get_globs:scan_sources: tailwindcss_oxide::scanner: Discovering "E:\\Hemant\\smartmeet\\src\\utils"
2025-12-26T09:19:30.137849Z  INFO get_globs:scan_sources: tailwindcss_oxide::scanner: exit
2025-12-26T09:19:30.144139Z  INFO get_globs: tailwindcss_oxide::scanner: exit
