2025-12-26T09:49:34.206993Z  INFO tailwindcss_oxide::scanner: Provided sources:
2025-12-26T09:49:34.207110Z  INFO tailwindcss_oxide::scanner: Source: PublicSourceEntry { base: "E:\\Hemant\\smartmeet", pattern: "**/*", negated: false }
2025-12-26T09:49:34.207325Z  INFO tailwindcss_oxide::scanner: Optimized sources:
2025-12-26T09:49:34.207346Z  INFO tailwindcss_oxide::scanner: Source: Auto { base: "E:\\Hemant\\smartmeet" }
2025-12-26T09:49:34.209644Z  INFO scan_sources: tailwindcss_oxide::scanner: enter
2025-12-26T09:49:34.211321Z  INFO scan_sources: tailwindcss_oxide::scanner: Discovering "E:\\Hemant\\smartmeet\\eslint.config.mjs"
2025-12-26T09:49:34.211422Z  INFO scan_sources: tailwindcss_oxide::scanner: Discovering "E:\\Hemant\\smartmeet\\middleware.ts"
2025-12-26T09:49:34.211957Z  INFO scan_sources: tailwindcss_oxide::scanner: Discovering "E:\\Hemant\\smartmeet\\next.config.js"
2025-12-26T09:49:34.212025Z  INFO scan_sources: tailwindcss_oxide::scanner: Discovering "E:\\Hemant\\smartmeet\\next.config.ts"
2025-12-26T09:49:34.212550Z  INFO scan_sources: tailwindcss_oxide::scanner: Discovering "E:\\Hemant\\smartmeet\\package.json"
2025-12-26T09:49:34.212701Z  INFO scan_sources: tailwindcss_oxide::scanner: Discovering "E:\\Hemant\\smartmeet\\postcss.config.mjs"
2025-12-26T09:49:34.212837Z  INFO scan_sources: tailwindcss_oxide::scanner: Discovering "E:\\Hemant\\smartmeet\\prisma"
2025-12-26T09:49:34.212993Z  INFO scan_sources: tailwindcss_oxide::scanner: Discovering "E:\\Hemant\\smartmeet\\prisma\\dev.db-journal"
2025-12-26T09:49:34.213115Z  INFO scan_sources: tailwindcss_oxide::scanner: Discovering "E:\\Hemant\\smartmeet\\prisma\\migrations"
2025-12-26T09:49:34.213386Z  INFO scan_sources: tailwindcss_oxide::scanner: Discovering "E:\\Hemant\\smartmeet\\prisma\\migrations\\20251223094941_init"
2025-12-26T09:49:34.213531Z  INFO scan_sources: tailwindcss_oxide::scanner: Discovering "E:\\Hemant\\smartmeet\\prisma\\migrations\\20251223094941_init\\migration.sql"
2025-12-26T09:49:34.213654Z  INFO scan_sources: tailwindcss_oxide::scanner: Discovering "E:\\Hemant\\smartmeet\\prisma\\migrations\\20251226094245_add_verification_token"
2025-12-26T09:49:34.213802Z  INFO scan_sources: tailwindcss_oxide::scanner: Discovering "E:\\Hemant\\smartmeet\\prisma\\migrations\\20251226094245_add_verification_token\\migration.sql"
2025-12-26T09:49:34.213931Z  INFO scan_sources: tailwindcss_oxide::scanner: Discovering "E:\\Hemant\\smartmeet\\prisma\\migrations\\20251226094348_add_user_roles"
2025-12-26T09:49:34.214055Z  INFO scan_sources: tailwindcss_oxide::scanner: Discovering "E:\\Hemant\\smartmeet\\prisma\\migrations\\20251226094348_add_user_roles\\migration.sql"
2025-12-26T09:49:34.214135Z  INFO scan_sources: tailwindcss_oxide::scanner: Discovering "E:\\Hemant\\smartmeet\\prisma\\migrations\\migration_lock.toml"
2025-12-26T09:49:34.214218Z  INFO scan_sources: tailwindcss_oxide::scanner: Discovering "E:\\Hemant\\smartmeet\\prisma\\schema.prisma"
2025-12-26T09:49:34.214336Z  INFO scan_sources: tailwindcss_oxide::scanner: Discovering "E:\\Hemant\\smartmeet\\public"
2025-12-26T09:49:34.214480Z  INFO scan_sources: tailwindcss_oxide::scanner: Discovering "E:\\Hemant\\smartmeet\\README.md"
2025-12-26T09:49:34.214577Z  INFO scan_sources: tailwindcss_oxide::scanner: Discovering "E:\\Hemant\\smartmeet\\src"
2025-12-26T09:49:34.214739Z  INFO scan_sources: tailwindcss_oxide::scanner: Discovering "E:\\Hemant\\smartmeet\\src\\actions"
2025-12-26T09:49:34.214858Z  INFO scan_sources: tailwindcss_oxide::scanner: Discovering "E:\\Hemant\\smartmeet\\src\\actions\\auth.ts"
2025-12-26T09:49:34.214922Z  INFO scan_sources: tailwindcss_oxide::scanner: Discovering "E:\\Hemant\\smartmeet\\src\\actions\\meeting.ts"
2025-12-26T09:49:34.215034Z  INFO scan_sources: tailwindcss_oxide::scanner: Discovering "E:\\Hemant\\smartmeet\\src\\app"
2025-12-26T09:49:34.215206Z  INFO scan_sources: tailwindcss_oxide::scanner: Discovering "E:\\Hemant\\smartmeet\\src\\app\\api"
2025-12-26T09:49:34.215371Z  INFO scan_sources: tailwindcss_oxide::scanner: Discovering "E:\\Hemant\\smartmeet\\src\\app\\api\\auth"
2025-12-26T09:49:34.215580Z  INFO scan_sources: tailwindcss_oxide::scanner: Discovering "E:\\Hemant\\smartmeet\\src\\app\\api\\auth\\verify-email"
2025-12-26T09:49:34.215734Z  INFO scan_sources: tailwindcss_oxide::scanner: Discovering "E:\\Hemant\\smartmeet\\src\\app\\api\\auth\\verify-email\\route.ts"
2025-12-26T09:49:34.215857Z  INFO scan_sources: tailwindcss_oxide::scanner: Discovering "E:\\Hemant\\smartmeet\\src\\app\\api\\auth\\[...nextauth]"
2025-12-26T09:49:34.215984Z  INFO scan_sources: tailwindcss_oxide::scanner: Discovering "E:\\Hemant\\smartmeet\\src\\app\\api\\auth\\[...nextauth]\\route.ts"
2025-12-26T09:49:34.216132Z  INFO scan_sources: tailwindcss_oxide::scanner: Discovering "E:\\Hemant\\smartmeet\\src\\app\\dashboard"
2025-12-26T09:49:34.216257Z  INFO scan_sources: tailwindcss_oxide::scanner: Discovering "E:\\Hemant\\smartmeet\\src\\app\\dashboard\\error.tsx"
2025-12-26T09:49:34.216356Z  INFO scan_sources: tailwindcss_oxide::scanner: Discovering "E:\\Hemant\\smartmeet\\src\\app\\dashboard\\help"
2025-12-26T09:49:34.216476Z  INFO scan_sources: tailwindcss_oxide::scanner: Discovering "E:\\Hemant\\smartmeet\\src\\app\\dashboard\\help\\page.tsx"
2025-12-26T09:49:34.216589Z  INFO scan_sources: tailwindcss_oxide::scanner: Discovering "E:\\Hemant\\smartmeet\\src\\app\\dashboard\\integrations"
2025-12-26T09:49:34.216709Z  INFO scan_sources: tailwindcss_oxide::scanner: Discovering "E:\\Hemant\\smartmeet\\src\\app\\dashboard\\integrations\\page.tsx"
2025-12-26T09:49:34.216788Z  INFO scan_sources: tailwindcss_oxide::scanner: Discovering "E:\\Hemant\\smartmeet\\src\\app\\dashboard\\layout.tsx"
2025-12-26T09:49:34.216849Z  INFO scan_sources: tailwindcss_oxide::scanner: Discovering "E:\\Hemant\\smartmeet\\src\\app\\dashboard\\page.tsx"
2025-12-26T09:49:34.216946Z  INFO scan_sources: tailwindcss_oxide::scanner: Discovering "E:\\Hemant\\smartmeet\\src\\app\\dashboard\\recordings"
2025-12-26T09:49:34.217067Z  INFO scan_sources: tailwindcss_oxide::scanner: Discovering "E:\\Hemant\\smartmeet\\src\\app\\dashboard\\recordings\\page.tsx"
2025-12-26T09:49:34.217163Z  INFO scan_sources: tailwindcss_oxide::scanner: Discovering "E:\\Hemant\\smartmeet\\src\\app\\dashboard\\recordings\\[id]"
2025-12-26T09:49:34.217282Z  INFO scan_sources: tailwindcss_oxide::scanner: Discovering "E:\\Hemant\\smartmeet\\src\\app\\dashboard\\recordings\\[id]\\page.tsx"
2025-12-26T09:49:34.217412Z  INFO scan_sources: tailwindcss_oxide::scanner: Discovering "E:\\Hemant\\smartmeet\\src\\app\\dashboard\\settings"
2025-12-26T09:49:34.217533Z  INFO scan_sources: tailwindcss_oxide::scanner: Discovering "E:\\Hemant\\smartmeet\\src\\app\\dashboard\\settings\\page.tsx"
2025-12-26T09:49:34.217676Z  INFO scan_sources: tailwindcss_oxide::scanner: Discovering "E:\\Hemant\\smartmeet\\src\\app\\dashboard\\team"
2025-12-26T09:49:34.217801Z  INFO scan_sources: tailwindcss_oxide::scanner: Discovering "E:\\Hemant\\smartmeet\\src\\app\\dashboard\\team\\page.tsx"
2025-12-26T09:49:34.217911Z  INFO scan_sources: tailwindcss_oxide::scanner: Discovering "E:\\Hemant\\smartmeet\\src\\app\\globals.css"
2025-12-26T09:49:34.217972Z  INFO scan_sources: tailwindcss_oxide::scanner: Discovering "E:\\Hemant\\smartmeet\\src\\app\\layout.tsx"
2025-12-26T09:49:34.218722Z  INFO scan_sources: tailwindcss_oxide::scanner: Discovering "E:\\Hemant\\smartmeet\\src\\app\\login"
2025-12-26T09:49:34.218971Z  INFO scan_sources: tailwindcss_oxide::scanner: Discovering "E:\\Hemant\\smartmeet\\src\\app\\login\\page.tsx"
2025-12-26T09:49:34.219117Z  INFO scan_sources: tailwindcss_oxide::scanner: Discovering "E:\\Hemant\\smartmeet\\src\\app\\page.tsx"
2025-12-26T09:49:34.219289Z  INFO scan_sources: tailwindcss_oxide::scanner: Discovering "E:\\Hemant\\smartmeet\\src\\components"
2025-12-26T09:49:34.219500Z  INFO scan_sources: tailwindcss_oxide::scanner: Discovering "E:\\Hemant\\smartmeet\\src\\components\\Button.tsx"
2025-12-26T09:49:34.219569Z  INFO scan_sources: tailwindcss_oxide::scanner: Discovering "E:\\Hemant\\smartmeet\\src\\components\\CTA.tsx"
2025-12-26T09:49:34.219677Z  INFO scan_sources: tailwindcss_oxide::scanner: Discovering "E:\\Hemant\\smartmeet\\src\\components\\dashboard"
2025-12-26T09:49:34.219994Z  INFO scan_sources: tailwindcss_oxide::scanner: Discovering "E:\\Hemant\\smartmeet\\src\\components\\dashboard\\Sidebar.tsx"
2025-12-26T09:49:34.220093Z  INFO scan_sources: tailwindcss_oxide::scanner: Discovering "E:\\Hemant\\smartmeet\\src\\components\\FeatureCard.tsx"
2025-12-26T09:49:34.220164Z  INFO scan_sources: tailwindcss_oxide::scanner: Discovering "E:\\Hemant\\smartmeet\\src\\components\\Features.tsx"
2025-12-26T09:49:34.220228Z  INFO scan_sources: tailwindcss_oxide::scanner: Discovering "E:\\Hemant\\smartmeet\\src\\components\\Footer.tsx"
2025-12-26T09:49:34.220291Z  INFO scan_sources: tailwindcss_oxide::scanner: Discovering "E:\\Hemant\\smartmeet\\src\\components\\Hero.tsx"
2025-12-26T09:49:34.220353Z  INFO scan_sources: tailwindcss_oxide::scanner: Discovering "E:\\Hemant\\smartmeet\\src\\components\\HowItWorks.tsx"
2025-12-26T09:49:34.220414Z  INFO scan_sources: tailwindcss_oxide::scanner: Discovering "E:\\Hemant\\smartmeet\\src\\components\\ModeToggle.tsx"
2025-12-26T09:49:34.220475Z  INFO scan_sources: tailwindcss_oxide::scanner: Discovering "E:\\Hemant\\smartmeet\\src\\components\\Navbar.tsx"
2025-12-26T09:49:34.220536Z  INFO scan_sources: tailwindcss_oxide::scanner: Discovering "E:\\Hemant\\smartmeet\\src\\components\\Pricing.tsx"
2025-12-26T09:49:34.220598Z  INFO scan_sources: tailwindcss_oxide::scanner: Discovering "E:\\Hemant\\smartmeet\\src\\components\\ThemeProvider.tsx"
2025-12-26T09:49:34.220733Z  INFO scan_sources: tailwindcss_oxide::scanner: Discovering "E:\\Hemant\\smartmeet\\src\\config"
2025-12-26T09:49:34.220871Z  INFO scan_sources: tailwindcss_oxide::scanner: Discovering "E:\\Hemant\\smartmeet\\src\\config\\extension.ts"
2025-12-26T09:49:34.220933Z  INFO scan_sources: tailwindcss_oxide::scanner: Discovering "E:\\Hemant\\smartmeet\\src\\config\\marketing.ts"
2025-12-26T09:49:34.221047Z  INFO scan_sources: tailwindcss_oxide::scanner: Discovering "E:\\Hemant\\smartmeet\\src\\context"
2025-12-26T09:49:34.221179Z  INFO scan_sources: tailwindcss_oxide::scanner: Discovering "E:\\Hemant\\smartmeet\\src\\context\\AuthContext.tsx"
2025-12-26T09:49:34.221292Z  INFO scan_sources: tailwindcss_oxide::scanner: Discovering "E:\\Hemant\\smartmeet\\src\\data"
2025-12-26T09:49:34.221455Z  INFO scan_sources: tailwindcss_oxide::scanner: Discovering "E:\\Hemant\\smartmeet\\src\\hooks"
2025-12-26T09:49:34.221596Z  INFO scan_sources: tailwindcss_oxide::scanner: Discovering "E:\\Hemant\\smartmeet\\src\\hooks\\useExtensionDetection.ts"
2025-12-26T09:49:34.221707Z  INFO scan_sources: tailwindcss_oxide::scanner: Discovering "E:\\Hemant\\smartmeet\\src\\lib"
2025-12-26T09:49:34.221826Z  INFO scan_sources: tailwindcss_oxide::scanner: Discovering "E:\\Hemant\\smartmeet\\src\\lib\\crypto.ts"
2025-12-26T09:49:34.221886Z  INFO scan_sources: tailwindcss_oxide::scanner: Discovering "E:\\Hemant\\smartmeet\\src\\lib\\env.ts"
2025-12-26T09:49:34.221946Z  INFO scan_sources: tailwindcss_oxide::scanner: Discovering "E:\\Hemant\\smartmeet\\src\\lib\\mail.ts"
2025-12-26T09:49:34.222006Z  INFO scan_sources: tailwindcss_oxide::scanner: Discovering "E:\\Hemant\\smartmeet\\src\\lib\\prisma.ts"
2025-12-26T09:49:34.222116Z  INFO scan_sources: tailwindcss_oxide::scanner: Discovering "E:\\Hemant\\smartmeet\\src\\services"
2025-12-26T09:49:34.222235Z  INFO scan_sources: tailwindcss_oxide::scanner: Discovering "E:\\Hemant\\smartmeet\\src\\services\\api.ts"
2025-12-26T09:49:34.222345Z  INFO scan_sources: tailwindcss_oxide::scanner: Discovering "E:\\Hemant\\smartmeet\\src\\types"
2025-12-26T09:49:34.222469Z  INFO scan_sources: tailwindcss_oxide::scanner: Discovering "E:\\Hemant\\smartmeet\\src\\types\\next-auth.d.ts"
2025-12-26T09:49:34.222579Z  INFO scan_sources: tailwindcss_oxide::scanner: Discovering "E:\\Hemant\\smartmeet\\src\\utils"
2025-12-26T09:49:34.222703Z  INFO scan_sources: tailwindcss_oxide::scanner: Discovering "E:\\Hemant\\smartmeet\\src\\utils\\text.ts"
2025-12-26T09:49:34.222808Z  INFO scan_sources: tailwindcss_oxide::scanner: Discovering "E:\\Hemant\\smartmeet\\tailwind.config.ts"
2025-12-26T09:49:34.222907Z  INFO scan_sources: tailwindcss_oxide::scanner: Discovering "E:\\Hemant\\smartmeet\\tsconfig.json"
2025-12-26T09:49:34.223114Z  INFO scan_sources: tailwindcss_oxide::scanner: exit
2025-12-26T09:49:34.223128Z  INFO extract_candidates: tailwindcss_oxide::scanner: enter
2025-12-26T09:49:34.223137Z  INFO extract_candidates:read_all_files: tailwindcss_oxide::scanner: enter
2025-12-26T09:49:34.223141Z  INFO extract_candidates:read_all_files: tailwindcss_oxide::scanner: Reading 54 file(s)
2025-12-26T09:49:34.223517Z  INFO tailwindcss_oxide::scanner: Reading "E:\\Hemant\\smartmeet\\eslint.config.mjs"
2025-12-26T09:49:34.223619Z  INFO tailwindcss_oxide::scanner: Reading "E:\\Hemant\\smartmeet\\middleware.ts"
2025-12-26T09:49:34.223618Z  INFO tailwindcss_oxide::scanner: Reading "E:\\Hemant\\smartmeet\\src\\app\\login\\page.tsx"
2025-12-26T09:49:34.223714Z  INFO tailwindcss_oxide::scanner: Reading "E:\\Hemant\\smartmeet\\src\\app\\page.tsx"
2025-12-26T09:49:34.223722Z  INFO tailwindcss_oxide::scanner: Reading "E:\\Hemant\\smartmeet\\next.config.js"
2025-12-26T09:49:34.223757Z  INFO tailwindcss_oxide::scanner: Reading "E:\\Hemant\\smartmeet\\src\\actions\\auth.ts"
2025-12-26T09:49:34.223775Z  INFO tailwindcss_oxide::scanner: Reading "E:\\Hemant\\smartmeet\\src\\components\\Button.tsx"
2025-12-26T09:49:34.223770Z  INFO tailwindcss_oxide::scanner: Reading "E:\\Hemant\\smartmeet\\src\\components\\ThemeProvider.tsx"
2025-12-26T09:49:34.223840Z  INFO tailwindcss_oxide::scanner: Reading "E:\\Hemant\\smartmeet\\src\\components\\CTA.tsx"
2025-12-26T09:49:34.223850Z  INFO tailwindcss_oxide::scanner: Reading "E:\\Hemant\\smartmeet\\src\\config\\extension.ts"
2025-12-26T09:49:34.223856Z  INFO tailwindcss_oxide::scanner: Reading "E:\\Hemant\\smartmeet\\src\\actions\\meeting.ts"
2025-12-26T09:49:34.223854Z  INFO tailwindcss_oxide::scanner: Reading "E:\\Hemant\\smartmeet\\prisma\\dev.db-journal"
2025-12-26T09:49:34.223900Z  INFO tailwindcss_oxide::scanner: Reading "E:\\Hemant\\smartmeet\\next.config.ts"
2025-12-26T09:49:34.223908Z  INFO tailwindcss_oxide::scanner: Reading "E:\\Hemant\\smartmeet\\src\\components\\dashboard\\Sidebar.tsx"
2025-12-26T09:49:34.223914Z  INFO tailwindcss_oxide::scanner: Reading "E:\\Hemant\\smartmeet\\src\\config\\marketing.ts"
2025-12-26T09:49:34.223923Z  INFO tailwindcss_oxide::scanner: Reading "E:\\Hemant\\smartmeet\\src\\app\\api\\auth\\verify-email\\route.ts"
2025-12-26T09:49:34.223960Z  INFO tailwindcss_oxide::scanner: Reading "E:\\Hemant\\smartmeet\\prisma\\migrations\\20251223094941_init\\migration.sql"
2025-12-26T09:49:34.223970Z  INFO tailwindcss_oxide::scanner: Reading "E:\\Hemant\\smartmeet\\src\\components\\FeatureCard.tsx"
2025-12-26T09:49:34.223974Z  INFO tailwindcss_oxide::scanner: Reading "E:\\Hemant\\smartmeet\\package.json"
2025-12-26T09:49:34.223976Z  INFO tailwindcss_oxide::scanner: Reading "E:\\Hemant\\smartmeet\\src\\context\\AuthContext.tsx"
2025-12-26T09:49:34.223989Z  INFO tailwindcss_oxide::scanner: Reading "E:\\Hemant\\smartmeet\\src\\app\\api\\auth\\[...nextauth]\\route.ts"
2025-12-26T09:49:34.224027Z  INFO tailwindcss_oxide::scanner: Reading "E:\\Hemant\\smartmeet\\src\\components\\Features.tsx"
2025-12-26T09:49:34.224031Z  INFO tailwindcss_oxide::scanner: Reading "E:\\Hemant\\smartmeet\\prisma\\migrations\\20251226094245_add_verification_token\\migration.sql"
2025-12-26T09:49:34.224037Z  INFO tailwindcss_oxide::scanner: Reading "E:\\Hemant\\smartmeet\\src\\hooks\\useExtensionDetection.ts"
2025-12-26T09:49:34.224047Z  INFO tailwindcss_oxide::scanner: Reading "E:\\Hemant\\smartmeet\\src\\app\\dashboard\\error.tsx"
2025-12-26T09:49:34.224055Z  INFO tailwindcss_oxide::scanner: Reading "E:\\Hemant\\smartmeet\\postcss.config.mjs"
2025-12-26T09:49:34.224084Z  INFO tailwindcss_oxide::scanner: Reading "E:\\Hemant\\smartmeet\\src\\components\\Footer.tsx"
2025-12-26T09:49:34.224097Z  INFO tailwindcss_oxide::scanner: Reading "E:\\Hemant\\smartmeet\\prisma\\migrations\\20251226094348_add_user_roles\\migration.sql"
2025-12-26T09:49:34.224097Z  INFO tailwindcss_oxide::scanner: Reading "E:\\Hemant\\smartmeet\\src\\lib\\crypto.ts"
2025-12-26T09:49:34.224107Z  INFO tailwindcss_oxide::scanner: Reading "E:\\Hemant\\smartmeet\\src\\app\\dashboard\\help\\page.tsx"
2025-12-26T09:49:34.224141Z  INFO tailwindcss_oxide::scanner: Reading "E:\\Hemant\\smartmeet\\src\\app\\dashboard\\layout.tsx"
2025-12-26T09:49:34.224238Z  INFO tailwindcss_oxide::scanner: Reading "E:\\Hemant\\smartmeet\\prisma\\migrations\\migration_lock.toml"
2025-12-26T09:49:34.224268Z  INFO tailwindcss_oxide::scanner: Reading "E:\\Hemant\\smartmeet\\src\\lib\\env.ts"
2025-12-26T09:49:34.224264Z  INFO tailwindcss_oxide::scanner: Reading "E:\\Hemant\\smartmeet\\src\\app\\dashboard\\recordings\\[id]\\page.tsx"
2025-12-26T09:49:34.224282Z  INFO tailwindcss_oxide::scanner: Reading "E:\\Hemant\\smartmeet\\src\\app\\dashboard\\integrations\\page.tsx"
2025-12-26T09:49:34.224313Z  INFO tailwindcss_oxide::scanner: Reading "E:\\Hemant\\smartmeet\\prisma\\schema.prisma"
2025-12-26T09:49:34.224319Z  INFO tailwindcss_oxide::scanner: Reading "E:\\Hemant\\smartmeet\\src\\app\\dashboard\\page.tsx"
2025-12-26T09:49:34.224335Z  INFO tailwindcss_oxide::scanner: Reading "E:\\Hemant\\smartmeet\\src\\lib\\mail.ts"
2025-12-26T09:49:34.224348Z  INFO tailwindcss_oxide::scanner: Reading "E:\\Hemant\\smartmeet\\src\\app\\dashboard\\team\\page.tsx"
2025-12-26T09:49:34.224365Z  INFO tailwindcss_oxide::scanner: Reading "E:\\Hemant\\smartmeet\\src\\app\\dashboard\\settings\\page.tsx"
2025-12-26T09:49:34.224383Z  INFO tailwindcss_oxide::scanner: Reading "E:\\Hemant\\smartmeet\\README.md"
2025-12-26T09:49:34.224391Z  INFO tailwindcss_oxide::scanner: Reading "E:\\Hemant\\smartmeet\\src\\app\\dashboard\\recordings\\page.tsx"
2025-12-26T09:49:34.224399Z  INFO tailwindcss_oxide::scanner: Reading "E:\\Hemant\\smartmeet\\src\\lib\\prisma.ts"
2025-12-26T09:49:34.224416Z  INFO tailwindcss_oxide::scanner: Reading "E:\\Hemant\\smartmeet\\src\\app\\layout.tsx"
2025-12-26T09:49:34.224433Z  INFO tailwindcss_oxide::scanner: Reading "E:\\Hemant\\smartmeet\\src\\components\\HowItWorks.tsx"
2025-12-26T09:49:34.224455Z  INFO tailwindcss_oxide::scanner: Reading "E:\\Hemant\\smartmeet\\src\\types\\next-auth.d.ts"
2025-12-26T09:49:34.224464Z  INFO tailwindcss_oxide::scanner: Reading "E:\\Hemant\\smartmeet\\src\\services\\api.ts"
2025-12-26T09:49:34.224145Z  INFO tailwindcss_oxide::scanner: Reading "E:\\Hemant\\smartmeet\\src\\components\\Hero.tsx"
2025-12-26T09:49:34.224486Z  INFO tailwindcss_oxide::scanner: Reading "E:\\Hemant\\smartmeet\\src\\components\\Navbar.tsx"
2025-12-26T09:49:34.224512Z  INFO tailwindcss_oxide::scanner: Reading "E:\\Hemant\\smartmeet\\src\\components\\ModeToggle.tsx"
2025-12-26T09:49:34.224520Z  INFO tailwindcss_oxide::scanner: Reading "E:\\Hemant\\smartmeet\\tailwind.config.ts"
2025-12-26T09:49:34.224519Z  INFO tailwindcss_oxide::scanner: Reading "E:\\Hemant\\smartmeet\\src\\utils\\text.ts"
2025-12-26T09:49:34.224533Z  INFO tailwindcss_oxide::scanner: Reading "E:\\Hemant\\smartmeet\\src\\components\\Pricing.tsx"
2025-12-26T09:49:34.224540Z  INFO tailwindcss_oxide::scanner: Reading "E:\\Hemant\\smartmeet\\tsconfig.json"
2025-12-26T09:49:34.224639Z  INFO extract_candidates:read_all_files: tailwindcss_oxide::scanner: exit
2025-12-26T09:49:34.224653Z  INFO extract_candidates:parse_all_blobs: tailwindcss_oxide::scanner: enter
2025-12-26T09:49:34.224659Z  INFO extract_candidates:parse_all_blobs:extract: tailwindcss_oxide::scanner: enter
2025-12-26T09:49:34.226664Z  INFO extract_candidates:parse_all_blobs:extract: tailwindcss_oxide::scanner: exit
2025-12-26T09:49:34.226767Z  INFO extract_candidates:parse_all_blobs: tailwindcss_oxide::scanner: exit
2025-12-26T09:49:34.226775Z  INFO extract_candidates:read_all_files: tailwindcss_oxide::scanner: enter
2025-12-26T09:49:34.226779Z  INFO extract_candidates:read_all_files: tailwindcss_oxide::scanner: Reading 1 file(s)
2025-12-26T09:49:34.226872Z  INFO extract_candidates:read_all_files: tailwindcss_oxide::scanner: Reading "E:\\Hemant\\smartmeet\\src\\app\\globals.css"
2025-12-26T09:49:34.226885Z  INFO extract_candidates:read_all_files: tailwindcss_oxide::scanner: exit
2025-12-26T09:49:34.226896Z  INFO extract_candidates:extract_css_variables: tailwindcss_oxide::scanner: enter
2025-12-26T09:49:34.226901Z  INFO extract_candidates:extract_css_variables:extract: tailwindcss_oxide::scanner: enter
2025-12-26T09:49:34.226995Z  INFO extract_candidates:extract_css_variables:extract: tailwindcss_oxide::scanner: exit
2025-12-26T09:49:34.227009Z  INFO extract_candidates:extract_css_variables: tailwindcss_oxide::scanner: exit
2025-12-26T09:49:34.227440Z  INFO extract_candidates: tailwindcss_oxide::scanner: exit
2025-12-26T09:49:34.228362Z  INFO get_files: tailwindcss_oxide::scanner: enter
2025-12-26T09:49:34.228373Z  INFO get_files:scan_sources: tailwindcss_oxide::scanner: enter
2025-12-26T09:49:34.230538Z  INFO get_files:scan_sources: tailwindcss_oxide::scanner: Discovering "E:\\Hemant\\smartmeet\\prisma"
2025-12-26T09:49:34.230795Z  INFO get_files:scan_sources: tailwindcss_oxide::scanner: Discovering "E:\\Hemant\\smartmeet\\prisma\\migrations"
2025-12-26T09:49:34.230963Z  INFO get_files:scan_sources: tailwindcss_oxide::scanner: Discovering "E:\\Hemant\\smartmeet\\prisma\\migrations\\20251223094941_init"
2025-12-26T09:49:34.231201Z  INFO get_files:scan_sources: tailwindcss_oxide::scanner: Discovering "E:\\Hemant\\smartmeet\\prisma\\migrations\\20251226094245_add_verification_token"
2025-12-26T09:49:34.231426Z  INFO get_files:scan_sources: tailwindcss_oxide::scanner: Discovering "E:\\Hemant\\smartmeet\\prisma\\migrations\\20251226094348_add_user_roles"
2025-12-26T09:49:34.231741Z  INFO get_files:scan_sources: tailwindcss_oxide::scanner: Discovering "E:\\Hemant\\smartmeet\\public"
2025-12-26T09:49:34.232060Z  INFO get_files:scan_sources: tailwindcss_oxide::scanner: Discovering "E:\\Hemant\\smartmeet\\src"
2025-12-26T09:49:34.232246Z  INFO get_files:scan_sources: tailwindcss_oxide::scanner: Discovering "E:\\Hemant\\smartmeet\\src\\actions"
2025-12-26T09:49:34.232480Z  INFO get_files:scan_sources: tailwindcss_oxide::scanner: Discovering "E:\\Hemant\\smartmeet\\src\\app"
2025-12-26T09:49:34.232635Z  INFO get_files:scan_sources: tailwindcss_oxide::scanner: Discovering "E:\\Hemant\\smartmeet\\src\\app\\api"
2025-12-26T09:49:34.232799Z  INFO get_files:scan_sources: tailwindcss_oxide::scanner: Discovering "E:\\Hemant\\smartmeet\\src\\app\\api\\auth"
2025-12-26T09:49:34.232954Z  INFO get_files:scan_sources: tailwindcss_oxide::scanner: Discovering "E:\\Hemant\\smartmeet\\src\\app\\api\\auth\\verify-email"
2025-12-26T09:49:34.233160Z  INFO get_files:scan_sources: tailwindcss_oxide::scanner: Discovering "E:\\Hemant\\smartmeet\\src\\app\\api\\auth\\[...nextauth]"
2025-12-26T09:49:34.233392Z  INFO get_files:scan_sources: tailwindcss_oxide::scanner: Discovering "E:\\Hemant\\smartmeet\\src\\app\\dashboard"
2025-12-26T09:49:34.233581Z  INFO get_files:scan_sources: tailwindcss_oxide::scanner: Discovering "E:\\Hemant\\smartmeet\\src\\app\\dashboard\\help"
2025-12-26T09:49:34.233782Z  INFO get_files:scan_sources: tailwindcss_oxide::scanner: Discovering "E:\\Hemant\\smartmeet\\src\\app\\dashboard\\integrations"
2025-12-26T09:49:34.234041Z  INFO get_files:scan_sources: tailwindcss_oxide::scanner: Discovering "E:\\Hemant\\smartmeet\\src\\app\\dashboard\\recordings"
2025-12-26T09:49:34.234222Z  INFO get_files:scan_sources: tailwindcss_oxide::scanner: Discovering "E:\\Hemant\\smartmeet\\src\\app\\dashboard\\recordings\\[id]"
2025-12-26T09:49:34.234440Z  INFO get_files:scan_sources: tailwindcss_oxide::scanner: Discovering "E:\\Hemant\\smartmeet\\src\\app\\dashboard\\settings"
2025-12-26T09:49:34.234635Z  INFO get_files:scan_sources: tailwindcss_oxide::scanner: Discovering "E:\\Hemant\\smartmeet\\src\\app\\dashboard\\team"
2025-12-26T09:49:34.236323Z  INFO get_files:scan_sources: tailwindcss_oxide::scanner: Discovering "E:\\Hemant\\smartmeet\\src\\app\\login"
2025-12-26T09:49:34.236793Z  INFO get_files:scan_sources: tailwindcss_oxide::scanner: Discovering "E:\\Hemant\\smartmeet\\src\\components"
2025-12-26T09:49:34.237061Z  INFO get_files:scan_sources: tailwindcss_oxide::scanner: Discovering "E:\\Hemant\\smartmeet\\src\\components\\dashboard"
2025-12-26T09:49:34.237594Z  INFO get_files:scan_sources: tailwindcss_oxide::scanner: Discovering "E:\\Hemant\\smartmeet\\src\\config"
2025-12-26T09:49:34.237844Z  INFO get_files:scan_sources: tailwindcss_oxide::scanner: Discovering "E:\\Hemant\\smartmeet\\src\\context"
2025-12-26T09:49:34.238051Z  INFO get_files:scan_sources: tailwindcss_oxide::scanner: Discovering "E:\\Hemant\\smartmeet\\src\\data"
2025-12-26T09:49:34.238221Z  INFO get_files:scan_sources: tailwindcss_oxide::scanner: Discovering "E:\\Hemant\\smartmeet\\src\\hooks"
2025-12-26T09:49:34.238511Z  INFO get_files:scan_sources: tailwindcss_oxide::scanner: Discovering "E:\\Hemant\\smartmeet\\src\\lib"
2025-12-26T09:49:34.238827Z  INFO get_files:scan_sources: tailwindcss_oxide::scanner: Discovering "E:\\Hemant\\smartmeet\\src\\services"
2025-12-26T09:49:34.239035Z  INFO get_files:scan_sources: tailwindcss_oxide::scanner: Discovering "E:\\Hemant\\smartmeet\\src\\types"
2025-12-26T09:49:34.239245Z  INFO get_files:scan_sources: tailwindcss_oxide::scanner: Discovering "E:\\Hemant\\smartmeet\\src\\utils"
2025-12-26T09:49:34.239575Z  INFO get_files:scan_sources: tailwindcss_oxide::scanner: exit
2025-12-26T09:49:34.239819Z  INFO get_files: tailwindcss_oxide::scanner: exit
2025-12-26T09:49:34.240186Z  INFO get_globs: tailwindcss_oxide::scanner: enter
2025-12-26T09:49:34.240196Z  INFO get_globs:scan_sources: tailwindcss_oxide::scanner: enter
2025-12-26T09:49:34.241832Z  INFO get_globs:scan_sources: tailwindcss_oxide::scanner: Discovering "E:\\Hemant\\smartmeet\\prisma"
2025-12-26T09:49:34.242036Z  INFO get_globs:scan_sources: tailwindcss_oxide::scanner: Discovering "E:\\Hemant\\smartmeet\\prisma\\migrations"
2025-12-26T09:49:34.242229Z  INFO get_globs:scan_sources: tailwindcss_oxide::scanner: Discovering "E:\\Hemant\\smartmeet\\prisma\\migrations\\20251223094941_init"
2025-12-26T09:49:34.242449Z  INFO get_globs:scan_sources: tailwindcss_oxide::scanner: Discovering "E:\\Hemant\\smartmeet\\prisma\\migrations\\20251226094245_add_verification_token"
2025-12-26T09:49:34.242659Z  INFO get_globs:scan_sources: tailwindcss_oxide::scanner: Discovering "E:\\Hemant\\smartmeet\\prisma\\migrations\\20251226094348_add_user_roles"
2025-12-26T09:49:34.242998Z  INFO get_globs:scan_sources: tailwindcss_oxide::scanner: Discovering "E:\\Hemant\\smartmeet\\public"
2025-12-26T09:49:34.243209Z  INFO get_globs:scan_sources: tailwindcss_oxide::scanner: Discovering "E:\\Hemant\\smartmeet\\src"
2025-12-26T09:49:34.243426Z  INFO get_globs:scan_sources: tailwindcss_oxide::scanner: Discovering "E:\\Hemant\\smartmeet\\src\\actions"
2025-12-26T09:49:34.243662Z  INFO get_globs:scan_sources: tailwindcss_oxide::scanner: Discovering "E:\\Hemant\\smartmeet\\src\\app"
2025-12-26T09:49:34.243819Z  INFO get_globs:scan_sources: tailwindcss_oxide::scanner: Discovering "E:\\Hemant\\smartmeet\\src\\app\\api"
2025-12-26T09:49:34.243975Z  INFO get_globs:scan_sources: tailwindcss_oxide::scanner: Discovering "E:\\Hemant\\smartmeet\\src\\app\\api\\auth"
2025-12-26T09:49:34.244132Z  INFO get_globs:scan_sources: tailwindcss_oxide::scanner: Discovering "E:\\Hemant\\smartmeet\\src\\app\\api\\auth\\verify-email"
2025-12-26T09:49:34.244347Z  INFO get_globs:scan_sources: tailwindcss_oxide::scanner: Discovering "E:\\Hemant\\smartmeet\\src\\app\\api\\auth\\[...nextauth]"
2025-12-26T09:49:34.244605Z  INFO get_globs:scan_sources: tailwindcss_oxide::scanner: Discovering "E:\\Hemant\\smartmeet\\src\\app\\dashboard"
2025-12-26T09:49:34.244799Z  INFO get_globs:scan_sources: tailwindcss_oxide::scanner: Discovering "E:\\Hemant\\smartmeet\\src\\app\\dashboard\\help"
2025-12-26T09:49:34.245004Z  INFO get_globs:scan_sources: tailwindcss_oxide::scanner: Discovering "E:\\Hemant\\smartmeet\\src\\app\\dashboard\\integrations"
2025-12-26T09:49:34.245268Z  INFO get_globs:scan_sources: tailwindcss_oxide::scanner: Discovering "E:\\Hemant\\smartmeet\\src\\app\\dashboard\\recordings"
2025-12-26T09:49:34.245463Z  INFO get_globs:scan_sources: tailwindcss_oxide::scanner: Discovering "E:\\Hemant\\smartmeet\\src\\app\\dashboard\\recordings\\[id]"
2025-12-26T09:49:34.245685Z  INFO get_globs:scan_sources: tailwindcss_oxide::scanner: Discovering "E:\\Hemant\\smartmeet\\src\\app\\dashboard\\settings"
2025-12-26T09:49:34.245890Z  INFO get_globs:scan_sources: tailwindcss_oxide::scanner: Discovering "E:\\Hemant\\smartmeet\\src\\app\\dashboard\\team"
2025-12-26T09:49:34.246170Z  INFO get_globs:scan_sources: tailwindcss_oxide::scanner: Discovering "E:\\Hemant\\smartmeet\\src\\app\\login"
2025-12-26T09:49:34.246418Z  INFO get_globs:scan_sources: tailwindcss_oxide::scanner: Discovering "E:\\Hemant\\smartmeet\\src\\components"
2025-12-26T09:49:34.246640Z  INFO get_globs:scan_sources: tailwindcss_oxide::scanner: Discovering "E:\\Hemant\\smartmeet\\src\\components\\dashboard"
2025-12-26T09:49:34.247128Z  INFO get_globs:scan_sources: tailwindcss_oxide::scanner: Discovering "E:\\Hemant\\smartmeet\\src\\config"
2025-12-26T09:49:34.247360Z  INFO get_globs:scan_sources: tailwindcss_oxide::scanner: Discovering "E:\\Hemant\\smartmeet\\src\\context"
2025-12-26T09:49:34.247567Z  INFO get_globs:scan_sources: tailwindcss_oxide::scanner: Discovering "E:\\Hemant\\smartmeet\\src\\data"
2025-12-26T09:49:34.247729Z  INFO get_globs:scan_sources: tailwindcss_oxide::scanner: Discovering "E:\\Hemant\\smartmeet\\src\\hooks"
2025-12-26T09:49:34.247932Z  INFO get_globs:scan_sources: tailwindcss_oxide::scanner: Discovering "E:\\Hemant\\smartmeet\\src\\lib"
2025-12-26T09:49:34.248224Z  INFO get_globs:scan_sources: tailwindcss_oxide::scanner: Discovering "E:\\Hemant\\smartmeet\\src\\services"
2025-12-26T09:49:34.248443Z  INFO get_globs:scan_sources: tailwindcss_oxide::scanner: Discovering "E:\\Hemant\\smartmeet\\src\\types"
2025-12-26T09:49:34.248646Z  INFO get_globs:scan_sources: tailwindcss_oxide::scanner: Discovering "E:\\Hemant\\smartmeet\\src\\utils"
2025-12-26T09:49:34.248922Z  INFO get_globs:scan_sources: tailwindcss_oxide::scanner: exit
2025-12-26T09:49:34.256950Z  INFO get_globs: tailwindcss_oxide::scanner: exit
