2025-12-26T09:47:30.339111Z  INFO tailwindcss_oxide::scanner: Provided sources:
2025-12-26T09:47:30.339238Z  INFO tailwindcss_oxide::scanner: Source: PublicSourceEntry { base: "E:\\Hemant\\smartmeet", pattern: "**/*", negated: false }
2025-12-26T09:47:30.339450Z  INFO tailwindcss_oxide::scanner: Optimized sources:
2025-12-26T09:47:30.339473Z  INFO tailwindcss_oxide::scanner: Source: Auto { base: "E:\\Hemant\\smartmeet" }
2025-12-26T09:47:30.341969Z  INFO scan_sources: tailwindcss_oxide::scanner: enter
2025-12-26T09:47:30.343660Z  INFO scan_sources: tailwindcss_oxide::scanner: Discovering "E:\\Hemant\\smartmeet\\eslint.config.mjs"
2025-12-26T09:47:30.343756Z  INFO scan_sources: tailwindcss_oxide::scanner: Discovering "E:\\Hemant\\smartmeet\\middleware.ts"
2025-12-26T09:47:30.344239Z  INFO scan_sources: tailwindcss_oxide::scanner: Discovering "E:\\Hemant\\smartmeet\\next.config.js"
2025-12-26T09:47:30.344303Z  INFO scan_sources: tailwindcss_oxide::scanner: Discovering "E:\\Hemant\\smartmeet\\next.config.ts"
2025-12-26T09:47:30.344522Z  INFO scan_sources: tailwindcss_oxide::scanner: Discovering "E:\\Hemant\\smartmeet\\package.json"
2025-12-26T09:47:30.344588Z  INFO scan_sources: tailwindcss_oxide::scanner: Discovering "E:\\Hemant\\smartmeet\\postcss.config.mjs"
2025-12-26T09:47:30.344693Z  INFO scan_sources: tailwindcss_oxide::scanner: Discovering "E:\\Hemant\\smartmeet\\prisma"
2025-12-26T09:47:30.344825Z  INFO scan_sources: tailwindcss_oxide::scanner: Discovering "E:\\Hemant\\smartmeet\\prisma\\dev.db-journal"
2025-12-26T09:47:30.344925Z  INFO scan_sources: tailwindcss_oxide::scanner: Discovering "E:\\Hemant\\smartmeet\\prisma\\migrations"
2025-12-26T09:47:30.345088Z  INFO scan_sources: tailwindcss_oxide::scanner: Discovering "E:\\Hemant\\smartmeet\\prisma\\migrations\\20251223094941_init"
2025-12-26T09:47:30.345220Z  INFO scan_sources: tailwindcss_oxide::scanner: Discovering "E:\\Hemant\\smartmeet\\prisma\\migrations\\20251223094941_init\\migration.sql"
2025-12-26T09:47:30.345337Z  INFO scan_sources: tailwindcss_oxide::scanner: Discovering "E:\\Hemant\\smartmeet\\prisma\\migrations\\20251226094245_add_verification_token"
2025-12-26T09:47:30.345461Z  INFO scan_sources: tailwindcss_oxide::scanner: Discovering "E:\\Hemant\\smartmeet\\prisma\\migrations\\20251226094245_add_verification_token\\migration.sql"
2025-12-26T09:47:30.345576Z  INFO scan_sources: tailwindcss_oxide::scanner: Discovering "E:\\Hemant\\smartmeet\\prisma\\migrations\\20251226094348_add_user_roles"
2025-12-26T09:47:30.345708Z  INFO scan_sources: tailwindcss_oxide::scanner: Discovering "E:\\Hemant\\smartmeet\\prisma\\migrations\\20251226094348_add_user_roles\\migration.sql"
2025-12-26T09:47:30.345787Z  INFO scan_sources: tailwindcss_oxide::scanner: Discovering "E:\\Hemant\\smartmeet\\prisma\\migrations\\migration_lock.toml"
2025-12-26T09:47:30.345868Z  INFO scan_sources: tailwindcss_oxide::scanner: Discovering "E:\\Hemant\\smartmeet\\prisma\\schema.prisma"
2025-12-26T09:47:30.345993Z  INFO scan_sources: tailwindcss_oxide::scanner: Discovering "E:\\Hemant\\smartmeet\\public"
2025-12-26T09:47:30.346136Z  INFO scan_sources: tailwindcss_oxide::scanner: Discovering "E:\\Hemant\\smartmeet\\README.md"
2025-12-26T09:47:30.346235Z  INFO scan_sources: tailwindcss_oxide::scanner: Discovering "E:\\Hemant\\smartmeet\\src"
2025-12-26T09:47:30.346396Z  INFO scan_sources: tailwindcss_oxide::scanner: Discovering "E:\\Hemant\\smartmeet\\src\\actions"
2025-12-26T09:47:30.346519Z  INFO scan_sources: tailwindcss_oxide::scanner: Discovering "E:\\Hemant\\smartmeet\\src\\actions\\auth.ts"
2025-12-26T09:47:30.346584Z  INFO scan_sources: tailwindcss_oxide::scanner: Discovering "E:\\Hemant\\smartmeet\\src\\actions\\meeting.ts"
2025-12-26T09:47:30.346700Z  INFO scan_sources: tailwindcss_oxide::scanner: Discovering "E:\\Hemant\\smartmeet\\src\\app"
2025-12-26T09:47:30.346856Z  INFO scan_sources: tailwindcss_oxide::scanner: Discovering "E:\\Hemant\\smartmeet\\src\\app\\api"
2025-12-26T09:47:30.347023Z  INFO scan_sources: tailwindcss_oxide::scanner: Discovering "E:\\Hemant\\smartmeet\\src\\app\\api\\auth"
2025-12-26T09:47:30.347210Z  INFO scan_sources: tailwindcss_oxide::scanner: Discovering "E:\\Hemant\\smartmeet\\src\\app\\api\\auth\\verify-email"
2025-12-26T09:47:30.347336Z  INFO scan_sources: tailwindcss_oxide::scanner: Discovering "E:\\Hemant\\smartmeet\\src\\app\\api\\auth\\verify-email\\route.ts"
2025-12-26T09:47:30.347452Z  INFO scan_sources: tailwindcss_oxide::scanner: Discovering "E:\\Hemant\\smartmeet\\src\\app\\api\\auth\\[...nextauth]"
2025-12-26T09:47:30.347575Z  INFO scan_sources: tailwindcss_oxide::scanner: Discovering "E:\\Hemant\\smartmeet\\src\\app\\api\\auth\\[...nextauth]\\route.ts"
2025-12-26T09:47:30.347717Z  INFO scan_sources: tailwindcss_oxide::scanner: Discovering "E:\\Hemant\\smartmeet\\src\\app\\dashboard"
2025-12-26T09:47:30.347842Z  INFO scan_sources: tailwindcss_oxide::scanner: Discovering "E:\\Hemant\\smartmeet\\src\\app\\dashboard\\error.tsx"
2025-12-26T09:47:30.347948Z  INFO scan_sources: tailwindcss_oxide::scanner: Discovering "E:\\Hemant\\smartmeet\\src\\app\\dashboard\\help"
2025-12-26T09:47:30.348069Z  INFO scan_sources: tailwindcss_oxide::scanner: Discovering "E:\\Hemant\\smartmeet\\src\\app\\dashboard\\help\\page.tsx"
2025-12-26T09:47:30.348182Z  INFO scan_sources: tailwindcss_oxide::scanner: Discovering "E:\\Hemant\\smartmeet\\src\\app\\dashboard\\integrations"
2025-12-26T09:47:30.348325Z  INFO scan_sources: tailwindcss_oxide::scanner: Discovering "E:\\Hemant\\smartmeet\\src\\app\\dashboard\\integrations\\page.tsx"
2025-12-26T09:47:30.348406Z  INFO scan_sources: tailwindcss_oxide::scanner: Discovering "E:\\Hemant\\smartmeet\\src\\app\\dashboard\\layout.tsx"
2025-12-26T09:47:30.348467Z  INFO scan_sources: tailwindcss_oxide::scanner: Discovering "E:\\Hemant\\smartmeet\\src\\app\\dashboard\\page.tsx"
2025-12-26T09:47:30.348566Z  INFO scan_sources: tailwindcss_oxide::scanner: Discovering "E:\\Hemant\\smartmeet\\src\\app\\dashboard\\recordings"
2025-12-26T09:47:30.348686Z  INFO scan_sources: tailwindcss_oxide::scanner: Discovering "E:\\Hemant\\smartmeet\\src\\app\\dashboard\\recordings\\page.tsx"
2025-12-26T09:47:30.348782Z  INFO scan_sources: tailwindcss_oxide::scanner: Discovering "E:\\Hemant\\smartmeet\\src\\app\\dashboard\\recordings\\[id]"
2025-12-26T09:47:30.348902Z  INFO scan_sources: tailwindcss_oxide::scanner: Discovering "E:\\Hemant\\smartmeet\\src\\app\\dashboard\\recordings\\[id]\\page.tsx"
2025-12-26T09:47:30.349030Z  INFO scan_sources: tailwindcss_oxide::scanner: Discovering "E:\\Hemant\\smartmeet\\src\\app\\dashboard\\settings"
2025-12-26T09:47:30.349153Z  INFO scan_sources: tailwindcss_oxide::scanner: Discovering "E:\\Hemant\\smartmeet\\src\\app\\dashboard\\settings\\page.tsx"
2025-12-26T09:47:30.349269Z  INFO scan_sources: tailwindcss_oxide::scanner: Discovering "E:\\Hemant\\smartmeet\\src\\app\\dashboard\\team"
2025-12-26T09:47:30.349392Z  INFO scan_sources: tailwindcss_oxide::scanner: Discovering "E:\\Hemant\\smartmeet\\src\\app\\dashboard\\team\\page.tsx"
2025-12-26T09:47:30.349491Z  INFO scan_sources: tailwindcss_oxide::scanner: Discovering "E:\\Hemant\\smartmeet\\src\\app\\globals.css"
2025-12-26T09:47:30.349551Z  INFO scan_sources: tailwindcss_oxide::scanner: Discovering "E:\\Hemant\\smartmeet\\src\\app\\layout.tsx"
2025-12-26T09:47:30.349646Z  INFO scan_sources: tailwindcss_oxide::scanner: Discovering "E:\\Hemant\\smartmeet\\src\\app\\login"
2025-12-26T09:47:30.349776Z  INFO scan_sources: tailwindcss_oxide::scanner: Discovering "E:\\Hemant\\smartmeet\\src\\app\\login\\page.tsx"
2025-12-26T09:47:30.349856Z  INFO scan_sources: tailwindcss_oxide::scanner: Discovering "E:\\Hemant\\smartmeet\\src\\app\\page.tsx"
2025-12-26T09:47:30.349980Z  INFO scan_sources: tailwindcss_oxide::scanner: Discovering "E:\\Hemant\\smartmeet\\src\\components"
2025-12-26T09:47:30.350107Z  INFO scan_sources: tailwindcss_oxide::scanner: Discovering "E:\\Hemant\\smartmeet\\src\\components\\Button.tsx"
2025-12-26T09:47:30.350170Z  INFO scan_sources: tailwindcss_oxide::scanner: Discovering "E:\\Hemant\\smartmeet\\src\\components\\CTA.tsx"
2025-12-26T09:47:30.350267Z  INFO scan_sources: tailwindcss_oxide::scanner: Discovering "E:\\Hemant\\smartmeet\\src\\components\\dashboard"
2025-12-26T09:47:30.350416Z  INFO scan_sources: tailwindcss_oxide::scanner: Discovering "E:\\Hemant\\smartmeet\\src\\components\\dashboard\\Sidebar.tsx"
2025-12-26T09:47:30.350498Z  INFO scan_sources: tailwindcss_oxide::scanner: Discovering "E:\\Hemant\\smartmeet\\src\\components\\FeatureCard.tsx"
2025-12-26T09:47:30.350566Z  INFO scan_sources: tailwindcss_oxide::scanner: Discovering "E:\\Hemant\\smartmeet\\src\\components\\Features.tsx"
2025-12-26T09:47:30.350628Z  INFO scan_sources: tailwindcss_oxide::scanner: Discovering "E:\\Hemant\\smartmeet\\src\\components\\Footer.tsx"
2025-12-26T09:47:30.350693Z  INFO scan_sources: tailwindcss_oxide::scanner: Discovering "E:\\Hemant\\smartmeet\\src\\components\\Hero.tsx"
2025-12-26T09:47:30.350754Z  INFO scan_sources: tailwindcss_oxide::scanner: Discovering "E:\\Hemant\\smartmeet\\src\\components\\HowItWorks.tsx"
2025-12-26T09:47:30.350818Z  INFO scan_sources: tailwindcss_oxide::scanner: Discovering "E:\\Hemant\\smartmeet\\src\\components\\ModeToggle.tsx"
2025-12-26T09:47:30.350879Z  INFO scan_sources: tailwindcss_oxide::scanner: Discovering "E:\\Hemant\\smartmeet\\src\\components\\Navbar.tsx"
2025-12-26T09:47:30.350939Z  INFO scan_sources: tailwindcss_oxide::scanner: Discovering "E:\\Hemant\\smartmeet\\src\\components\\Pricing.tsx"
2025-12-26T09:47:30.351000Z  INFO scan_sources: tailwindcss_oxide::scanner: Discovering "E:\\Hemant\\smartmeet\\src\\components\\ThemeProvider.tsx"
2025-12-26T09:47:30.351113Z  INFO scan_sources: tailwindcss_oxide::scanner: Discovering "E:\\Hemant\\smartmeet\\src\\config"
2025-12-26T09:47:30.351235Z  INFO scan_sources: tailwindcss_oxide::scanner: Discovering "E:\\Hemant\\smartmeet\\src\\config\\extension.ts"
2025-12-26T09:47:30.351298Z  INFO scan_sources: tailwindcss_oxide::scanner: Discovering "E:\\Hemant\\smartmeet\\src\\config\\marketing.ts"
2025-12-26T09:47:30.351409Z  INFO scan_sources: tailwindcss_oxide::scanner: Discovering "E:\\Hemant\\smartmeet\\src\\context"
2025-12-26T09:47:30.351530Z  INFO scan_sources: tailwindcss_oxide::scanner: Discovering "E:\\Hemant\\smartmeet\\src\\context\\AuthContext.tsx"
2025-12-26T09:47:30.351646Z  INFO scan_sources: tailwindcss_oxide::scanner: Discovering "E:\\Hemant\\smartmeet\\src\\data"
2025-12-26T09:47:30.351877Z  INFO scan_sources: tailwindcss_oxide::scanner: Discovering "E:\\Hemant\\smartmeet\\src\\hooks"
2025-12-26T09:47:30.352041Z  INFO scan_sources: tailwindcss_oxide::scanner: Discovering "E:\\Hemant\\smartmeet\\src\\hooks\\useExtensionDetection.ts"
2025-12-26T09:47:30.352165Z  INFO scan_sources: tailwindcss_oxide::scanner: Discovering "E:\\Hemant\\smartmeet\\src\\lib"
2025-12-26T09:47:30.352290Z  INFO scan_sources: tailwindcss_oxide::scanner: Discovering "E:\\Hemant\\smartmeet\\src\\lib\\crypto.ts"
2025-12-26T09:47:30.352351Z  INFO scan_sources: tailwindcss_oxide::scanner: Discovering "E:\\Hemant\\smartmeet\\src\\lib\\env.ts"
2025-12-26T09:47:30.352410Z  INFO scan_sources: tailwindcss_oxide::scanner: Discovering "E:\\Hemant\\smartmeet\\src\\lib\\mail.ts"
2025-12-26T09:47:30.352472Z  INFO scan_sources: tailwindcss_oxide::scanner: Discovering "E:\\Hemant\\smartmeet\\src\\lib\\prisma.ts"
2025-12-26T09:47:30.352585Z  INFO scan_sources: tailwindcss_oxide::scanner: Discovering "E:\\Hemant\\smartmeet\\src\\services"
2025-12-26T09:47:30.352706Z  INFO scan_sources: tailwindcss_oxide::scanner: Discovering "E:\\Hemant\\smartmeet\\src\\services\\api.ts"
2025-12-26T09:47:30.352816Z  INFO scan_sources: tailwindcss_oxide::scanner: Discovering "E:\\Hemant\\smartmeet\\src\\types"
2025-12-26T09:47:30.352939Z  INFO scan_sources: tailwindcss_oxide::scanner: Discovering "E:\\Hemant\\smartmeet\\src\\types\\next-auth.d.ts"
2025-12-26T09:47:30.353051Z  INFO scan_sources: tailwindcss_oxide::scanner: Discovering "E:\\Hemant\\smartmeet\\src\\utils"
2025-12-26T09:47:30.353390Z  INFO scan_sources: tailwindcss_oxide::scanner: Discovering "E:\\Hemant\\smartmeet\\src\\utils\\text.ts"
2025-12-26T09:47:30.353574Z  INFO scan_sources: tailwindcss_oxide::scanner: Discovering "E:\\Hemant\\smartmeet\\tailwind.config.ts"
2025-12-26T09:47:30.353693Z  INFO scan_sources: tailwindcss_oxide::scanner: Discovering "E:\\Hemant\\smartmeet\\tsconfig.json"
2025-12-26T09:47:30.353999Z  INFO scan_sources: tailwindcss_oxide::scanner: exit
2025-12-26T09:47:30.354034Z  INFO extract_candidates: tailwindcss_oxide::scanner: enter
2025-12-26T09:47:30.354053Z  INFO extract_candidates:read_all_files: tailwindcss_oxide::scanner: enter
2025-12-26T09:47:30.354060Z  INFO extract_candidates:read_all_files: tailwindcss_oxide::scanner: Reading 54 file(s)
2025-12-26T09:47:30.354655Z  INFO tailwindcss_oxide::scanner: Reading "E:\\Hemant\\smartmeet\\src\\app\\login\\page.tsx"
2025-12-26T09:47:30.354670Z  INFO tailwindcss_oxide::scanner: Reading "E:\\Hemant\\smartmeet\\eslint.config.mjs"
2025-12-26T09:47:30.354788Z  INFO tailwindcss_oxide::scanner: Reading "E:\\Hemant\\smartmeet\\middleware.ts"
2025-12-26T09:47:30.354783Z  INFO tailwindcss_oxide::scanner: Reading "E:\\Hemant\\smartmeet\\src\\actions\\auth.ts"
2025-12-26T09:47:30.354816Z  INFO tailwindcss_oxide::scanner: Reading "E:\\Hemant\\smartmeet\\src\\app\\page.tsx"
2025-12-26T09:47:30.354857Z  INFO tailwindcss_oxide::scanner: Reading "E:\\Hemant\\smartmeet\\next.config.js"
2025-12-26T09:47:30.354871Z  INFO tailwindcss_oxide::scanner: Reading "E:\\Hemant\\smartmeet\\src\\actions\\meeting.ts"
2025-12-26T09:47:30.354895Z  INFO tailwindcss_oxide::scanner: Reading "E:\\Hemant\\smartmeet\\src\\components\\Button.tsx"
2025-12-26T09:47:30.354941Z  INFO tailwindcss_oxide::scanner: Reading "E:\\Hemant\\smartmeet\\src\\app\\api\\auth\\verify-email\\route.ts"
2025-12-26T09:47:30.354991Z  INFO tailwindcss_oxide::scanner: Reading "E:\\Hemant\\smartmeet\\next.config.ts"
2025-12-26T09:47:30.355009Z  INFO tailwindcss_oxide::scanner: Reading "E:\\Hemant\\smartmeet\\src\\app\\api\\auth\\[...nextauth]\\route.ts"
2025-12-26T09:47:30.355075Z  INFO tailwindcss_oxide::scanner: Reading "E:\\Hemant\\smartmeet\\src\\app\\dashboard\\error.tsx"
2025-12-26T09:47:30.355077Z  INFO tailwindcss_oxide::scanner: Reading "E:\\Hemant\\smartmeet\\package.json"
2025-12-26T09:47:30.355140Z  INFO tailwindcss_oxide::scanner: Reading "E:\\Hemant\\smartmeet\\src\\app\\dashboard\\help\\page.tsx"
2025-12-26T09:47:30.355165Z  INFO tailwindcss_oxide::scanner: Reading "E:\\Hemant\\smartmeet\\postcss.config.mjs"
2025-12-26T09:47:30.355210Z  INFO tailwindcss_oxide::scanner: Reading "E:\\Hemant\\smartmeet\\src\\app\\dashboard\\integrations\\page.tsx"
2025-12-26T09:47:30.355302Z  INFO tailwindcss_oxide::scanner: Reading "E:\\Hemant\\smartmeet\\src\\app\\dashboard\\layout.tsx"
2025-12-26T09:47:30.355351Z  INFO tailwindcss_oxide::scanner: Reading "E:\\Hemant\\smartmeet\\prisma\\dev.db-journal"
2025-12-26T09:47:30.355348Z  INFO tailwindcss_oxide::scanner: Reading "E:\\Hemant\\smartmeet\\prisma\\migrations\\20251226094348_add_user_roles\\migration.sql"
2025-12-26T09:47:30.355414Z  INFO tailwindcss_oxide::scanner: Reading "E:\\Hemant\\smartmeet\\src\\app\\dashboard\\page.tsx"
2025-12-26T09:47:30.355432Z  INFO tailwindcss_oxide::scanner: Reading "E:\\Hemant\\smartmeet\\src\\components\\CTA.tsx"
2025-12-26T09:47:30.355470Z  INFO tailwindcss_oxide::scanner: Reading "E:\\Hemant\\smartmeet\\prisma\\migrations\\migration_lock.toml"
2025-12-26T09:47:30.355525Z  INFO tailwindcss_oxide::scanner: Reading "E:\\Hemant\\smartmeet\\prisma\\migrations\\20251223094941_init\\migration.sql"
2025-12-26T09:47:30.355550Z  INFO tailwindcss_oxide::scanner: Reading "E:\\Hemant\\smartmeet\\src\\components\\dashboard\\Sidebar.tsx"
2025-12-26T09:47:30.355555Z  INFO tailwindcss_oxide::scanner: Reading "E:\\Hemant\\smartmeet\\src\\app\\dashboard\\recordings\\page.tsx"
2025-12-26T09:47:30.355568Z  INFO tailwindcss_oxide::scanner: Reading "E:\\Hemant\\smartmeet\\prisma\\schema.prisma"
2025-12-26T09:47:30.355610Z  INFO tailwindcss_oxide::scanner: Reading "E:\\Hemant\\smartmeet\\prisma\\migrations\\20251226094245_add_verification_token\\migration.sql"
2025-12-26T09:47:30.355616Z  INFO tailwindcss_oxide::scanner: Reading "E:\\Hemant\\smartmeet\\src\\components\\FeatureCard.tsx"
2025-12-26T09:47:30.355644Z  INFO tailwindcss_oxide::scanner: Reading "E:\\Hemant\\smartmeet\\README.md"
2025-12-26T09:47:30.355661Z  INFO tailwindcss_oxide::scanner: Reading "E:\\Hemant\\smartmeet\\src\\app\\dashboard\\recordings\\[id]\\page.tsx"
2025-12-26T09:47:30.355730Z  INFO tailwindcss_oxide::scanner: Reading "E:\\Hemant\\smartmeet\\src\\components\\Features.tsx"
2025-12-26T09:47:30.355790Z  INFO tailwindcss_oxide::scanner: Reading "E:\\Hemant\\smartmeet\\src\\components\\HowItWorks.tsx"
2025-12-26T09:47:30.355795Z  INFO tailwindcss_oxide::scanner: Reading "E:\\Hemant\\smartmeet\\src\\components\\Footer.tsx"
2025-12-26T09:47:30.355803Z  INFO tailwindcss_oxide::scanner: Reading "E:\\Hemant\\smartmeet\\src\\app\\dashboard\\settings\\page.tsx"
2025-12-26T09:47:30.355818Z  INFO tailwindcss_oxide::scanner: Reading "E:\\Hemant\\smartmeet\\src\\lib\\mail.ts"
2025-12-26T09:47:30.355854Z  INFO tailwindcss_oxide::scanner: Reading "E:\\Hemant\\smartmeet\\src\\components\\ModeToggle.tsx"
2025-12-26T09:47:30.355866Z  INFO tailwindcss_oxide::scanner: Reading "E:\\Hemant\\smartmeet\\src\\components\\Hero.tsx"
2025-12-26T09:47:30.355868Z  INFO tailwindcss_oxide::scanner: Reading "E:\\Hemant\\smartmeet\\src\\app\\dashboard\\team\\page.tsx"
2025-12-26T09:47:30.355913Z  INFO tailwindcss_oxide::scanner: Reading "E:\\Hemant\\smartmeet\\src\\lib\\prisma.ts"
2025-12-26T09:47:30.355918Z  INFO tailwindcss_oxide::scanner: Reading "E:\\Hemant\\smartmeet\\src\\components\\Navbar.tsx"
2025-12-26T09:47:30.355933Z  INFO tailwindcss_oxide::scanner: Reading "E:\\Hemant\\smartmeet\\src\\app\\layout.tsx"
2025-12-26T09:47:30.355933Z  INFO tailwindcss_oxide::scanner: Reading "E:\\Hemant\\smartmeet\\src\\context\\AuthContext.tsx"
2025-12-26T09:47:30.355974Z  INFO tailwindcss_oxide::scanner: Reading "E:\\Hemant\\smartmeet\\src\\services\\api.ts"
2025-12-26T09:47:30.355984Z  INFO tailwindcss_oxide::scanner: Reading "E:\\Hemant\\smartmeet\\src\\components\\Pricing.tsx"
2025-12-26T09:47:30.355999Z  INFO tailwindcss_oxide::scanner: Reading "E:\\Hemant\\smartmeet\\src\\hooks\\useExtensionDetection.ts"
2025-12-26T09:47:30.356003Z  INFO tailwindcss_oxide::scanner: Reading "E:\\Hemant\\smartmeet\\src\\config\\extension.ts"
2025-12-26T09:47:30.356044Z  INFO tailwindcss_oxide::scanner: Reading "E:\\Hemant\\smartmeet\\src\\config\\marketing.ts"
2025-12-26T09:47:30.356046Z  INFO tailwindcss_oxide::scanner: Reading "E:\\Hemant\\smartmeet\\src\\types\\next-auth.d.ts"
2025-12-26T09:47:30.356068Z  INFO tailwindcss_oxide::scanner: Reading "E:\\Hemant\\smartmeet\\src\\lib\\crypto.ts"
2025-12-26T09:47:30.356066Z  INFO tailwindcss_oxide::scanner: Reading "E:\\Hemant\\smartmeet\\tailwind.config.ts"
2025-12-26T09:47:30.355682Z  INFO tailwindcss_oxide::scanner: Reading "E:\\Hemant\\smartmeet\\src\\components\\ThemeProvider.tsx"
2025-12-26T09:47:30.356107Z  INFO tailwindcss_oxide::scanner: Reading "E:\\Hemant\\smartmeet\\src\\utils\\text.ts"
2025-12-26T09:47:30.356111Z  INFO tailwindcss_oxide::scanner: Reading "E:\\Hemant\\smartmeet\\src\\lib\\env.ts"
2025-12-26T09:47:30.356126Z  INFO tailwindcss_oxide::scanner: Reading "E:\\Hemant\\smartmeet\\tsconfig.json"
2025-12-26T09:47:30.356252Z  INFO extract_candidates:read_all_files: tailwindcss_oxide::scanner: exit
2025-12-26T09:47:30.356267Z  INFO extract_candidates:parse_all_blobs: tailwindcss_oxide::scanner: enter
2025-12-26T09:47:30.356272Z  INFO extract_candidates:parse_all_blobs:extract: tailwindcss_oxide::scanner: enter
2025-12-26T09:47:30.358564Z  INFO extract_candidates:parse_all_blobs:extract: tailwindcss_oxide::scanner: exit
2025-12-26T09:47:30.358604Z  INFO extract_candidates:parse_all_blobs: tailwindcss_oxide::scanner: exit
2025-12-26T09:47:30.358611Z  INFO extract_candidates:read_all_files: tailwindcss_oxide::scanner: enter
2025-12-26T09:47:30.358615Z  INFO extract_candidates:read_all_files: tailwindcss_oxide::scanner: Reading 1 file(s)
2025-12-26T09:47:30.358730Z  INFO extract_candidates:read_all_files: tailwindcss_oxide::scanner: Reading "E:\\Hemant\\smartmeet\\src\\app\\globals.css"
2025-12-26T09:47:30.358745Z  INFO extract_candidates:read_all_files: tailwindcss_oxide::scanner: exit
2025-12-26T09:47:30.358759Z  INFO extract_candidates:extract_css_variables: tailwindcss_oxide::scanner: enter
2025-12-26T09:47:30.358764Z  INFO extract_candidates:extract_css_variables:extract: tailwindcss_oxide::scanner: enter
2025-12-26T09:47:30.358867Z  INFO extract_candidates:extract_css_variables:extract: tailwindcss_oxide::scanner: exit
2025-12-26T09:47:30.358881Z  INFO extract_candidates:extract_css_variables: tailwindcss_oxide::scanner: exit
2025-12-26T09:47:30.359315Z  INFO extract_candidates: tailwindcss_oxide::scanner: exit
2025-12-26T09:47:30.360299Z  INFO get_files: tailwindcss_oxide::scanner: enter
2025-12-26T09:47:30.360311Z  INFO get_files:scan_sources: tailwindcss_oxide::scanner: enter
2025-12-26T09:47:30.361950Z  INFO get_files:scan_sources: tailwindcss_oxide::scanner: Discovering "E:\\Hemant\\smartmeet\\prisma"
2025-12-26T09:47:30.362151Z  INFO get_files:scan_sources: tailwindcss_oxide::scanner: Discovering "E:\\Hemant\\smartmeet\\prisma\\migrations"
2025-12-26T09:47:30.362308Z  INFO get_files:scan_sources: tailwindcss_oxide::scanner: Discovering "E:\\Hemant\\smartmeet\\prisma\\migrations\\20251223094941_init"
2025-12-26T09:47:30.362522Z  INFO get_files:scan_sources: tailwindcss_oxide::scanner: Discovering "E:\\Hemant\\smartmeet\\prisma\\migrations\\20251226094245_add_verification_token"
2025-12-26T09:47:30.362728Z  INFO get_files:scan_sources: tailwindcss_oxide::scanner: Discovering "E:\\Hemant\\smartmeet\\prisma\\migrations\\20251226094348_add_user_roles"
2025-12-26T09:47:30.363039Z  INFO get_files:scan_sources: tailwindcss_oxide::scanner: Discovering "E:\\Hemant\\smartmeet\\public"
2025-12-26T09:47:30.363246Z  INFO get_files:scan_sources: tailwindcss_oxide::scanner: Discovering "E:\\Hemant\\smartmeet\\src"
2025-12-26T09:47:30.363409Z  INFO get_files:scan_sources: tailwindcss_oxide::scanner: Discovering "E:\\Hemant\\smartmeet\\src\\actions"
2025-12-26T09:47:30.363665Z  INFO get_files:scan_sources: tailwindcss_oxide::scanner: Discovering "E:\\Hemant\\smartmeet\\src\\app"
2025-12-26T09:47:30.363826Z  INFO get_files:scan_sources: tailwindcss_oxide::scanner: Discovering "E:\\Hemant\\smartmeet\\src\\app\\api"
2025-12-26T09:47:30.364000Z  INFO get_files:scan_sources: tailwindcss_oxide::scanner: Discovering "E:\\Hemant\\smartmeet\\src\\app\\api\\auth"
2025-12-26T09:47:30.364164Z  INFO get_files:scan_sources: tailwindcss_oxide::scanner: Discovering "E:\\Hemant\\smartmeet\\src\\app\\api\\auth\\verify-email"
2025-12-26T09:47:30.364394Z  INFO get_files:scan_sources: tailwindcss_oxide::scanner: Discovering "E:\\Hemant\\smartmeet\\src\\app\\api\\auth\\[...nextauth]"
2025-12-26T09:47:30.364858Z  INFO get_files:scan_sources: tailwindcss_oxide::scanner: Discovering "E:\\Hemant\\smartmeet\\src\\app\\dashboard"
2025-12-26T09:47:30.365110Z  INFO get_files:scan_sources: tailwindcss_oxide::scanner: Discovering "E:\\Hemant\\smartmeet\\src\\app\\dashboard\\help"
2025-12-26T09:47:30.365342Z  INFO get_files:scan_sources: tailwindcss_oxide::scanner: Discovering "E:\\Hemant\\smartmeet\\src\\app\\dashboard\\integrations"
2025-12-26T09:47:30.365636Z  INFO get_files:scan_sources: tailwindcss_oxide::scanner: Discovering "E:\\Hemant\\smartmeet\\src\\app\\dashboard\\recordings"
2025-12-26T09:47:30.365829Z  INFO get_files:scan_sources: tailwindcss_oxide::scanner: Discovering "E:\\Hemant\\smartmeet\\src\\app\\dashboard\\recordings\\[id]"
2025-12-26T09:47:30.366052Z  INFO get_files:scan_sources: tailwindcss_oxide::scanner: Discovering "E:\\Hemant\\smartmeet\\src\\app\\dashboard\\settings"
2025-12-26T09:47:30.366331Z  INFO get_files:scan_sources: tailwindcss_oxide::scanner: Discovering "E:\\Hemant\\smartmeet\\src\\app\\dashboard\\team"
2025-12-26T09:47:30.366674Z  INFO get_files:scan_sources: tailwindcss_oxide::scanner: Discovering "E:\\Hemant\\smartmeet\\src\\app\\login"
2025-12-26T09:47:30.366966Z  INFO get_files:scan_sources: tailwindcss_oxide::scanner: Discovering "E:\\Hemant\\smartmeet\\src\\components"
2025-12-26T09:47:30.367216Z  INFO get_files:scan_sources: tailwindcss_oxide::scanner: Discovering "E:\\Hemant\\smartmeet\\src\\components\\dashboard"
2025-12-26T09:47:30.367735Z  INFO get_files:scan_sources: tailwindcss_oxide::scanner: Discovering "E:\\Hemant\\smartmeet\\src\\config"
2025-12-26T09:47:30.367971Z  INFO get_files:scan_sources: tailwindcss_oxide::scanner: Discovering "E:\\Hemant\\smartmeet\\src\\context"
2025-12-26T09:47:30.368185Z  INFO get_files:scan_sources: tailwindcss_oxide::scanner: Discovering "E:\\Hemant\\smartmeet\\src\\data"
2025-12-26T09:47:30.368351Z  INFO get_files:scan_sources: tailwindcss_oxide::scanner: Discovering "E:\\Hemant\\smartmeet\\src\\hooks"
2025-12-26T09:47:30.368557Z  INFO get_files:scan_sources: tailwindcss_oxide::scanner: Discovering "E:\\Hemant\\smartmeet\\src\\lib"
2025-12-26T09:47:30.368849Z  INFO get_files:scan_sources: tailwindcss_oxide::scanner: Discovering "E:\\Hemant\\smartmeet\\src\\services"
2025-12-26T09:47:30.369054Z  INFO get_files:scan_sources: tailwindcss_oxide::scanner: Discovering "E:\\Hemant\\smartmeet\\src\\types"
2025-12-26T09:47:30.369259Z  INFO get_files:scan_sources: tailwindcss_oxide::scanner: Discovering "E:\\Hemant\\smartmeet\\src\\utils"
2025-12-26T09:47:30.369558Z  INFO get_files:scan_sources: tailwindcss_oxide::scanner: exit
2025-12-26T09:47:30.369897Z  INFO get_files: tailwindcss_oxide::scanner: exit
2025-12-26T09:47:30.370951Z  INFO get_globs: tailwindcss_oxide::scanner: enter
2025-12-26T09:47:30.370993Z  INFO get_globs:scan_sources: tailwindcss_oxide::scanner: enter
2025-12-26T09:47:30.373044Z  INFO get_globs:scan_sources: tailwindcss_oxide::scanner: Discovering "E:\\Hemant\\smartmeet\\prisma"
2025-12-26T09:47:30.373263Z  INFO get_globs:scan_sources: tailwindcss_oxide::scanner: Discovering "E:\\Hemant\\smartmeet\\prisma\\migrations"
2025-12-26T09:47:30.373423Z  INFO get_globs:scan_sources: tailwindcss_oxide::scanner: Discovering "E:\\Hemant\\smartmeet\\prisma\\migrations\\20251223094941_init"
2025-12-26T09:47:30.373642Z  INFO get_globs:scan_sources: tailwindcss_oxide::scanner: Discovering "E:\\Hemant\\smartmeet\\prisma\\migrations\\20251226094245_add_verification_token"
2025-12-26T09:47:30.373855Z  INFO get_globs:scan_sources: tailwindcss_oxide::scanner: Discovering "E:\\Hemant\\smartmeet\\prisma\\migrations\\20251226094348_add_user_roles"
2025-12-26T09:47:30.374164Z  INFO get_globs:scan_sources: tailwindcss_oxide::scanner: Discovering "E:\\Hemant\\smartmeet\\public"
2025-12-26T09:47:30.374375Z  INFO get_globs:scan_sources: tailwindcss_oxide::scanner: Discovering "E:\\Hemant\\smartmeet\\src"
2025-12-26T09:47:30.374536Z  INFO get_globs:scan_sources: tailwindcss_oxide::scanner: Discovering "E:\\Hemant\\smartmeet\\src\\actions"
2025-12-26T09:47:30.374767Z  INFO get_globs:scan_sources: tailwindcss_oxide::scanner: Discovering "E:\\Hemant\\smartmeet\\src\\app"
2025-12-26T09:47:30.374926Z  INFO get_globs:scan_sources: tailwindcss_oxide::scanner: Discovering "E:\\Hemant\\smartmeet\\src\\app\\api"
2025-12-26T09:47:30.375102Z  INFO get_globs:scan_sources: tailwindcss_oxide::scanner: Discovering "E:\\Hemant\\smartmeet\\src\\app\\api\\auth"
2025-12-26T09:47:30.375258Z  INFO get_globs:scan_sources: tailwindcss_oxide::scanner: Discovering "E:\\Hemant\\smartmeet\\src\\app\\api\\auth\\verify-email"
2025-12-26T09:47:30.375464Z  INFO get_globs:scan_sources: tailwindcss_oxide::scanner: Discovering "E:\\Hemant\\smartmeet\\src\\app\\api\\auth\\[...nextauth]"
2025-12-26T09:47:30.375693Z  INFO get_globs:scan_sources: tailwindcss_oxide::scanner: Discovering "E:\\Hemant\\smartmeet\\src\\app\\dashboard"
2025-12-26T09:47:30.375884Z  INFO get_globs:scan_sources: tailwindcss_oxide::scanner: Discovering "E:\\Hemant\\smartmeet\\src\\app\\dashboard\\help"
2025-12-26T09:47:30.376089Z  INFO get_globs:scan_sources: tailwindcss_oxide::scanner: Discovering "E:\\Hemant\\smartmeet\\src\\app\\dashboard\\integrations"
2025-12-26T09:47:30.376358Z  INFO get_globs:scan_sources: tailwindcss_oxide::scanner: Discovering "E:\\Hemant\\smartmeet\\src\\app\\dashboard\\recordings"
2025-12-26T09:47:30.376542Z  INFO get_globs:scan_sources: tailwindcss_oxide::scanner: Discovering "E:\\Hemant\\smartmeet\\src\\app\\dashboard\\recordings\\[id]"
2025-12-26T09:47:30.376763Z  INFO get_globs:scan_sources: tailwindcss_oxide::scanner: Discovering "E:\\Hemant\\smartmeet\\src\\app\\dashboard\\settings"
2025-12-26T09:47:30.376964Z  INFO get_globs:scan_sources: tailwindcss_oxide::scanner: Discovering "E:\\Hemant\\smartmeet\\src\\app\\dashboard\\team"
2025-12-26T09:47:30.377249Z  INFO get_globs:scan_sources: tailwindcss_oxide::scanner: Discovering "E:\\Hemant\\smartmeet\\src\\app\\login"
2025-12-26T09:47:30.377494Z  INFO get_globs:scan_sources: tailwindcss_oxide::scanner: Discovering "E:\\Hemant\\smartmeet\\src\\components"
2025-12-26T09:47:30.377713Z  INFO get_globs:scan_sources: tailwindcss_oxide::scanner: Discovering "E:\\Hemant\\smartmeet\\src\\components\\dashboard"
2025-12-26T09:47:30.378203Z  INFO get_globs:scan_sources: tailwindcss_oxide::scanner: Discovering "E:\\Hemant\\smartmeet\\src\\config"
2025-12-26T09:47:30.378441Z  INFO get_globs:scan_sources: tailwindcss_oxide::scanner: Discovering "E:\\Hemant\\smartmeet\\src\\context"
2025-12-26T09:47:30.378656Z  INFO get_globs:scan_sources: tailwindcss_oxide::scanner: Discovering "E:\\Hemant\\smartmeet\\src\\data"
2025-12-26T09:47:30.378823Z  INFO get_globs:scan_sources: tailwindcss_oxide::scanner: Discovering "E:\\Hemant\\smartmeet\\src\\hooks"
2025-12-26T09:47:30.379035Z  INFO get_globs:scan_sources: tailwindcss_oxide::scanner: Discovering "E:\\Hemant\\smartmeet\\src\\lib"
2025-12-26T09:47:30.379321Z  INFO get_globs:scan_sources: tailwindcss_oxide::scanner: Discovering "E:\\Hemant\\smartmeet\\src\\services"
2025-12-26T09:47:30.379518Z  INFO get_globs:scan_sources: tailwindcss_oxide::scanner: Discovering "E:\\Hemant\\smartmeet\\src\\types"
2025-12-26T09:47:30.379723Z  INFO get_globs:scan_sources: tailwindcss_oxide::scanner: Discovering "E:\\Hemant\\smartmeet\\src\\utils"
2025-12-26T09:47:30.380003Z  INFO get_globs:scan_sources: tailwindcss_oxide::scanner: exit
2025-12-26T09:47:30.385522Z  INFO get_globs: tailwindcss_oxide::scanner: exit
