2025-12-26T09:47:52.937766Z  INFO tailwindcss_oxide::scanner: Provided sources:
2025-12-26T09:47:52.937880Z  INFO tailwindcss_oxide::scanner: Source: PublicSourceEntry { base: "E:\\Hemant\\smartmeet", pattern: "**/*", negated: false }
2025-12-26T09:47:52.938065Z  INFO tailwindcss_oxide::scanner: Optimized sources:
2025-12-26T09:47:52.938088Z  INFO tailwindcss_oxide::scanner: Source: Auto { base: "E:\\Hemant\\smartmeet" }
2025-12-26T09:47:52.940090Z  INFO scan_sources: tailwindcss_oxide::scanner: enter
2025-12-26T09:47:52.941850Z  INFO scan_sources: tailwindcss_oxide::scanner: Discovering "E:\\Hemant\\smartmeet\\eslint.config.mjs"
2025-12-26T09:47:52.941946Z  INFO scan_sources: tailwindcss_oxide::scanner: Discovering "E:\\Hemant\\smartmeet\\middleware.ts"
2025-12-26T09:47:52.942402Z  INFO scan_sources: tailwindcss_oxide::scanner: Discovering "E:\\Hemant\\smartmeet\\next.config.js"
2025-12-26T09:47:52.942467Z  INFO scan_sources: tailwindcss_oxide::scanner: Discovering "E:\\Hemant\\smartmeet\\next.config.ts"
2025-12-26T09:47:52.942693Z  INFO scan_sources: tailwindcss_oxide::scanner: Discovering "E:\\Hemant\\smartmeet\\package.json"
2025-12-26T09:47:52.942758Z  INFO scan_sources: tailwindcss_oxide::scanner: Discovering "E:\\Hemant\\smartmeet\\postcss.config.mjs"
2025-12-26T09:47:52.942858Z  INFO scan_sources: tailwindcss_oxide::scanner: Discovering "E:\\Hemant\\smartmeet\\prisma"
2025-12-26T09:47:52.942989Z  INFO scan_sources: tailwindcss_oxide::scanner: Discovering "E:\\Hemant\\smartmeet\\prisma\\dev.db-journal"
2025-12-26T09:47:52.943089Z  INFO scan_sources: tailwindcss_oxide::scanner: Discovering "E:\\Hemant\\smartmeet\\prisma\\migrations"
2025-12-26T09:47:52.943246Z  INFO scan_sources: tailwindcss_oxide::scanner: Discovering "E:\\Hemant\\smartmeet\\prisma\\migrations\\20251223094941_init"
2025-12-26T09:47:52.943381Z  INFO scan_sources: tailwindcss_oxide::scanner: Discovering "E:\\Hemant\\smartmeet\\prisma\\migrations\\20251223094941_init\\migration.sql"
2025-12-26T09:47:52.943499Z  INFO scan_sources: tailwindcss_oxide::scanner: Discovering "E:\\Hemant\\smartmeet\\prisma\\migrations\\20251226094245_add_verification_token"
2025-12-26T09:47:52.943623Z  INFO scan_sources: tailwindcss_oxide::scanner: Discovering "E:\\Hemant\\smartmeet\\prisma\\migrations\\20251226094245_add_verification_token\\migration.sql"
2025-12-26T09:47:52.943739Z  INFO scan_sources: tailwindcss_oxide::scanner: Discovering "E:\\Hemant\\smartmeet\\prisma\\migrations\\20251226094348_add_user_roles"
2025-12-26T09:47:52.943861Z  INFO scan_sources: tailwindcss_oxide::scanner: Discovering "E:\\Hemant\\smartmeet\\prisma\\migrations\\20251226094348_add_user_roles\\migration.sql"
2025-12-26T09:47:52.943941Z  INFO scan_sources: tailwindcss_oxide::scanner: Discovering "E:\\Hemant\\smartmeet\\prisma\\migrations\\migration_lock.toml"
2025-12-26T09:47:52.944022Z  INFO scan_sources: tailwindcss_oxide::scanner: Discovering "E:\\Hemant\\smartmeet\\prisma\\schema.prisma"
2025-12-26T09:47:52.944147Z  INFO scan_sources: tailwindcss_oxide::scanner: Discovering "E:\\Hemant\\smartmeet\\public"
2025-12-26T09:47:52.944291Z  INFO scan_sources: tailwindcss_oxide::scanner: Discovering "E:\\Hemant\\smartmeet\\README.md"
2025-12-26T09:47:52.944387Z  INFO scan_sources: tailwindcss_oxide::scanner: Discovering "E:\\Hemant\\smartmeet\\src"
2025-12-26T09:47:52.944549Z  INFO scan_sources: tailwindcss_oxide::scanner: Discovering "E:\\Hemant\\smartmeet\\src\\actions"
2025-12-26T09:47:52.944669Z  INFO scan_sources: tailwindcss_oxide::scanner: Discovering "E:\\Hemant\\smartmeet\\src\\actions\\auth.ts"
2025-12-26T09:47:52.944733Z  INFO scan_sources: tailwindcss_oxide::scanner: Discovering "E:\\Hemant\\smartmeet\\src\\actions\\meeting.ts"
2025-12-26T09:47:52.944851Z  INFO scan_sources: tailwindcss_oxide::scanner: Discovering "E:\\Hemant\\smartmeet\\src\\app"
2025-12-26T09:47:52.945005Z  INFO scan_sources: tailwindcss_oxide::scanner: Discovering "E:\\Hemant\\smartmeet\\src\\app\\api"
2025-12-26T09:47:52.945163Z  INFO scan_sources: tailwindcss_oxide::scanner: Discovering "E:\\Hemant\\smartmeet\\src\\app\\api\\auth"
2025-12-26T09:47:52.945356Z  INFO scan_sources: tailwindcss_oxide::scanner: Discovering "E:\\Hemant\\smartmeet\\src\\app\\api\\auth\\verify-email"
2025-12-26T09:47:52.945482Z  INFO scan_sources: tailwindcss_oxide::scanner: Discovering "E:\\Hemant\\smartmeet\\src\\app\\api\\auth\\verify-email\\route.ts"
2025-12-26T09:47:52.945598Z  INFO scan_sources: tailwindcss_oxide::scanner: Discovering "E:\\Hemant\\smartmeet\\src\\app\\api\\auth\\[...nextauth]"
2025-12-26T09:47:52.945720Z  INFO scan_sources: tailwindcss_oxide::scanner: Discovering "E:\\Hemant\\smartmeet\\src\\app\\api\\auth\\[...nextauth]\\route.ts"
2025-12-26T09:47:52.945863Z  INFO scan_sources: tailwindcss_oxide::scanner: Discovering "E:\\Hemant\\smartmeet\\src\\app\\dashboard"
2025-12-26T09:47:52.945988Z  INFO scan_sources: tailwindcss_oxide::scanner: Discovering "E:\\Hemant\\smartmeet\\src\\app\\dashboard\\error.tsx"
2025-12-26T09:47:52.946095Z  INFO scan_sources: tailwindcss_oxide::scanner: Discovering "E:\\Hemant\\smartmeet\\src\\app\\dashboard\\help"
2025-12-26T09:47:52.946217Z  INFO scan_sources: tailwindcss_oxide::scanner: Discovering "E:\\Hemant\\smartmeet\\src\\app\\dashboard\\help\\page.tsx"
2025-12-26T09:47:52.946334Z  INFO scan_sources: tailwindcss_oxide::scanner: Discovering "E:\\Hemant\\smartmeet\\src\\app\\dashboard\\integrations"
2025-12-26T09:47:52.946455Z  INFO scan_sources: tailwindcss_oxide::scanner: Discovering "E:\\Hemant\\smartmeet\\src\\app\\dashboard\\integrations\\page.tsx"
2025-12-26T09:47:52.946534Z  INFO scan_sources: tailwindcss_oxide::scanner: Discovering "E:\\Hemant\\smartmeet\\src\\app\\dashboard\\layout.tsx"
2025-12-26T09:47:52.946594Z  INFO scan_sources: tailwindcss_oxide::scanner: Discovering "E:\\Hemant\\smartmeet\\src\\app\\dashboard\\page.tsx"
2025-12-26T09:47:52.946690Z  INFO scan_sources: tailwindcss_oxide::scanner: Discovering "E:\\Hemant\\smartmeet\\src\\app\\dashboard\\recordings"
2025-12-26T09:47:52.946810Z  INFO scan_sources: tailwindcss_oxide::scanner: Discovering "E:\\Hemant\\smartmeet\\src\\app\\dashboard\\recordings\\page.tsx"
2025-12-26T09:47:52.946906Z  INFO scan_sources: tailwindcss_oxide::scanner: Discovering "E:\\Hemant\\smartmeet\\src\\app\\dashboard\\recordings\\[id]"
2025-12-26T09:47:52.947025Z  INFO scan_sources: tailwindcss_oxide::scanner: Discovering "E:\\Hemant\\smartmeet\\src\\app\\dashboard\\recordings\\[id]\\page.tsx"
2025-12-26T09:47:52.947155Z  INFO scan_sources: tailwindcss_oxide::scanner: Discovering "E:\\Hemant\\smartmeet\\src\\app\\dashboard\\settings"
2025-12-26T09:47:52.947283Z  INFO scan_sources: tailwindcss_oxide::scanner: Discovering "E:\\Hemant\\smartmeet\\src\\app\\dashboard\\settings\\page.tsx"
2025-12-26T09:47:52.947398Z  INFO scan_sources: tailwindcss_oxide::scanner: Discovering "E:\\Hemant\\smartmeet\\src\\app\\dashboard\\team"
2025-12-26T09:47:52.947524Z  INFO scan_sources: tailwindcss_oxide::scanner: Discovering "E:\\Hemant\\smartmeet\\src\\app\\dashboard\\team\\page.tsx"
2025-12-26T09:47:52.947623Z  INFO scan_sources: tailwindcss_oxide::scanner: Discovering "E:\\Hemant\\smartmeet\\src\\app\\globals.css"
2025-12-26T09:47:52.947683Z  INFO scan_sources: tailwindcss_oxide::scanner: Discovering "E:\\Hemant\\smartmeet\\src\\app\\layout.tsx"
2025-12-26T09:47:52.947778Z  INFO scan_sources: tailwindcss_oxide::scanner: Discovering "E:\\Hemant\\smartmeet\\src\\app\\login"
2025-12-26T09:47:52.947902Z  INFO scan_sources: tailwindcss_oxide::scanner: Discovering "E:\\Hemant\\smartmeet\\src\\app\\login\\page.tsx"
2025-12-26T09:47:52.947981Z  INFO scan_sources: tailwindcss_oxide::scanner: Discovering "E:\\Hemant\\smartmeet\\src\\app\\page.tsx"
2025-12-26T09:47:52.948102Z  INFO scan_sources: tailwindcss_oxide::scanner: Discovering "E:\\Hemant\\smartmeet\\src\\components"
2025-12-26T09:47:52.948229Z  INFO scan_sources: tailwindcss_oxide::scanner: Discovering "E:\\Hemant\\smartmeet\\src\\components\\Button.tsx"
2025-12-26T09:47:52.948291Z  INFO scan_sources: tailwindcss_oxide::scanner: Discovering "E:\\Hemant\\smartmeet\\src\\components\\CTA.tsx"
2025-12-26T09:47:52.948388Z  INFO scan_sources: tailwindcss_oxide::scanner: Discovering "E:\\Hemant\\smartmeet\\src\\components\\dashboard"
2025-12-26T09:47:52.948547Z  INFO scan_sources: tailwindcss_oxide::scanner: Discovering "E:\\Hemant\\smartmeet\\src\\components\\dashboard\\Sidebar.tsx"
2025-12-26T09:47:52.948629Z  INFO scan_sources: tailwindcss_oxide::scanner: Discovering "E:\\Hemant\\smartmeet\\src\\components\\FeatureCard.tsx"
2025-12-26T09:47:52.948693Z  INFO scan_sources: tailwindcss_oxide::scanner: Discovering "E:\\Hemant\\smartmeet\\src\\components\\Features.tsx"
2025-12-26T09:47:52.948755Z  INFO scan_sources: tailwindcss_oxide::scanner: Discovering "E:\\Hemant\\smartmeet\\src\\components\\Footer.tsx"
2025-12-26T09:47:52.948816Z  INFO scan_sources: tailwindcss_oxide::scanner: Discovering "E:\\Hemant\\smartmeet\\src\\components\\Hero.tsx"
2025-12-26T09:47:52.948878Z  INFO scan_sources: tailwindcss_oxide::scanner: Discovering "E:\\Hemant\\smartmeet\\src\\components\\HowItWorks.tsx"
2025-12-26T09:47:52.948939Z  INFO scan_sources: tailwindcss_oxide::scanner: Discovering "E:\\Hemant\\smartmeet\\src\\components\\ModeToggle.tsx"
2025-12-26T09:47:52.949000Z  INFO scan_sources: tailwindcss_oxide::scanner: Discovering "E:\\Hemant\\smartmeet\\src\\components\\Navbar.tsx"
2025-12-26T09:47:52.949062Z  INFO scan_sources: tailwindcss_oxide::scanner: Discovering "E:\\Hemant\\smartmeet\\src\\components\\Pricing.tsx"
2025-12-26T09:47:52.949123Z  INFO scan_sources: tailwindcss_oxide::scanner: Discovering "E:\\Hemant\\smartmeet\\src\\components\\ThemeProvider.tsx"
2025-12-26T09:47:52.949235Z  INFO scan_sources: tailwindcss_oxide::scanner: Discovering "E:\\Hemant\\smartmeet\\src\\config"
2025-12-26T09:47:52.949358Z  INFO scan_sources: tailwindcss_oxide::scanner: Discovering "E:\\Hemant\\smartmeet\\src\\config\\extension.ts"
2025-12-26T09:47:52.949421Z  INFO scan_sources: tailwindcss_oxide::scanner: Discovering "E:\\Hemant\\smartmeet\\src\\config\\marketing.ts"
2025-12-26T09:47:52.949532Z  INFO scan_sources: tailwindcss_oxide::scanner: Discovering "E:\\Hemant\\smartmeet\\src\\context"
2025-12-26T09:47:52.949653Z  INFO scan_sources: tailwindcss_oxide::scanner: Discovering "E:\\Hemant\\smartmeet\\src\\context\\AuthContext.tsx"
2025-12-26T09:47:52.949764Z  INFO scan_sources: tailwindcss_oxide::scanner: Discovering "E:\\Hemant\\smartmeet\\src\\data"
2025-12-26T09:47:52.949930Z  INFO scan_sources: tailwindcss_oxide::scanner: Discovering "E:\\Hemant\\smartmeet\\src\\hooks"
2025-12-26T09:47:52.950059Z  INFO scan_sources: tailwindcss_oxide::scanner: Discovering "E:\\Hemant\\smartmeet\\src\\hooks\\useExtensionDetection.ts"
2025-12-26T09:47:52.950173Z  INFO scan_sources: tailwindcss_oxide::scanner: Discovering "E:\\Hemant\\smartmeet\\src\\lib"
2025-12-26T09:47:52.950293Z  INFO scan_sources: tailwindcss_oxide::scanner: Discovering "E:\\Hemant\\smartmeet\\src\\lib\\crypto.ts"
2025-12-26T09:47:52.950354Z  INFO scan_sources: tailwindcss_oxide::scanner: Discovering "E:\\Hemant\\smartmeet\\src\\lib\\env.ts"
2025-12-26T09:47:52.950413Z  INFO scan_sources: tailwindcss_oxide::scanner: Discovering "E:\\Hemant\\smartmeet\\src\\lib\\mail.ts"
2025-12-26T09:47:52.950473Z  INFO scan_sources: tailwindcss_oxide::scanner: Discovering "E:\\Hemant\\smartmeet\\src\\lib\\prisma.ts"
2025-12-26T09:47:52.950584Z  INFO scan_sources: tailwindcss_oxide::scanner: Discovering "E:\\Hemant\\smartmeet\\src\\services"
2025-12-26T09:47:52.950704Z  INFO scan_sources: tailwindcss_oxide::scanner: Discovering "E:\\Hemant\\smartmeet\\src\\services\\api.ts"
2025-12-26T09:47:52.950815Z  INFO scan_sources: tailwindcss_oxide::scanner: Discovering "E:\\Hemant\\smartmeet\\src\\types"
2025-12-26T09:47:52.951047Z  INFO scan_sources: tailwindcss_oxide::scanner: Discovering "E:\\Hemant\\smartmeet\\src\\types\\next-auth.d.ts"
2025-12-26T09:47:52.951194Z  INFO scan_sources: tailwindcss_oxide::scanner: Discovering "E:\\Hemant\\smartmeet\\src\\utils"
2025-12-26T09:47:52.951337Z  INFO scan_sources: tailwindcss_oxide::scanner: Discovering "E:\\Hemant\\smartmeet\\src\\utils\\text.ts"
2025-12-26T09:47:52.951439Z  INFO scan_sources: tailwindcss_oxide::scanner: Discovering "E:\\Hemant\\smartmeet\\tailwind.config.ts"
2025-12-26T09:47:52.951536Z  INFO scan_sources: tailwindcss_oxide::scanner: Discovering "E:\\Hemant\\smartmeet\\tsconfig.json"
2025-12-26T09:47:52.951751Z  INFO scan_sources: tailwindcss_oxide::scanner: exit
2025-12-26T09:47:52.951766Z  INFO extract_candidates: tailwindcss_oxide::scanner: enter
2025-12-26T09:47:52.951775Z  INFO extract_candidates:read_all_files: tailwindcss_oxide::scanner: enter
2025-12-26T09:47:52.951780Z  INFO extract_candidates:read_all_files: tailwindcss_oxide::scanner: Reading 54 file(s)
2025-12-26T09:47:52.952351Z  INFO tailwindcss_oxide::scanner: Reading "E:\\Hemant\\smartmeet\\src\\app\\login\\page.tsx"
2025-12-26T09:47:52.952369Z  INFO tailwindcss_oxide::scanner: Reading "E:\\Hemant\\smartmeet\\src\\actions\\auth.ts"
2025-12-26T09:47:52.952533Z  INFO tailwindcss_oxide::scanner: Reading "E:\\Hemant\\smartmeet\\src\\app\\page.tsx"
2025-12-26T09:47:52.952534Z  INFO tailwindcss_oxide::scanner: Reading "E:\\Hemant\\smartmeet\\src\\actions\\meeting.ts"
2025-12-26T09:47:52.952548Z  INFO tailwindcss_oxide::scanner: Reading "E:\\Hemant\\smartmeet\\src\\components\\ThemeProvider.tsx"
2025-12-26T09:47:52.952644Z  INFO tailwindcss_oxide::scanner: Reading "E:\\Hemant\\smartmeet\\src\\config\\extension.ts"
2025-12-26T09:47:52.952660Z  INFO tailwindcss_oxide::scanner: Reading "E:\\Hemant\\smartmeet\\src\\app\\api\\auth\\verify-email\\route.ts"
2025-12-26T09:47:52.952712Z  INFO tailwindcss_oxide::scanner: Reading "E:\\Hemant\\smartmeet\\src\\config\\marketing.ts"
2025-12-26T09:47:52.953042Z  INFO tailwindcss_oxide::scanner: Reading "E:\\Hemant\\smartmeet\\src\\components\\Button.tsx"
2025-12-26T09:47:52.953165Z  INFO tailwindcss_oxide::scanner: Reading "E:\\Hemant\\smartmeet\\src\\components\\CTA.tsx"
2025-12-26T09:47:52.953243Z  INFO tailwindcss_oxide::scanner: Reading "E:\\Hemant\\smartmeet\\src\\components\\dashboard\\Sidebar.tsx"
2025-12-26T09:47:52.953353Z  INFO tailwindcss_oxide::scanner: Reading "E:\\Hemant\\smartmeet\\src\\components\\FeatureCard.tsx"
2025-12-26T09:47:52.953432Z  INFO tailwindcss_oxide::scanner: Reading "E:\\Hemant\\smartmeet\\src\\components\\Features.tsx"
2025-12-26T09:47:52.953474Z  INFO tailwindcss_oxide::scanner: Reading "E:\\Hemant\\smartmeet\\src\\app\\api\\auth\\[...nextauth]\\route.ts"
2025-12-26T09:47:52.953511Z  INFO tailwindcss_oxide::scanner: Reading "E:\\Hemant\\smartmeet\\src\\components\\Footer.tsx"
2025-12-26T09:47:52.953561Z  INFO tailwindcss_oxide::scanner: Reading "E:\\Hemant\\smartmeet\\src\\app\\dashboard\\error.tsx"
2025-12-26T09:47:52.953593Z  INFO tailwindcss_oxide::scanner: Reading "E:\\Hemant\\smartmeet\\src\\components\\Hero.tsx"
2025-12-26T09:47:52.953642Z  INFO tailwindcss_oxide::scanner: Reading "E:\\Hemant\\smartmeet\\src\\app\\dashboard\\help\\page.tsx"
2025-12-26T09:47:52.953714Z  INFO tailwindcss_oxide::scanner: Reading "E:\\Hemant\\smartmeet\\src\\app\\dashboard\\integrations\\page.tsx"
2025-12-26T09:47:52.953827Z  INFO tailwindcss_oxide::scanner: Reading "E:\\Hemant\\smartmeet\\src\\components\\HowItWorks.tsx"
2025-12-26T09:47:52.954050Z  INFO tailwindcss_oxide::scanner: Reading "E:\\Hemant\\smartmeet\\src\\app\\dashboard\\layout.tsx"
2025-12-26T09:47:52.954098Z  INFO tailwindcss_oxide::scanner: Reading "E:\\Hemant\\smartmeet\\src\\components\\ModeToggle.tsx"
2025-12-26T09:47:52.954119Z  INFO tailwindcss_oxide::scanner: Reading "E:\\Hemant\\smartmeet\\eslint.config.mjs"
2025-12-26T09:47:52.954293Z  INFO tailwindcss_oxide::scanner: Reading "E:\\Hemant\\smartmeet\\src\\context\\AuthContext.tsx"
2025-12-26T09:47:52.954304Z  INFO tailwindcss_oxide::scanner: Reading "E:\\Hemant\\smartmeet\\src\\app\\dashboard\\page.tsx"
2025-12-26T09:47:52.954377Z  INFO tailwindcss_oxide::scanner: Reading "E:\\Hemant\\smartmeet\\src\\hooks\\useExtensionDetection.ts"
2025-12-26T09:47:52.954393Z  INFO tailwindcss_oxide::scanner: Reading "E:\\Hemant\\smartmeet\\src\\components\\Navbar.tsx"
2025-12-26T09:47:52.954404Z  INFO tailwindcss_oxide::scanner: Reading "E:\\Hemant\\smartmeet\\middleware.ts"
2025-12-26T09:47:52.954446Z  INFO tailwindcss_oxide::scanner: Reading "E:\\Hemant\\smartmeet\\src\\lib\\crypto.ts"
2025-12-26T09:47:52.954502Z  INFO tailwindcss_oxide::scanner: Reading "E:\\Hemant\\smartmeet\\src\\components\\Pricing.tsx"
2025-12-26T09:47:52.954543Z  INFO tailwindcss_oxide::scanner: Reading "E:\\Hemant\\smartmeet\\next.config.js"
2025-12-26T09:47:52.954564Z  INFO tailwindcss_oxide::scanner: Reading "E:\\Hemant\\smartmeet\\src\\lib\\env.ts"
2025-12-26T09:47:52.954588Z  INFO tailwindcss_oxide::scanner: Reading "E:\\Hemant\\smartmeet\\prisma\\dev.db-journal"
2025-12-26T09:47:52.954609Z  INFO tailwindcss_oxide::scanner: Reading "E:\\Hemant\\smartmeet\\next.config.ts"
2025-12-26T09:47:52.954618Z  INFO tailwindcss_oxide::scanner: Reading "E:\\Hemant\\smartmeet\\src\\lib\\mail.ts"
2025-12-26T09:47:52.954635Z  INFO tailwindcss_oxide::scanner: Reading "E:\\Hemant\\smartmeet\\src\\types\\next-auth.d.ts"
2025-12-26T09:47:52.954654Z  INFO tailwindcss_oxide::scanner: Reading "E:\\Hemant\\smartmeet\\src\\lib\\prisma.ts"
2025-12-26T09:47:52.954680Z  INFO tailwindcss_oxide::scanner: Reading "E:\\Hemant\\smartmeet\\prisma\\migrations\\20251223094941_init\\migration.sql"
2025-12-26T09:47:52.954680Z  INFO tailwindcss_oxide::scanner: Reading "E:\\Hemant\\smartmeet\\package.json"
2025-12-26T09:47:52.954706Z  INFO tailwindcss_oxide::scanner: Reading "E:\\Hemant\\smartmeet\\src\\services\\api.ts"
2025-12-26T09:47:52.954720Z  INFO tailwindcss_oxide::scanner: Reading "E:\\Hemant\\smartmeet\\src\\utils\\text.ts"
2025-12-26T09:47:52.954728Z  INFO tailwindcss_oxide::scanner: Reading "E:\\Hemant\\smartmeet\\postcss.config.mjs"
2025-12-26T09:47:52.954744Z  INFO tailwindcss_oxide::scanner: Reading "E:\\Hemant\\smartmeet\\prisma\\migrations\\20251226094245_add_verification_token\\migration.sql"
2025-12-26T09:47:52.954766Z  INFO tailwindcss_oxide::scanner: Reading "E:\\Hemant\\smartmeet\\prisma\\migrations\\20251226094348_add_user_roles\\migration.sql"
2025-12-26T09:47:52.954778Z  INFO tailwindcss_oxide::scanner: Reading "E:\\Hemant\\smartmeet\\prisma\\schema.prisma"
2025-12-26T09:47:52.954780Z  INFO tailwindcss_oxide::scanner: Reading "E:\\Hemant\\smartmeet\\tailwind.config.ts"
2025-12-26T09:47:52.954801Z  INFO tailwindcss_oxide::scanner: Reading "E:\\Hemant\\smartmeet\\README.md"
2025-12-26T09:47:52.954813Z  INFO tailwindcss_oxide::scanner: Reading "E:\\Hemant\\smartmeet\\tsconfig.json"
2025-12-26T09:47:52.954831Z  INFO tailwindcss_oxide::scanner: Reading "E:\\Hemant\\smartmeet\\prisma\\migrations\\migration_lock.toml"
2025-12-26T09:47:52.954853Z  INFO tailwindcss_oxide::scanner: Reading "E:\\Hemant\\smartmeet\\src\\app\\dashboard\\team\\page.tsx"
2025-12-26T09:47:52.954874Z  INFO tailwindcss_oxide::scanner: Reading "E:\\Hemant\\smartmeet\\src\\app\\dashboard\\recordings\\[id]\\page.tsx"
2025-12-26T09:47:52.954453Z  INFO tailwindcss_oxide::scanner: Reading "E:\\Hemant\\smartmeet\\src\\app\\dashboard\\recordings\\page.tsx"
2025-12-26T09:47:52.954891Z  INFO tailwindcss_oxide::scanner: Reading "E:\\Hemant\\smartmeet\\src\\app\\dashboard\\settings\\page.tsx"
2025-12-26T09:47:52.954949Z  INFO tailwindcss_oxide::scanner: Reading "E:\\Hemant\\smartmeet\\src\\app\\layout.tsx"
2025-12-26T09:47:52.955181Z  INFO extract_candidates:read_all_files: tailwindcss_oxide::scanner: exit
2025-12-26T09:47:52.955196Z  INFO extract_candidates:parse_all_blobs: tailwindcss_oxide::scanner: enter
2025-12-26T09:47:52.955201Z  INFO extract_candidates:parse_all_blobs:extract: tailwindcss_oxide::scanner: enter
2025-12-26T09:47:52.957312Z  INFO extract_candidates:parse_all_blobs:extract: tailwindcss_oxide::scanner: exit
2025-12-26T09:47:52.957347Z  INFO extract_candidates:parse_all_blobs: tailwindcss_oxide::scanner: exit
2025-12-26T09:47:52.957355Z  INFO extract_candidates:read_all_files: tailwindcss_oxide::scanner: enter
2025-12-26T09:47:52.957359Z  INFO extract_candidates:read_all_files: tailwindcss_oxide::scanner: Reading 1 file(s)
2025-12-26T09:47:52.957484Z  INFO extract_candidates:read_all_files: tailwindcss_oxide::scanner: Reading "E:\\Hemant\\smartmeet\\src\\app\\globals.css"
2025-12-26T09:47:52.957502Z  INFO extract_candidates:read_all_files: tailwindcss_oxide::scanner: exit
2025-12-26T09:47:52.957512Z  INFO extract_candidates:extract_css_variables: tailwindcss_oxide::scanner: enter
2025-12-26T09:47:52.957518Z  INFO extract_candidates:extract_css_variables:extract: tailwindcss_oxide::scanner: enter
2025-12-26T09:47:52.957608Z  INFO extract_candidates:extract_css_variables:extract: tailwindcss_oxide::scanner: exit
2025-12-26T09:47:52.957619Z  INFO extract_candidates:extract_css_variables: tailwindcss_oxide::scanner: exit
2025-12-26T09:47:52.958010Z  INFO extract_candidates: tailwindcss_oxide::scanner: exit
2025-12-26T09:47:52.958937Z  INFO get_files: tailwindcss_oxide::scanner: enter
2025-12-26T09:47:52.958948Z  INFO get_files:scan_sources: tailwindcss_oxide::scanner: enter
2025-12-26T09:47:52.960613Z  INFO get_files:scan_sources: tailwindcss_oxide::scanner: Discovering "E:\\Hemant\\smartmeet\\prisma"
2025-12-26T09:47:52.960817Z  INFO get_files:scan_sources: tailwindcss_oxide::scanner: Discovering "E:\\Hemant\\smartmeet\\prisma\\migrations"
2025-12-26T09:47:52.960975Z  INFO get_files:scan_sources: tailwindcss_oxide::scanner: Discovering "E:\\Hemant\\smartmeet\\prisma\\migrations\\20251223094941_init"
2025-12-26T09:47:52.961194Z  INFO get_files:scan_sources: tailwindcss_oxide::scanner: Discovering "E:\\Hemant\\smartmeet\\prisma\\migrations\\20251226094245_add_verification_token"
2025-12-26T09:47:52.961407Z  INFO get_files:scan_sources: tailwindcss_oxide::scanner: Discovering "E:\\Hemant\\smartmeet\\prisma\\migrations\\20251226094348_add_user_roles"
2025-12-26T09:47:52.961728Z  INFO get_files:scan_sources: tailwindcss_oxide::scanner: Discovering "E:\\Hemant\\smartmeet\\public"
2025-12-26T09:47:52.961956Z  INFO get_files:scan_sources: tailwindcss_oxide::scanner: Discovering "E:\\Hemant\\smartmeet\\src"
2025-12-26T09:47:52.962157Z  INFO get_files:scan_sources: tailwindcss_oxide::scanner: Discovering "E:\\Hemant\\smartmeet\\src\\actions"
2025-12-26T09:47:52.962577Z  INFO get_files:scan_sources: tailwindcss_oxide::scanner: Discovering "E:\\Hemant\\smartmeet\\src\\app"
2025-12-26T09:47:52.962783Z  INFO get_files:scan_sources: tailwindcss_oxide::scanner: Discovering "E:\\Hemant\\smartmeet\\src\\app\\api"
2025-12-26T09:47:52.963057Z  INFO get_files:scan_sources: tailwindcss_oxide::scanner: Discovering "E:\\Hemant\\smartmeet\\src\\app\\api\\auth"
2025-12-26T09:47:52.963237Z  INFO get_files:scan_sources: tailwindcss_oxide::scanner: Discovering "E:\\Hemant\\smartmeet\\src\\app\\api\\auth\\verify-email"
2025-12-26T09:47:52.963471Z  INFO get_files:scan_sources: tailwindcss_oxide::scanner: Discovering "E:\\Hemant\\smartmeet\\src\\app\\api\\auth\\[...nextauth]"
2025-12-26T09:47:52.963710Z  INFO get_files:scan_sources: tailwindcss_oxide::scanner: Discovering "E:\\Hemant\\smartmeet\\src\\app\\dashboard"
2025-12-26T09:47:52.963917Z  INFO get_files:scan_sources: tailwindcss_oxide::scanner: Discovering "E:\\Hemant\\smartmeet\\src\\app\\dashboard\\help"
2025-12-26T09:47:52.964127Z  INFO get_files:scan_sources: tailwindcss_oxide::scanner: Discovering "E:\\Hemant\\smartmeet\\src\\app\\dashboard\\integrations"
2025-12-26T09:47:52.964392Z  INFO get_files:scan_sources: tailwindcss_oxide::scanner: Discovering "E:\\Hemant\\smartmeet\\src\\app\\dashboard\\recordings"
2025-12-26T09:47:52.964589Z  INFO get_files:scan_sources: tailwindcss_oxide::scanner: Discovering "E:\\Hemant\\smartmeet\\src\\app\\dashboard\\recordings\\[id]"
2025-12-26T09:47:52.964803Z  INFO get_files:scan_sources: tailwindcss_oxide::scanner: Discovering "E:\\Hemant\\smartmeet\\src\\app\\dashboard\\settings"
2025-12-26T09:47:52.965001Z  INFO get_files:scan_sources: tailwindcss_oxide::scanner: Discovering "E:\\Hemant\\smartmeet\\src\\app\\dashboard\\team"
2025-12-26T09:47:52.965280Z  INFO get_files:scan_sources: tailwindcss_oxide::scanner: Discovering "E:\\Hemant\\smartmeet\\src\\app\\login"
2025-12-26T09:47:52.965527Z  INFO get_files:scan_sources: tailwindcss_oxide::scanner: Discovering "E:\\Hemant\\smartmeet\\src\\components"
2025-12-26T09:47:52.965743Z  INFO get_files:scan_sources: tailwindcss_oxide::scanner: Discovering "E:\\Hemant\\smartmeet\\src\\components\\dashboard"
2025-12-26T09:47:52.966232Z  INFO get_files:scan_sources: tailwindcss_oxide::scanner: Discovering "E:\\Hemant\\smartmeet\\src\\config"
2025-12-26T09:47:52.966462Z  INFO get_files:scan_sources: tailwindcss_oxide::scanner: Discovering "E:\\Hemant\\smartmeet\\src\\context"
2025-12-26T09:47:52.966666Z  INFO get_files:scan_sources: tailwindcss_oxide::scanner: Discovering "E:\\Hemant\\smartmeet\\src\\data"
2025-12-26T09:47:52.966827Z  INFO get_files:scan_sources: tailwindcss_oxide::scanner: Discovering "E:\\Hemant\\smartmeet\\src\\hooks"
2025-12-26T09:47:52.967026Z  INFO get_files:scan_sources: tailwindcss_oxide::scanner: Discovering "E:\\Hemant\\smartmeet\\src\\lib"
2025-12-26T09:47:52.967310Z  INFO get_files:scan_sources: tailwindcss_oxide::scanner: Discovering "E:\\Hemant\\smartmeet\\src\\services"
2025-12-26T09:47:52.967506Z  INFO get_files:scan_sources: tailwindcss_oxide::scanner: Discovering "E:\\Hemant\\smartmeet\\src\\types"
2025-12-26T09:47:52.967703Z  INFO get_files:scan_sources: tailwindcss_oxide::scanner: Discovering "E:\\Hemant\\smartmeet\\src\\utils"
2025-12-26T09:47:52.968100Z  INFO get_files:scan_sources: tailwindcss_oxide::scanner: exit
2025-12-26T09:47:52.968281Z  INFO get_files: tailwindcss_oxide::scanner: exit
2025-12-26T09:47:52.968619Z  INFO get_globs: tailwindcss_oxide::scanner: enter
2025-12-26T09:47:52.968628Z  INFO get_globs:scan_sources: tailwindcss_oxide::scanner: enter
2025-12-26T09:47:52.971488Z  INFO get_globs:scan_sources: tailwindcss_oxide::scanner: Discovering "E:\\Hemant\\smartmeet\\prisma"
2025-12-26T09:47:52.971791Z  INFO get_globs:scan_sources: tailwindcss_oxide::scanner: Discovering "E:\\Hemant\\smartmeet\\prisma\\migrations"
2025-12-26T09:47:52.971964Z  INFO get_globs:scan_sources: tailwindcss_oxide::scanner: Discovering "E:\\Hemant\\smartmeet\\prisma\\migrations\\20251223094941_init"
2025-12-26T09:47:52.972223Z  INFO get_globs:scan_sources: tailwindcss_oxide::scanner: Discovering "E:\\Hemant\\smartmeet\\prisma\\migrations\\20251226094245_add_verification_token"
2025-12-26T09:47:52.972446Z  INFO get_globs:scan_sources: tailwindcss_oxide::scanner: Discovering "E:\\Hemant\\smartmeet\\prisma\\migrations\\20251226094348_add_user_roles"
2025-12-26T09:47:52.972805Z  INFO get_globs:scan_sources: tailwindcss_oxide::scanner: Discovering "E:\\Hemant\\smartmeet\\public"
2025-12-26T09:47:52.973037Z  INFO get_globs:scan_sources: tailwindcss_oxide::scanner: Discovering "E:\\Hemant\\smartmeet\\src"
2025-12-26T09:47:52.973208Z  INFO get_globs:scan_sources: tailwindcss_oxide::scanner: Discovering "E:\\Hemant\\smartmeet\\src\\actions"
2025-12-26T09:47:52.973463Z  INFO get_globs:scan_sources: tailwindcss_oxide::scanner: Discovering "E:\\Hemant\\smartmeet\\src\\app"
2025-12-26T09:47:52.973628Z  INFO get_globs:scan_sources: tailwindcss_oxide::scanner: Discovering "E:\\Hemant\\smartmeet\\src\\app\\api"
2025-12-26T09:47:52.973854Z  INFO get_globs:scan_sources: tailwindcss_oxide::scanner: Discovering "E:\\Hemant\\smartmeet\\src\\app\\api\\auth"
2025-12-26T09:47:52.974032Z  INFO get_globs:scan_sources: tailwindcss_oxide::scanner: Discovering "E:\\Hemant\\smartmeet\\src\\app\\api\\auth\\verify-email"
2025-12-26T09:47:52.974280Z  INFO get_globs:scan_sources: tailwindcss_oxide::scanner: Discovering "E:\\Hemant\\smartmeet\\src\\app\\api\\auth\\[...nextauth]"
2025-12-26T09:47:52.974584Z  INFO get_globs:scan_sources: tailwindcss_oxide::scanner: Discovering "E:\\Hemant\\smartmeet\\src\\app\\dashboard"
2025-12-26T09:47:52.974796Z  INFO get_globs:scan_sources: tailwindcss_oxide::scanner: Discovering "E:\\Hemant\\smartmeet\\src\\app\\dashboard\\help"
2025-12-26T09:47:52.975011Z  INFO get_globs:scan_sources: tailwindcss_oxide::scanner: Discovering "E:\\Hemant\\smartmeet\\src\\app\\dashboard\\integrations"
2025-12-26T09:47:52.975312Z  INFO get_globs:scan_sources: tailwindcss_oxide::scanner: Discovering "E:\\Hemant\\smartmeet\\src\\app\\dashboard\\recordings"
2025-12-26T09:47:52.975523Z  INFO get_globs:scan_sources: tailwindcss_oxide::scanner: Discovering "E:\\Hemant\\smartmeet\\src\\app\\dashboard\\recordings\\[id]"
2025-12-26T09:47:52.975778Z  INFO get_globs:scan_sources: tailwindcss_oxide::scanner: Discovering "E:\\Hemant\\smartmeet\\src\\app\\dashboard\\settings"
2025-12-26T09:47:52.976002Z  INFO get_globs:scan_sources: tailwindcss_oxide::scanner: Discovering "E:\\Hemant\\smartmeet\\src\\app\\dashboard\\team"
2025-12-26T09:47:52.976298Z  INFO get_globs:scan_sources: tailwindcss_oxide::scanner: Discovering "E:\\Hemant\\smartmeet\\src\\app\\login"
2025-12-26T09:47:52.976564Z  INFO get_globs:scan_sources: tailwindcss_oxide::scanner: Discovering "E:\\Hemant\\smartmeet\\src\\components"
2025-12-26T09:47:52.976821Z  INFO get_globs:scan_sources: tailwindcss_oxide::scanner: Discovering "E:\\Hemant\\smartmeet\\src\\components\\dashboard"
2025-12-26T09:47:52.977376Z  INFO get_globs:scan_sources: tailwindcss_oxide::scanner: Discovering "E:\\Hemant\\smartmeet\\src\\config"
2025-12-26T09:47:52.977613Z  INFO get_globs:scan_sources: tailwindcss_oxide::scanner: Discovering "E:\\Hemant\\smartmeet\\src\\context"
2025-12-26T09:47:52.977816Z  INFO get_globs:scan_sources: tailwindcss_oxide::scanner: Discovering "E:\\Hemant\\smartmeet\\src\\data"
2025-12-26T09:47:52.977981Z  INFO get_globs:scan_sources: tailwindcss_oxide::scanner: Discovering "E:\\Hemant\\smartmeet\\src\\hooks"
2025-12-26T09:47:52.978194Z  INFO get_globs:scan_sources: tailwindcss_oxide::scanner: Discovering "E:\\Hemant\\smartmeet\\src\\lib"
2025-12-26T09:47:52.978537Z  INFO get_globs:scan_sources: tailwindcss_oxide::scanner: Discovering "E:\\Hemant\\smartmeet\\src\\services"
2025-12-26T09:47:52.978740Z  INFO get_globs:scan_sources: tailwindcss_oxide::scanner: Discovering "E:\\Hemant\\smartmeet\\src\\types"
2025-12-26T09:47:52.978944Z  INFO get_globs:scan_sources: tailwindcss_oxide::scanner: Discovering "E:\\Hemant\\smartmeet\\src\\utils"
2025-12-26T09:47:52.979233Z  INFO get_globs:scan_sources: tailwindcss_oxide::scanner: exit
2025-12-26T09:47:52.985112Z  INFO get_globs: tailwindcss_oxide::scanner: exit
